#
# A fatal error has been detected by the Java Runtime Environment:
#
#  EXCEPTION_ACCESS_VIOLATION (0xc0000005) at pc=0x000001f52f971050, pid=15280, tid=10136
#
# JRE version: OpenJDK Runtime Environment Temurin-21.0.4+7 (21.0.4+7) (build 21.0.4+7-LTS)
# Java VM: OpenJDK 64-Bit Server VM Temurin-21.0.4+7 (21.0.4+7-LTS, mixed mode, emulated-client, tiered, compressed oops, compressed class ptrs, g1 gc, windows-amd64)
# Problematic frame:
# v  ~BufferBlob::MethodHandles adapters 0x000001f52f971050
#
# No core dump will be written. Minidumps are not enabled by default on client versions of Windows
#
# If you would like to submit a bug report, please visit:
#   https://github.com/adoptium/adoptium-support/issues
#

---------------  S U M M A R Y ------------

Command Line: -XX:+ShowCodeDetailsInExceptionMessages -agentlib:jdwp=transport=dt_socket,suspend=y,address=localhost:56769 -Dcom.sun.management.jmxremote -Dcom.sun.management.jmxremote.port=56768 -Dcom.sun.management.jmxremote.authenticate=false -Dcom.sun.management.jmxremote.ssl=false -Djava.rmi.server.hostname=localhost -Dspring.jmx.enabled=true -Dmanagement.endpoints.jmx.exposure.include=* -Dspring.application.admin.enabled=true -XX:TieredStopAtLevel=1 -Dspring.boot.project.name=SPA-Board -javaagent:C:\Users\localhost29302\Downloads\spring-tool-suite-4-4.25.0.RELEASE-e4.33.0-win32.win32.x86_64\sts-4.25.0.RELEASE\configuration\org.eclipse.osgi\270\0\.cp\lib\javaagent-shaded.jar -Dfile.encoding=UTF-8 -Dstdout.encoding=UTF-8 -Dstderr.encoding=UTF-8 com.jihee.kr.SpaBoardApplication --spring.output.ansi.enabled=always

Host: AMD Ryzen 7 5700U with Radeon Graphics         , 16 cores, 13G,  Windows 10 , 64 bit Build 19041 (10.0.19041.3636)
Time: Mon Oct 14 11:21:04 2024  Windows 10 , 64 bit Build 19041 (10.0.19041.3636) elapsed time: 10.656963 seconds (0d 0h 0m 10s)

---------------  T H R E A D  ---------------

Current thread (0x000001f53fbe5380):  JavaThread "restartedMain"        [_thread_in_Java, id=10136, stack(0x000000e3ba000000,0x000000e3ba100000) (1024K)]

Stack: [0x000000e3ba000000,0x000000e3ba100000],  sp=0x000000e3ba0fcd58,  free space=1011k
Native frames: (J=compiled Java code, j=interpreted, Vv=VM code, C=native code)
C  0x000001f52f971050

The last pc belongs to _linkToSpecial (printed below).

siginfo: EXCEPTION_ACCESS_VIOLATION (0xc0000005), reading address 0xffffffffffffffff


Registers:
RAX=0x000001f52f949086, RBX=0xe452d35300000000, RCX=0x000000e3ba0fcd60, RDX=0x0000000000000002
RSP=0x000000e3ba0fcd58, RBP=0x000000e3ba0fcda8, RSI=0x000001f54047c7f8, RDI=0x000001f540d1c290
R8 =0x0000000000000004, R9 =0x0000000000000004, R10=0x00007ffa70b97040, R11=0x000001f53b3f48d8
R12=0x0000000000000000, R13=0x000000e3ba0fcd58, R14=0x000000e3ba0fcdc8, R15=0x000001f53fbe5380
RIP=0x000001f52f971050, EFLAGS=0x0000000000010202


Register to memory mapping:

RAX=0x000001f52f949086 is at code_begin+3078 in an Interpreter codelet
return entry points  [0x000001f52f948480, 0x000001f52f94a298]  7704 bytes
RBX=0xe452d35300000000 is an unknown value
RCX=0x000000e3ba0fcd60 is pointing into the stack for thread: 0x000001f53fbe5380
RDX=0x0000000000000002 is an unknown value
RSP=0x000000e3ba0fcd58 is pointing into the stack for thread: 0x000001f53fbe5380
RBP=0x000000e3ba0fcda8 is pointing into the stack for thread: 0x000001f53fbe5380
RSI=0x000001f54047c7f8 points into unknown readable memory: 0x880018033fd1d60b | 0b d6 d1 3f 03 18 00 88
RDI=0x000001f540d1c290 points into unknown readable memory: 0x0000001800000070 | 70 00 00 00 18 00 00 00
R8 =0x0000000000000004 is an unknown value
R9 =0x0000000000000004 is an unknown value
R10=0x00007ffa70b97040 jvm.dll
R11={method} {0x000001f53b3f48e0} 'newInvokeSpecial' '(Ljava/lang/Object;)Ljava/lang/Object;' in 'java/lang/invoke/DirectMethodHandle$Holder'
R12=0x0 is null
R13=0x000000e3ba0fcd58 is pointing into the stack for thread: 0x000001f53fbe5380
R14=0x000000e3ba0fcdc8 is pointing into the stack for thread: 0x000001f53fbe5380
R15=0x000001f53fbe5380 is a thread

Top of Stack: (sp=0x000000e3ba0fcd58)
0x000000e3ba0fcd58:   000001f52f949086 000000e3ba0fcd60
0x000000e3ba0fcd68:   000001f53b3f48c7 0000000000000004
0x000000e3ba0fcd78:   000001f53b3f86a0 000000072800e0f8
0x000000e3ba0fcd88:   0000000722509ea0 000001f53b3f48d8
0x000000e3ba0fcd98:   000000e3ba0fcd58 000000e3ba0fcdd0
0x000000e3ba0fcda8:   000000e3ba0fd140 000001f52fd721cb
0x000000e3ba0fcdb8:   00000007229699a0 0000000722969a48
0x000000e3ba0fcdc8:   0000000722969a00 0000000722969760
0x000000e3ba0fcdd8:   000001f53fbe5380 000000e3ba0fd140
0x000000e3ba0fcde8:   000001f5303ef78c 000001f53fb57138
0x000000e3ba0fcdf8:   000001f53fb79e00 000001f53fbb9188
0x000000e3ba0fce08:   00007ffa706f0179 000001f53f6dbff0
0x000000e3ba0fce18:   00007ffa7073a7e8 00000226d792c1a2
0x000000e3ba0fce28:   000000e3ba010188 000001f53fbe5380
0x000000e3ba0fce38:   000000e3ba0fb9a8 000000e3ba0fbaf0
0x000000e3ba0fce48:   0000000722509248 000000072800e0f8
0x000000e3ba0fce58:   0000000722969628 0000000722969628
0x000000e3ba0fce68:   0000000722969760 0000000722969a30
0x000000e3ba0fce78:   00000007229697b8 000000072800e0f8
0x000000e3ba0fce88:   0000000000000001 000000e3ba0fd140
0x000000e3ba0fce98:   000001f500000000 0000000000000000
0x000000e3ba0fcea8:   0000000000000000 0000000722969a00
0x000000e3ba0fceb8:   000001f52fd70e5c 0000000000000000
0x000000e3ba0fcec8:   0000000000000000 0000000000000000
0x000000e3ba0fced8:   000001f53c0eb000 000001f53fbe5380
0x000000e3ba0fcee8:   0000000000000000 0000000722969760
0x000000e3ba0fcef8:   0000000000000000 0000000722969628
0x000000e3ba0fcf08:   0000000722969a30 0000000722969760
0x000000e3ba0fcf18:   0000000000000000 0000000722969700
0x000000e3ba0fcf28:   000001f52fd716ec 000000e3ba0fd140
0x000000e3ba0fcf38:   000001f52fcdff4a 0000000000000000
0x000000e3ba0fcf48:   000001f52fc35389 000001f53fbe5380 

Instructions: (pc=0x000001f52f971050)
0x000001f52f970f50:   bf e0 05 00 00 00 74 03 ff 63 38 ff 63 50 e9 9d
0x000001f52f970f60:   16 00 00 66 66 66 0f 1f 84 00 00 00 00 00 66 0f
0x000001f52f970f70:   1f 84 00 00 00 00 00 66 0f 1f 84 00 00 00 00 00
0x000001f52f970f80:   48 8b 53 08 0f b7 52 2e 48 8b 0c d4 58 5b 50 44
0x000001f52f970f90:   8b 51 08 49 bb 00 00 00 00 08 00 00 00 4d 03 d3
0x000001f52f970fa0:   4c 8b 5b 10 4b 8b 9c da c8 01 00 00 48 85 db 0f
0x000001f52f970fb0:   84 10 00 00 00 41 80 bf e0 05 00 00 00 74 03 ff
0x000001f52f970fc0:   63 38 ff 63 50 e9 36 16 00 00 66 66 66 0f 1f 84
0x000001f52f970fd0:   00 00 00 00 00 66 66 66 0f 1f 84 00 00 00 00 00
0x000001f52f970fe0:   58 5b 50 8b 5b 24 48 c1 e3 03 48 8b 5b 10 48 85
0x000001f52f970ff0:   db 0f 84 10 00 00 00 41 80 bf e0 05 00 00 00 74
0x000001f52f971000:   03 ff 63 38 ff 63 50 e9 f4 15 00 00 66 66 0f 1f
0x000001f52f971010:   84 00 00 00 00 00 66 66 0f 1f 84 00 00 00 00 00
0x000001f52f971020:   48 8b 53 08 0f b7 52 2e 48 8b 0c d4 58 5b 50 48
0x000001f52f971030:   3b 01 8b 5b 24 48 c1 e3 03 48 8b 5b 10 48 85 db
0x000001f52f971040:   0f 84 10 00 00 00 41 80 bf e0 05 00 00 00 74 03
0x000001f52f971050:   ff 63 38 ff 63 50 e9 a5 15 00 00 0f 1f 44 00 00
0x000001f52f971060:   48 8b 53 08 0f b7 52 2e 48 8b 0c d4 58 5b 50 44
0x000001f52f971070:   8b 51 08 49 bb 00 00 00 00 08 00 00 00 4d 03 d3
0x000001f52f971080:   8b 43 18 48 c1 e0 03 48 8b 40 10 48 8b 5b 10 45
0x000001f52f971090:   8b 9a a0 00 00 00 4f 8d 9c da c8 01 00 00 4d 8d
0x000001f52f9710a0:   14 da 49 8b 1b 48 3b c3 74 15 48 85 db 0f 84 32
0x000001f52f9710b0:   00 00 00 49 83 c3 10 49 8b 1b 48 3b c3 75 eb 45
0x000001f52f9710c0:   8b 5b 08 4b 8b 1c 1a 48 85 db 0f 84 10 00 00 00
0x000001f52f9710d0:   41 80 bf e0 05 00 00 00 74 03 ff 63 38 ff 63 50
0x000001f52f9710e0:   e9 1b 15 00 00 e9 16 12 00 00 f4 00 00 00 00 00
0x000001f52f9710f0:   00 00 00 00 00 00 00 00 00 00 00 00 00 00 00 00
0x000001f52f971100:   00 00 00 00 00 00 00 00 00 00 00 00 00 00 00 00
0x000001f52f971110:   00 00 00 00 00 00 00 00 00 00 00 00 00 00 00 00
0x000001f52f971120:   00 00 00 00 00 00 00 00 00 00 00 00 00 00 00 00
0x000001f52f971130:   00 00 00 00 00 00 00 00 00 00 00 00 00 00 00 00
0x000001f52f971140:   00 00 00 00 00 00 00 00 00 00 00 00 00 00 00 00 


Stack slot to memory mapping:

stack at sp + 0 slots: 0x000001f52f949086 is at code_begin+3078 in an Interpreter codelet
return entry points  [0x000001f52f948480, 0x000001f52f94a298]  7704 bytes
stack at sp + 1 slots: 0x000000e3ba0fcd60 is pointing into the stack for thread: 0x000001f53fbe5380
stack at sp + 2 slots: 0x000001f53b3f48c7 is pointing into metadata
stack at sp + 3 slots: 0x0000000000000004 is an unknown value
stack at sp + 4 slots: 0x000001f53b3f86a0 is pointing into metadata
stack at sp + 5 slots: 0x000000072800e0f8 is an oop: java.lang.Class 
{0x000000072800e0f8} - klass: 'java/lang/Class'
 - ---- fields (total size 14 words):
 - private volatile transient 'classRedefinedCount' 'I' @12  1 (0x00000001)
 - injected 'klass' 'J' @16  34363834936 (0x00000008003e8238)
 - injected 'array_klass' 'J' @24  0 (0x0000000000000000)
 - injected 'oop_size' 'I' @32  14 (0x0000000e)
 - injected 'static_oop_field_count' 'I' @36  0 (0x00000000)
 - private volatile transient 'cachedConstructor' 'Ljava/lang/reflect/Constructor;' @40  null (0x00000000)
 - private transient 'name' 'Ljava/lang/String;' @44  "com.jihee.board.config.SecurityUserDetailsService"{0x000000072801d438} (0xe5003a87)
 - private transient 'module' 'Ljava/lang/Module;' @48  a 'java/lang/Module'{0x0000000722a01ce0} (0xe454039c)
 - private final 'classLoader' 'Ljava/lang/ClassLoader;' @52  a 'org/springframework/boot/devtools/restart/classloader/RestartClassLoader'{0x0000000722a01190} (0xe4540232)
 - private transient 'classData' 'Ljava/lang/Object;' @56  null (0x00000000)
 - private transient 'packageName' 'Ljava/lang/String;' @60  "com.jihee.board.config"{0x0000000728007da0} (0xe5000fb4)
 - private final 'componentType' 'Ljava/lang/Class;' @64  null (0x00000000)
 - private volatile transient 'reflectionData' 'Ljava/lang/ref/SoftReference;' @68  a 'java/lang/ref/SoftReference'{0x0000000723854200} (0xe470a840)
 - private volatile transient 'genericInfo' 'Lsun/reflect/generics/repository/ClassRepository;' @72  null (0x00000000)
 - private volatile transient 'enumConstants' '[Ljava/lang/Object;' @76  null (0x00000000)
 - private volatile transient 'enumConstantDirectory' 'Ljava/util/Map;' @80  null (0x00000000)
 - private volatile transient 'annotationData' 'Ljava/lang/Class$AnnotationData;' @84  a 'java/lang/Class$AnnotationData'{0x00000007238547b0} (0xe470a8f6)
 - private volatile transient 'annotationType' 'Lsun/reflect/annotation/AnnotationType;' @88  null (0x00000000)
 - transient 'classValueMap' 'Ljava/lang/ClassValue$ClassValueMap;' @92  null (0x00000000)
 - injected 'protection_domain' 'Ljava/lang/Object;' @96  a 'java/security/ProtectionDomain'{0x0000000722a81f88} (0xe45503f1)
 - injected 'signers_name' 'Ljava/lang/Object;' @100  null (0x00000000)
 - injected 'source_file' 'Ljava/lang/Object;' @104  null (0x00000000)
 - signature: Lcom/jihee/board/config/SecurityUserDetailsService;
 - ---- static fields (0):
stack at sp + 6 slots: 0x0000000722509ea0 is an oop: java.lang.Class 
{0x0000000722509ea0} - klass: 'java/lang/Class'
 - ---- fields (total size 14 words):
 - private volatile transient 'classRedefinedCount' 'I' @12  0 (0x00000000)
 - injected 'klass' 'J' @16  34359952984 (0x0000000800034658)
 - injected 'array_klass' 'J' @24  0 (0x0000000000000000)
 - injected 'oop_size' 'I' @32  14 (0x0000000e)
 - injected 'static_oop_field_count' 'I' @36  0 (0x00000000)
 - private volatile transient 'cachedConstructor' 'Ljava/lang/reflect/Constructor;' @40  null (0x00000000)
 - private transient 'name' 'Ljava/lang/String;' @44  null (0x00000000)
 - private transient 'module' 'Ljava/lang/Module;' @48  a 'java/lang/Module'{0x00000007224dcf28} (0xe449b9e5)
 - private final 'classLoader' 'Ljava/lang/ClassLoader;' @52  null (0x00000000)
 - private transient 'classData' 'Ljava/lang/Object;' @56  null (0x00000000)
 - private transient 'packageName' 'Ljava/lang/String;' @60  null (0x00000000)
 - private final 'componentType' 'Ljava/lang/Class;' @64  null (0x00000000)
 - private volatile transient 'reflectionData' 'Ljava/lang/ref/SoftReference;' @68  null (0x00000000)
 - private volatile transient 'genericInfo' 'Lsun/reflect/generics/repository/ClassRepository;' @72  null (0x00000000)
 - private volatile transient 'enumConstants' '[Ljava/lang/Object;' @76  null (0x00000000)
 - private volatile transient 'enumConstantDirectory' 'Ljava/util/Map;' @80  null (0x00000000)
 - private volatile transient 'annotationData' 'Ljava/lang/Class$AnnotationData;' @84  null (0x00000000)
 - private volatile transient 'annotationType' 'Lsun/reflect/annotation/AnnotationType;' @88  null (0x00000000)
 - transient 'classValueMap' 'Ljava/lang/ClassValue$ClassValueMap;' @92  null (0x00000000)
 - injected 'protection_domain' 'Ljava/lang/Object;' @96  null (0x00000000)
 - injected 'signers_name' 'Ljava/lang/Object;' @100  null (0x00000000)
 - injected 'source_file' 'Ljava/lang/Object;' @104  null (0x00000000)
 - signature: Ljava/lang/invoke/DirectMethodHandle$Holder;
 - ---- static fields (0):
stack at sp + 7 slots: {method} {0x000001f53b3f48e0} 'newInvokeSpecial' '(Ljava/lang/Object;)Ljava/lang/Object;' in 'java/lang/invoke/DirectMethodHandle$Holder'

MethodHandle::interpreter_entry::_linkToSpecial [0x000001f52f97100c, 0x000001f52f97105b] (79 bytes)
[MachCode]
  0x000001f52f97100c: 6666 0f1f | 8400 0000 | 0000 6666 | 0f1f 8400 | 0000 0000 | 488b 5308 | 0fb7 522e | 488b 0cd4 
  0x000001f52f97102c: 585b 5048 | 3b01 8b5b | 2448 c1e3 | 0348 8b5b | 1048 85db | 0f84 1000 | 0000 4180 | bfe0 0500 
  0x000001f52f97104c: 0000 7403 | ff63 38ff | 6350 e9a5 | 
[/MachCode]

---------------  P R O C E S S  ---------------

Threads class SMR info:
_java_thread_list=0x000001f53f429c00, length=22, elements={
0x000001f52be3f4a0, 0x000001f53a5d7100, 0x000001f53a6458f0, 0x000001f53a652180,
0x000001f53a624850, 0x000001f53a6500e0, 0x000001f53a6252b0, 0x000001f53a625d10,
0x000001f53a5123e0, 0x000001f53a89a8a0, 0x000001f53a89f050, 0x000001f53a8a36e0,
0x000001f53f432620, 0x000001f53f6c64a0, 0x000001f53f6e6960, 0x000001f53f702fa0,
0x000001f53fc06610, 0x000001f53fbe5380, 0x000001f53fbde6e0, 0x000001f53fdc2650,
0x000001f53fdc5800, 0x000001f53fdc6520
}

Java Threads: ( => current thread )
  0x000001f52be3f4a0 JavaThread "main"                              [_thread_blocked, id=7348, stack(0x000000e3b7900000,0x000000e3b7a00000) (1024K)]
  0x000001f53a5d7100 JavaThread "Reference Handler"          daemon [_thread_blocked, id=5068, stack(0x000000e3b8100000,0x000000e3b8200000) (1024K)]
  0x000001f53a6458f0 JavaThread "Finalizer"                  daemon [_thread_blocked, id=2736, stack(0x000000e3b8200000,0x000000e3b8300000) (1024K)]
  0x000001f53a652180 JavaThread "Signal Dispatcher"          daemon [_thread_blocked, id=14100, stack(0x000000e3b8300000,0x000000e3b8400000) (1024K)]
  0x000001f53a624850 JavaThread "Attach Listener"            daemon [_thread_blocked, id=14704, stack(0x000000e3b8400000,0x000000e3b8500000) (1024K)]
  0x000001f53a6500e0 JavaThread "Service Thread"             daemon [_thread_blocked, id=13112, stack(0x000000e3b8500000,0x000000e3b8600000) (1024K)]
  0x000001f53a6252b0 JavaThread "Monitor Deflation Thread"   daemon [_thread_blocked, id=11648, stack(0x000000e3b8600000,0x000000e3b8700000) (1024K)]
  0x000001f53a625d10 JavaThread "C1 CompilerThread0"         daemon [_thread_blocked, id=8920, stack(0x000000e3b8700000,0x000000e3b8800000) (1024K)]
  0x000001f53a5123e0 JavaThread "Common-Cleaner"             daemon [_thread_blocked, id=11160, stack(0x000000e3b8900000,0x000000e3b8a00000) (1024K)]
  0x000001f53a89a8a0 JavaThread "JDWP Transport Listener: dt_socket" daemon [_thread_blocked, id=14328, stack(0x000000e3b8a00000,0x000000e3b8b00000) (1024K)]
  0x000001f53a89f050 JavaThread "JDWP Event Helper Thread"   daemon [_thread_blocked, id=9076, stack(0x000000e3b8b00000,0x000000e3b8c00000) (1024K)]
  0x000001f53a8a36e0 JavaThread "JDWP Command Reader"        daemon [_thread_in_native, id=15216, stack(0x000000e3b8c00000,0x000000e3b8d00000) (1024K)]
  0x000001f53f432620 JavaThread "Notification Thread"        daemon [_thread_blocked, id=4396, stack(0x000000e3b8e00000,0x000000e3b8f00000) (1024K)]
  0x000001f53f6c64a0 JavaThread "RMI TCP Accept-0"           daemon [_thread_in_native, id=4908, stack(0x000000e3b9800000,0x000000e3b9900000) (1024K)]
  0x000001f53f6e6960 JavaThread "RMI TCP Accept-56768"       daemon [_thread_in_native, id=15220, stack(0x000000e3b9900000,0x000000e3b9a00000) (1024K)]
  0x000001f53f702fa0 JavaThread "RMI TCP Accept-0"           daemon [_thread_in_native, id=4840, stack(0x000000e3b9a00000,0x000000e3b9b00000) (1024K)]
  0x000001f53fc06610 JavaThread "Thread-0"                          [_thread_blocked, id=4028, stack(0x000000e3b9f00000,0x000000e3ba000000) (1024K)]
=>0x000001f53fbe5380 JavaThread "restartedMain"                     [_thread_in_Java, id=10136, stack(0x000000e3ba000000,0x000000e3ba100000) (1024K)]
  0x000001f53fbde6e0 JavaThread "RMI TCP Connection(1)-127.0.0.1" daemon [_thread_in_native, id=5108, stack(0x000000e3ba300000,0x000000e3ba400000) (1024K)]
  0x000001f53fdc2650 JavaThread "RMI Scheduler(0)"           daemon [_thread_blocked, id=10684, stack(0x000000e3ba400000,0x000000e3ba500000) (1024K)]
  0x000001f53fdc5800 JavaThread "RMI TCP Connection(2)-127.0.0.1" daemon [_thread_in_native, id=10708, stack(0x000000e3ba500000,0x000000e3ba600000) (1024K)]
  0x000001f53fdc6520 JavaThread "JMX server connection timeout 56" daemon [_thread_blocked, id=4976, stack(0x000000e3ba600000,0x000000e3ba700000) (1024K)]
Total: 22

Other Threads:
  0x000001f53a5a9b40 VMThread "VM Thread"                           [id=12580, stack(0x000000e3b8000000,0x000000e3b8100000) (1024K)] _threads_hazard_ptr=0x000001f53f429c00
  0x000001f53a5114f0 WatcherThread "VM Periodic Task Thread"        [id=7944, stack(0x000000e3b7f00000,0x000000e3b8000000) (1024K)]
  0x000001f52be9f710 WorkerThread "GC Thread#0"                     [id=11380, stack(0x000000e3b7a00000,0x000000e3b7b00000) (1024K)]
  0x000001f53f65d490 WorkerThread "GC Thread#1"                     [id=14008, stack(0x000000e3b9000000,0x000000e3b9100000) (1024K)]
  0x000001f53f6ab000 WorkerThread "GC Thread#2"                     [id=13896, stack(0x000000e3b9100000,0x000000e3b9200000) (1024K)]
  0x000001f53f6ab3a0 WorkerThread "GC Thread#3"                     [id=1360, stack(0x000000e3b9200000,0x000000e3b9300000) (1024K)]
  0x000001f53f6ab740 WorkerThread "GC Thread#4"                     [id=5992, stack(0x000000e3b9300000,0x000000e3b9400000) (1024K)]
  0x000001f53f6d5950 WorkerThread "GC Thread#5"                     [id=8020, stack(0x000000e3b9400000,0x000000e3b9500000) (1024K)]
  0x000001f53f6d5cf0 WorkerThread "GC Thread#6"                     [id=14480, stack(0x000000e3b9500000,0x000000e3b9600000) (1024K)]
  0x000001f53f6d6cb0 WorkerThread "GC Thread#7"                     [id=6320, stack(0x000000e3b9600000,0x000000e3b9700000) (1024K)]
  0x000001f53f6d77e0 WorkerThread "GC Thread#8"                     [id=10072, stack(0x000000e3b9700000,0x000000e3b9800000) (1024K)]
  0x000001f53f6d82c0 WorkerThread "GC Thread#9"                     [id=4580, stack(0x000000e3b9b00000,0x000000e3b9c00000) (1024K)]
  0x000001f53f6d7f20 WorkerThread "GC Thread#10"                    [id=14836, stack(0x000000e3b9c00000,0x000000e3b9d00000) (1024K)]
  0x000001f53f6d8660 WorkerThread "GC Thread#11"                    [id=3532, stack(0x000000e3b9d00000,0x000000e3b9e00000) (1024K)]
  0x000001f53f6d8a00 WorkerThread "GC Thread#12"                    [id=8428, stack(0x000000e3b9e00000,0x000000e3b9f00000) (1024K)]
  0x000001f52beae670 ConcurrentGCThread "G1 Main Marker"            [id=11840, stack(0x000000e3b7b00000,0x000000e3b7c00000) (1024K)]
  0x000001f52beaf910 WorkerThread "G1 Conc#0"                       [id=9532, stack(0x000000e3b7c00000,0x000000e3b7d00000) (1024K)]
  0x000001f53f6d7440 WorkerThread "G1 Conc#1"                       [id=13184, stack(0x000000e3ba100000,0x000000e3ba200000) (1024K)]
  0x000001f53f6d7b80 WorkerThread "G1 Conc#2"                       [id=10140, stack(0x000000e3ba200000,0x000000e3ba300000) (1024K)]
  0x000001f53a3e05d0 ConcurrentGCThread "G1 Refine#0"               [id=12760, stack(0x000000e3b7d00000,0x000000e3b7e00000) (1024K)]
  0x000001f53a3e1d60 ConcurrentGCThread "G1 Service"                [id=3776, stack(0x000000e3b7e00000,0x000000e3b7f00000) (1024K)]
Total: 21

Threads with active compile tasks:
Total: 0

VM state: synchronizing (normal execution)

VM Mutex/Monitor currently owned by a thread:  ([mutex/lock_event])
[0x00007ffa70b87308] Threads_lock - owner thread: 0x000001f53a5a9b40

Heap address: 0x0000000722200000, size: 3550 MB, Compressed Oops mode: Zero based, Oop shift amount: 3

CDS archive(s) not mapped
Compressed class space mapped at: 0x0000000800000000-0x0000000840000000, reserved size: 1073741824
Narrow klass base: 0x0000000800000000, Narrow klass shift: 0, Narrow klass range: 0x40000000

GC Precious Log:
 CardTable entry size: 512
 Card Set container configuration: InlinePtr #cards 4 size 8 Array Of Cards #cards 16 size 48 Howl #buckets 8 coarsen threshold 3686 Howl Bitmap #cards 512 size 80 coarsen threshold 460 Card regions per heap region 1 cards per card region 4096
 CPUs: 16 total, 16 available
 Memory: 14197M
 Large Page Support: Disabled
 NUMA Support: Disabled
 Compressed Oops: Enabled (Zero based)
 Heap Region Size: 2M
 Heap Min Capacity: 8M
 Heap Initial Capacity: 222M
 Heap Max Capacity: 3550M
 Pre-touch: Disabled
 Parallel Workers: 13
 Concurrent Workers: 3
 Concurrent Refinement Workers: 13
 Periodic GC: Disabled

Heap:
 garbage-first heap   total 55296K, used 52855K [0x0000000722200000, 0x0000000800000000)
  region size 2048K, 22 young (45056K), 3 survivors (6144K)
 Metaspace       used 38401K, committed 38912K, reserved 1114112K
  class space    used 4621K, committed 4864K, reserved 1048576K

Heap Regions: E=young(eden), S=young(survivor), O=old, HS=humongous(starts), HC=humongous(continues), CS=collection set, F=free, TAMS=top-at-mark-start, PB=parsable bottom
|   0|0x0000000722200000, 0x0000000722400000, 0x0000000722400000|100%| O|  |TAMS 0x0000000722200000| PB 0x0000000722200000| Untracked 
|   1|0x0000000722400000, 0x0000000722600000, 0x0000000722600000|100%| O|  |TAMS 0x0000000722400000| PB 0x0000000722400000| Untracked 
|   2|0x0000000722600000, 0x0000000722800000, 0x0000000722800000|100%| O|  |TAMS 0x0000000722600000| PB 0x0000000722600000| Untracked 
|   3|0x0000000722800000, 0x0000000722a00000, 0x0000000722a00000|100%| E|  |TAMS 0x0000000722800000| PB 0x0000000722800000| Complete 
|   4|0x0000000722a00000, 0x0000000722c00000, 0x0000000722c00000|100%| O|  |TAMS 0x0000000722a00000| PB 0x0000000722a00000| Untracked 
|   5|0x0000000722c00000, 0x0000000722ddb710, 0x0000000722e00000| 92%| O|  |TAMS 0x0000000722c00000| PB 0x0000000722c00000| Untracked 
|   6|0x0000000722e00000, 0x0000000723000000, 0x0000000723000000|100%| E|CS|TAMS 0x0000000722e00000| PB 0x0000000722e00000| Complete 
|   7|0x0000000723000000, 0x0000000723200000, 0x0000000723200000|100%| E|CS|TAMS 0x0000000723000000| PB 0x0000000723000000| Complete 
|   8|0x0000000723200000, 0x0000000723400000, 0x0000000723400000|100%| E|CS|TAMS 0x0000000723200000| PB 0x0000000723200000| Complete 
|   9|0x0000000723400000, 0x0000000723600000, 0x0000000723600000|100%| E|CS|TAMS 0x0000000723400000| PB 0x0000000723400000| Complete 
|  10|0x0000000723600000, 0x0000000723800000, 0x0000000723800000|100%| E|CS|TAMS 0x0000000723600000| PB 0x0000000723600000| Complete 
|  11|0x0000000723800000, 0x0000000723a00000, 0x0000000723a00000|100%| E|CS|TAMS 0x0000000723800000| PB 0x0000000723800000| Complete 
|  12|0x0000000723a00000, 0x0000000723c00000, 0x0000000723c00000|100%| E|CS|TAMS 0x0000000723a00000| PB 0x0000000723a00000| Complete 
|  13|0x0000000723c00000, 0x0000000723e00000, 0x0000000723e00000|100%| E|CS|TAMS 0x0000000723c00000| PB 0x0000000723c00000| Complete 
|  14|0x0000000723e00000, 0x0000000724000000, 0x0000000724000000|100%| E|CS|TAMS 0x0000000723e00000| PB 0x0000000723e00000| Complete 
|  15|0x0000000724000000, 0x0000000724200000, 0x0000000724200000|100%| E|CS|TAMS 0x0000000724000000| PB 0x0000000724000000| Complete 
|  16|0x0000000724200000, 0x0000000724400000, 0x0000000724400000|100%| E|CS|TAMS 0x0000000724200000| PB 0x0000000724200000| Complete 
|  17|0x0000000724400000, 0x0000000724600000, 0x0000000724600000|100%| E|CS|TAMS 0x0000000724400000| PB 0x0000000724400000| Complete 
|  18|0x0000000724600000, 0x0000000724800000, 0x0000000724800000|100%| E|CS|TAMS 0x0000000724600000| PB 0x0000000724600000| Complete 
|  19|0x0000000724800000, 0x0000000724a00000, 0x0000000724a00000|100%| E|CS|TAMS 0x0000000724800000| PB 0x0000000724800000| Complete 
|  20|0x0000000724a00000, 0x0000000724c00000, 0x0000000724c00000|100%| E|CS|TAMS 0x0000000724a00000| PB 0x0000000724a00000| Complete 
|  21|0x0000000724c00000, 0x0000000724e00000, 0x0000000724e00000|100%| E|CS|TAMS 0x0000000724c00000| PB 0x0000000724c00000| Complete 
|  22|0x0000000724e00000, 0x0000000725000000, 0x0000000725000000|100%| E|CS|TAMS 0x0000000724e00000| PB 0x0000000724e00000| Complete 
|  45|0x0000000727c00000, 0x0000000727dc2608, 0x0000000727e00000| 87%| S|CS|TAMS 0x0000000727c00000| PB 0x0000000727c00000| Complete 
|  46|0x0000000727e00000, 0x0000000728000000, 0x0000000728000000|100%| S|CS|TAMS 0x0000000727e00000| PB 0x0000000727e00000| Complete 
|  47|0x0000000728000000, 0x0000000728200000, 0x0000000728200000|100%| S|CS|TAMS 0x0000000728000000| PB 0x0000000728000000| Complete 
| 110|0x000000072fe00000, 0x0000000730000000, 0x0000000730000000|100%| E|CS|TAMS 0x000000072fe00000| PB 0x000000072fe00000| Complete 

Card table byte_map: [0x000001f533690000,0x000001f533d80000] _byte_map_base: 0x000001f52fd7f000

Marking Bits: (CMBitMap*) 0x000001f52be9fe10
 Bits: [0x000001f533d80000, 0x000001f5374f8000)

Polling page: 0x000001f529e30000

Metaspace:

Usage:
  Non-class:     32.99 MB used.
      Class:      4.51 MB used.
       Both:     37.50 MB used.

Virtual space:
  Non-class space:       64.00 MB reserved,      33.25 MB ( 52%) committed,  1 nodes.
      Class space:        1.00 GB reserved,       4.75 MB ( <1%) committed,  1 nodes.
             Both:        1.06 GB reserved,      38.00 MB (  3%) committed. 

Chunk freelists:
   Non-Class:  14.53 MB
       Class:  11.20 MB
        Both:  25.74 MB

MaxMetaspaceSize: unlimited
CompressedClassSpaceSize: 1.00 GB
Initial GC threshold: 21.00 MB
Current GC threshold: 59.00 MB
CDS: off
 - commit_granule_bytes: 65536.
 - commit_granule_words: 8192.
 - virtual_space_node_default_size: 8388608.
 - enlarge_chunks_in_place: 1.
 - use_allocation_guard: 0.


Internal statistics:

num_allocs_failed_limit: 6.
num_arena_births: 618.
num_arena_deaths: 0.
num_vsnodes_births: 2.
num_vsnodes_deaths: 0.
num_space_committed: 608.
num_space_uncommitted: 0.
num_chunks_returned_to_freelist: 6.
num_chunks_taken_from_freelist: 1550.
num_chunk_merges: 3.
num_chunk_splits: 1045.
num_chunks_enlarged: 724.
num_inconsistent_stats: 0.

CodeCache: size=49152Kb used=8370Kb max_used=11117Kb free=40781Kb
 bounds [0x000001f52f940000, 0x000001f530420000, 0x000001f532940000]
 total_blobs=4709 nmethods=4162 adapters=470
 compilation: enabled
              stopped_count=0, restarted_count=0
 full_count=0

Compilation events (20 events):
Event: 7.796 Thread 0x000001f53a625d10 4177       1       sun.rmi.runtime.Log$LoggerLog::isLoggable (9 bytes)
Event: 7.797 Thread 0x000001f53a625d10 nmethod 4177 0x000001f5300dfa90 code [0x000001f5300dfc20, 0x000001f5300dfd30]
Event: 7.797 Thread 0x000001f53a625d10 4178       1       java.io.ObjectInputStream$PeekInputStream::peek (49 bytes)
Event: 7.797 Thread 0x000001f53a625d10 nmethod 4178 0x000001f5300df710 code [0x000001f5300df8c0, 0x000001f5300dfa20]
Event: 7.797 Thread 0x000001f53a625d10 4179       1       sun.util.logging.internal.LoggingProviderImpl$JULWrapper::toJUL (40 bytes)
Event: 7.797 Thread 0x000001f53a625d10 nmethod 4179 0x000001f5300df390 code [0x000001f5300df520, 0x000001f5300df640]
Event: 7.797 Thread 0x000001f53a625d10 4180       1       java.lang.invoke.VarHandleByteArrayAsLongs$ArrayHandle::index (13 bytes)
Event: 7.797 Thread 0x000001f53a625d10 nmethod 4180 0x000001f5300df010 code [0x000001f5300df1a0, 0x000001f5300df290]
Event: 7.797 Thread 0x000001f53a625d10 4181       1       java.lang.Long::reverseBytes (46 bytes)
Event: 7.798 Thread 0x000001f53a625d10 nmethod 4181 0x000001f5300ded10 code [0x000001f5300deea0, 0x000001f5300defb0]
Event: 8.847 Thread 0x000001f53a625d10 4182       1       java.io.ObjectInputStream$BlockDataInputStream::readByte (20 bytes)
Event: 8.847 Thread 0x000001f53a625d10 nmethod 4182 0x000001f5300de910 code [0x000001f5300deac0, 0x000001f5300dec38]
Event: 8.847 Thread 0x000001f53a625d10 4185       1       java.util.stream.AbstractPipeline::copyIntoWithCancel (46 bytes)
Event: 8.847 Thread 0x000001f53a625d10 nmethod 4185 0x000001f5300de410 code [0x000001f5300de5e0, 0x000001f5300de7b0]
Event: 8.847 Thread 0x000001f53a625d10 4183       1       java.io.ObjectInputStream$BlockDataInputStream::read (62 bytes)
Event: 8.847 Thread 0x000001f53a625d10 nmethod 4183 0x000001f5300ddf10 code [0x000001f5300de0e0, 0x000001f5300de2c8]
Event: 8.847 Thread 0x000001f53a625d10 4184       1       java.io.ObjectInputStream$PeekInputStream::read (47 bytes)
Event: 8.848 Thread 0x000001f53a625d10 nmethod 4184 0x000001f5300ddb90 code [0x000001f5300ddd40, 0x000001f5300ddea8]
Event: 8.848 Thread 0x000001f53a625d10 4186       1       java.lang.invoke.VarHandleGuards::guard_LIJ_V (135 bytes)
Event: 8.849 Thread 0x000001f53a625d10 nmethod 4186 0x000001f5300dbb90 code [0x000001f5300dbec0, 0x000001f5300dce98]

GC Heap History (16 events):
Event: 0.523 GC heap before
{Heap before GC invocations=0 (full 0):
 garbage-first heap   total 227328K, used 20480K [0x0000000722200000, 0x0000000800000000)
  region size 2048K, 11 young (22528K), 0 survivors (0K)
 Metaspace       used 14272K, committed 14528K, reserved 1114112K
  class space    used 1367K, committed 1472K, reserved 1048576K
}
Event: 0.527 GC heap after
{Heap after GC invocations=1 (full 0):
 garbage-first heap   total 227328K, used 6968K [0x0000000722200000, 0x0000000800000000)
  region size 2048K, 2 young (4096K), 2 survivors (4096K)
 Metaspace       used 14272K, committed 14528K, reserved 1114112K
  class space    used 1367K, committed 1472K, reserved 1048576K
}
Event: 0.790 GC heap before
{Heap before GC invocations=1 (full 0):
 garbage-first heap   total 227328K, used 33592K [0x0000000722200000, 0x0000000800000000)
  region size 2048K, 15 young (30720K), 2 survivors (4096K)
 Metaspace       used 19259K, committed 19520K, reserved 1114112K
  class space    used 1931K, committed 2048K, reserved 1048576K
}
Event: 0.794 GC heap after
{Heap after GC invocations=2 (full 0):
 garbage-first heap   total 227328K, used 8613K [0x0000000722200000, 0x0000000800000000)
  region size 2048K, 1 young (2048K), 1 survivors (2048K)
 Metaspace       used 19259K, committed 19520K, reserved 1114112K
  class space    used 1931K, committed 2048K, reserved 1048576K
}
Event: 0.948 GC heap before
{Heap before GC invocations=2 (full 0):
 garbage-first heap   total 227328K, used 31141K [0x0000000722200000, 0x0000000800000000)
  region size 2048K, 13 young (26624K), 1 survivors (2048K)
 Metaspace       used 21236K, committed 21504K, reserved 1114112K
  class space    used 2203K, committed 2368K, reserved 1048576K
}
Event: 0.950 GC heap after
{Heap after GC invocations=3 (full 0):
 garbage-first heap   total 227328K, used 9200K [0x0000000722200000, 0x0000000800000000)
  region size 2048K, 2 young (4096K), 2 survivors (4096K)
 Metaspace       used 21236K, committed 21504K, reserved 1114112K
  class space    used 2203K, committed 2368K, reserved 1048576K
}
Event: 1.118 GC heap before
{Heap before GC invocations=4 (full 0):
 garbage-first heap   total 40960K, used 37872K [0x0000000722200000, 0x0000000800000000)
  region size 2048K, 16 young (32768K), 2 survivors (4096K)
 Metaspace       used 23728K, committed 24064K, reserved 1114112K
  class space    used 2634K, committed 2752K, reserved 1048576K
}
Event: 1.121 GC heap after
{Heap after GC invocations=5 (full 0):
 garbage-first heap   total 45056K, used 11000K [0x0000000722200000, 0x0000000800000000)
  region size 2048K, 2 young (4096K), 2 survivors (4096K)
 Metaspace       used 23728K, committed 24064K, reserved 1114112K
  class space    used 2634K, committed 2752K, reserved 1048576K
}
Event: 1.167 GC heap before
{Heap before GC invocations=5 (full 0):
 garbage-first heap   total 45056K, used 29432K [0x0000000722200000, 0x0000000800000000)
  region size 2048K, 12 young (24576K), 2 survivors (4096K)
 Metaspace       used 25583K, committed 25920K, reserved 1114112K
  class space    used 2827K, committed 3008K, reserved 1048576K
}
Event: 1.169 GC heap after
{Heap after GC invocations=6 (full 0):
 garbage-first heap   total 45056K, used 10629K [0x0000000722200000, 0x0000000800000000)
  region size 2048K, 1 young (2048K), 1 survivors (2048K)
 Metaspace       used 25583K, committed 25920K, reserved 1114112K
  class space    used 2827K, committed 3008K, reserved 1048576K
}
Event: 1.242 GC heap before
{Heap before GC invocations=6 (full 0):
 garbage-first heap   total 45056K, used 31109K [0x0000000722200000, 0x0000000800000000)
  region size 2048K, 12 young (24576K), 1 survivors (2048K)
 Metaspace       used 27886K, committed 28288K, reserved 1114112K
  class space    used 3087K, committed 3264K, reserved 1048576K
}
Event: 1.244 GC heap after
{Heap after GC invocations=7 (full 0):
 garbage-first heap   total 137216K, used 11299K [0x0000000722200000, 0x0000000800000000)
  region size 2048K, 2 young (4096K), 2 survivors (4096K)
 Metaspace       used 27886K, committed 28288K, reserved 1114112K
  class space    used 3087K, committed 3264K, reserved 1048576K
}
Event: 1.701 GC heap before
{Heap before GC invocations=7 (full 0):
 garbage-first heap   total 137216K, used 87075K [0x0000000722200000, 0x0000000800000000)
  region size 2048K, 40 young (81920K), 2 survivors (4096K)
 Metaspace       used 33383K, committed 33792K, reserved 1114112K
  class space    used 3845K, committed 3968K, reserved 1048576K
}
Event: 1.704 GC heap after
{Heap after GC invocations=8 (full 0):
 garbage-first heap   total 137216K, used 14961K [0x0000000722200000, 0x0000000800000000)
  region size 2048K, 3 young (6144K), 3 survivors (6144K)
 Metaspace       used 33383K, committed 33792K, reserved 1114112K
  class space    used 3845K, committed 3968K, reserved 1048576K
}
Event: 1.972 GC heap before
{Heap before GC invocations=8 (full 0):
 garbage-first heap   total 137216K, used 51825K [0x0000000722200000, 0x0000000800000000)
  region size 2048K, 22 young (45056K), 3 survivors (6144K)
 Metaspace       used 35692K, committed 36096K, reserved 1114112K
  class space    used 4172K, committed 4352K, reserved 1048576K
}
Event: 1.975 GC heap after
{Heap after GC invocations=9 (full 0):
 garbage-first heap   total 137216K, used 15991K [0x0000000722200000, 0x0000000800000000)
  region size 2048K, 3 young (6144K), 3 survivors (6144K)
 Metaspace       used 35692K, committed 36096K, reserved 1114112K
  class space    used 4172K, committed 4352K, reserved 1048576K
}

Dll operation events (12 events):
Event: 0.005 Loaded shared library C:\Users\localhost29302\Downloads\spring-tool-suite-4-4.25.0.RELEASE-e4.33.0-win32.win32.x86_64\sts-4.25.0.RELEASE\plugins\org.eclipse.justj.openjdk.hotspot.jre.full.win32.x86_64_21.0.4.v20240802-1551\jre\bin\java.dll
Event: 0.009 Loaded shared library C:\Users\localhost29302\Downloads\spring-tool-suite-4-4.25.0.RELEASE-e4.33.0-win32.win32.x86_64\sts-4.25.0.RELEASE\plugins\org.eclipse.justj.openjdk.hotspot.jre.full.win32.x86_64_21.0.4.v20240802-1551\jre\bin\zip.dll
Event: 0.211 Loaded shared library C:\Users\localhost29302\Downloads\spring-tool-suite-4-4.25.0.RELEASE-e4.33.0-win32.win32.x86_64\sts-4.25.0.RELEASE\plugins\org.eclipse.justj.openjdk.hotspot.jre.full.win32.x86_64_21.0.4.v20240802-1551\jre\bin\instrument.dll
Event: 0.219 Loaded shared library C:\Users\localhost29302\Downloads\spring-tool-suite-4-4.25.0.RELEASE-e4.33.0-win32.win32.x86_64\sts-4.25.0.RELEASE\plugins\org.eclipse.justj.openjdk.hotspot.jre.full.win32.x86_64_21.0.4.v20240802-1551\jre\bin\net.dll
Event: 0.220 Loaded shared library C:\Users\localhost29302\Downloads\spring-tool-suite-4-4.25.0.RELEASE-e4.33.0-win32.win32.x86_64\sts-4.25.0.RELEASE\plugins\org.eclipse.justj.openjdk.hotspot.jre.full.win32.x86_64_21.0.4.v20240802-1551\jre\bin\nio.dll
Event: 0.225 Loaded shared library C:\Users\localhost29302\Downloads\spring-tool-suite-4-4.25.0.RELEASE-e4.33.0-win32.win32.x86_64\sts-4.25.0.RELEASE\plugins\org.eclipse.justj.openjdk.hotspot.jre.full.win32.x86_64_21.0.4.v20240802-1551\jre\bin\zip.dll
Event: 0.333 Loaded shared library C:\Users\localhost29302\Downloads\spring-tool-suite-4-4.25.0.RELEASE-e4.33.0-win32.win32.x86_64\sts-4.25.0.RELEASE\plugins\org.eclipse.justj.openjdk.hotspot.jre.full.win32.x86_64_21.0.4.v20240802-1551\jre\bin\jimage.dll
Event: 0.371 Loaded shared library C:\Users\localhost29302\Downloads\spring-tool-suite-4-4.25.0.RELEASE-e4.33.0-win32.win32.x86_64\sts-4.25.0.RELEASE\plugins\org.eclipse.justj.openjdk.hotspot.jre.full.win32.x86_64_21.0.4.v20240802-1551\jre\bin\management.dll
Event: 0.379 Loaded shared library C:\Users\localhost29302\Downloads\spring-tool-suite-4-4.25.0.RELEASE-e4.33.0-win32.win32.x86_64\sts-4.25.0.RELEASE\plugins\org.eclipse.justj.openjdk.hotspot.jre.full.win32.x86_64_21.0.4.v20240802-1551\jre\bin\management_ext.dll
Event: 0.542 Loaded shared library C:\Users\localhost29302\Downloads\spring-tool-suite-4-4.25.0.RELEASE-e4.33.0-win32.win32.x86_64\sts-4.25.0.RELEASE\plugins\org.eclipse.justj.openjdk.hotspot.jre.full.win32.x86_64_21.0.4.v20240802-1551\jre\bin\extnet.dll
Event: 0.562 Loaded shared library C:\Users\localhost29302\Downloads\spring-tool-suite-4-4.25.0.RELEASE-e4.33.0-win32.win32.x86_64\sts-4.25.0.RELEASE\plugins\org.eclipse.justj.openjdk.hotspot.jre.full.win32.x86_64_21.0.4.v20240802-1551\jre\bin\verify.dll
Event: 1.400 Loaded shared library C:\Users\localhost29302\Downloads\spring-tool-suite-4-4.25.0.RELEASE-e4.33.0-win32.win32.x86_64\sts-4.25.0.RELEASE\plugins\org.eclipse.justj.openjdk.hotspot.jre.full.win32.x86_64_21.0.4.v20240802-1551\jre\bin\sunmscapi.dll

Deoptimization events (20 events):
Event: 2.323 Thread 0x000001f53fbe5380 DEOPT PACKING pc=0x000001f530255bec sp=0x000000e3ba0f8c50
Event: 2.323 Thread 0x000001f53fbe5380 DEOPT UNPACKING pc=0x000001f52f994e42 sp=0x000000e3ba0f8188 mode 1
Event: 2.323 Thread 0x000001f53fbe5380 DEOPT PACKING pc=0x000001f530254c74 sp=0x000000e3ba0f8d40
Event: 2.323 Thread 0x000001f53fbe5380 DEOPT UNPACKING pc=0x000001f52f994e42 sp=0x000000e3ba0f82f0 mode 1
Event: 2.323 Thread 0x000001f53fbe5380 DEOPT PACKING pc=0x000001f530256d2c sp=0x000000e3ba0f8eb0
Event: 2.323 Thread 0x000001f53fbe5380 DEOPT UNPACKING pc=0x000001f52f994e42 sp=0x000000e3ba0f8470 mode 1
Event: 2.324 Thread 0x000001f53fbe5380 DEOPT PACKING pc=0x000001f530255bec sp=0x000000e3ba0fbe30
Event: 2.324 Thread 0x000001f53fbe5380 DEOPT UNPACKING pc=0x000001f52f994e42 sp=0x000000e3ba0fb368 mode 1
Event: 2.324 Thread 0x000001f53fbe5380 DEOPT PACKING pc=0x000001f530254c74 sp=0x000000e3ba0fbf20
Event: 2.324 Thread 0x000001f53fbe5380 DEOPT UNPACKING pc=0x000001f52f994e42 sp=0x000000e3ba0fb4d0 mode 1
Event: 2.324 Thread 0x000001f53fbe5380 DEOPT PACKING pc=0x000001f530256d2c sp=0x000000e3ba0fc090
Event: 2.324 Thread 0x000001f53fbe5380 DEOPT UNPACKING pc=0x000001f52f994e42 sp=0x000000e3ba0fb650 mode 1
Event: 2.325 Thread 0x000001f53fbe5380 DEOPT PACKING pc=0x000001f530255bec sp=0x000000e3ba0fbd40
Event: 2.325 Thread 0x000001f53fbe5380 DEOPT UNPACKING pc=0x000001f52f994e42 sp=0x000000e3ba0fb278 mode 1
Event: 2.325 Thread 0x000001f53fbe5380 DEOPT PACKING pc=0x000001f530254c74 sp=0x000000e3ba0fbe30
Event: 2.325 Thread 0x000001f53fbe5380 DEOPT UNPACKING pc=0x000001f52f994e42 sp=0x000000e3ba0fb3e0 mode 1
Event: 2.325 Thread 0x000001f53fbe5380 DEOPT PACKING pc=0x000001f530256d2c sp=0x000000e3ba0fbfa0
Event: 2.325 Thread 0x000001f53fbe5380 DEOPT UNPACKING pc=0x000001f52f994e42 sp=0x000000e3ba0fb560 mode 1
Event: 10.609 Thread 0x000001f53fbe5380 DEOPT PACKING pc=0x000001f52fd74114 sp=0x000000e3ba0fcd60
Event: 10.609 Thread 0x000001f53fbe5380 DEOPT UNPACKING pc=0x000001f52f994e42 sp=0x000000e3ba0fc218 mode 0

Classes loaded (20 events):
Event: 2.158 Loading class java/lang/invoke/MethodHandleImpl$CountingWrapper
Event: 2.158 Loading class java/lang/invoke/MethodHandleImpl$CountingWrapper done
Event: 2.167 Loading class java/util/DualPivotQuicksort
Event: 2.168 Loading class java/util/DualPivotQuicksort done
Event: 2.170 Loading class jdk/internal/org/objectweb/asm/ClassReader
Event: 2.170 Loading class jdk/internal/org/objectweb/asm/ClassReader done
Event: 2.230 Loading class java/security/cert/CertificateException
Event: 2.230 Loading class java/security/cert/CertificateException done
Event: 2.238 Loading class javax/naming/NameNotFoundException
Event: 2.239 Loading class javax/naming/NameNotFoundException done
Event: 2.265 Loading class java/util/Collections$UnmodifiableMap$UnmodifiableEntrySet
Event: 2.266 Loading class java/util/Collections$UnmodifiableMap$UnmodifiableEntrySet done
Event: 2.266 Loading class java/util/Collections$UnmodifiableMap$UnmodifiableEntrySet$1
Event: 2.266 Loading class java/util/Collections$UnmodifiableMap$UnmodifiableEntrySet$1 done
Event: 2.266 Loading class java/util/Collections$UnmodifiableMap$UnmodifiableEntrySet$UnmodifiableEntry
Event: 2.267 Loading class java/util/Collections$UnmodifiableMap$UnmodifiableEntrySet$UnmodifiableEntry done
Event: 2.273 Loading class java/lang/Class$EnclosingMethodInfo
Event: 2.273 Loading class java/lang/Class$EnclosingMethodInfo done
Event: 2.274 Loading class java/lang/reflect/AnnotatedType
Event: 2.274 Loading class java/lang/reflect/AnnotatedType done

Classes unloaded (0 events):
No events

Classes redefined (1 events):
Event: 10.620 Thread 0x000001f53a5a9b40 redefined class name=com.jihee.board.config.SecurityUserDetailsService, count=1

Internal exceptions (20 events):
Event: 2.142 Thread 0x000001f53fbe5380 Exception <a 'java/lang/NoSuchMethodError'{0x000000072415e3a0}: 'int java.lang.invoke.DirectMethodHandle$Holder.invokeStaticInit(java.lang.Object, long, long)'> (0x000000072415e3a0) 
thrown [s\src\hotspot\share\interpreter\linkResolver.cpp, line 773]
Event: 2.142 Thread 0x000001f53fbe5380 Exception <a 'java/lang/NoSuchMethodError'{0x0000000724164e18}: 'int java.lang.invoke.DirectMethodHandle$Holder.invokeStaticInit(java.lang.Object, float, float)'> (0x0000000724164e18) 
thrown [s\src\hotspot\share\interpreter\linkResolver.cpp, line 773]
Event: 2.142 Thread 0x000001f53fbe5380 Exception <a 'java/lang/NoSuchMethodError'{0x000000072416b888}: 'int java.lang.invoke.DirectMethodHandle$Holder.invokeStaticInit(java.lang.Object, double, double)'> (0x000000072416b888) 
thrown [s\src\hotspot\share\interpreter\linkResolver.cpp, line 773]
Event: 2.142 Thread 0x000001f53fbe5380 Exception <a 'java/lang/NoSuchMethodError'{0x000000072416fd00}: 'int java.lang.invoke.DirectMethodHandle$Holder.invokeStatic(java.lang.Object, long)'> (0x000000072416fd00) 
thrown [s\src\hotspot\share\interpreter\linkResolver.cpp, line 773]
Event: 2.144 Thread 0x000001f53fbe5380 Exception <a 'java/lang/NoSuchMethodError'{0x0000000724192ab0}: 'int java.lang.invoke.DirectMethodHandle$Holder.invokeSpecial(java.lang.Object, java.lang.Object, int)'> (0x0000000724192ab0) 
thrown [s\src\hotspot\share\interpreter\linkResolver.cpp, line 773]
Event: 2.144 Thread 0x000001f53fbe5380 Exception <a 'java/lang/NoSuchMethodError'{0x000000072419a038}: 'int java.lang.invoke.Invokers$Holder.linkToTargetMethod(java.lang.Object, java.lang.Object)'> (0x000000072419a038) 
thrown [s\src\hotspot\share\interpreter\linkResolver.cpp, line 773]
Event: 2.153 Thread 0x000001f53fbe5380 Exception <a 'java/lang/NoSuchMethodError'{0x0000000723f34df8}: 'java.lang.Object java.lang.invoke.Invokers$Holder.invoke_MT(java.lang.Object, java.lang.Object, java.lang.Object, java.lang.Object, java.lang.Object, java.lang.Object, java.lang.Object, java.lang.Object, java.lang.Object, java.lang.Object)'> (0x0000000723f34df8) 
thrown [s\src\hotspot\share\interpreter\linkResolver.cpp, line 773]
Event: 2.158 Thread 0x000001f53fbe5380 Exception <a 'java/lang/NoSuchMethodError'{0x0000000723f85b28}: 'java.lang.Object java.lang.invoke.DirectMethodHandle$Holder.invokeSpecial(java.lang.Object, java.lang.Object, int, java.lang.Object, java.lang.Object)'> (0x0000000723f85b28) 
thrown [s\src\hotspot\share\interpreter\linkResolver.cpp, line 773]
Event: 2.158 Thread 0x000001f53fbe5380 Exception <a 'java/lang/NoSuchMethodError'{0x0000000723f89568}: 'java.lang.Object java.lang.invoke.DelegatingMethodHandle$Holder.delegate(java.lang.Object, int, java.lang.Object, java.lang.Object)'> (0x0000000723f89568) 
thrown [s\src\hotspot\share\interpreter\linkResolver.cpp, line 773]
Event: 2.159 Thread 0x000001f53fbe5380 Exception <a 'java/lang/NoSuchMethodError'{0x0000000723f999c0}: 'int java.lang.invoke.Invokers$Holder.linkToTargetMethod(java.lang.Object, java.lang.Object, java.lang.Object)'> (0x0000000723f999c0) 
thrown [s\src\hotspot\share\interpreter\linkResolver.cpp, line 773]
Event: 2.173 Thread 0x000001f53fbe5380 Exception <a 'java/lang/NoSuchMethodError'{0x0000000723d4ec70}: 'void java.lang.invoke.Invokers$Holder.invokeExact_MT(java.lang.Object, java.lang.Object, java.lang.Object)'> (0x0000000723d4ec70) 
thrown [s\src\hotspot\share\interpreter\linkResolver.cpp, line 773]
Event: 2.203 Thread 0x000001f53fbe5380 Exception <a 'java/lang/NoClassDefFoundError'{0x0000000723bad780}: org/flywaydb/core/Flyway> (0x0000000723bad780) 
thrown [s\src\hotspot\share\classfile\systemDictionary.cpp, line 301]
Event: 2.203 Thread 0x000001f53fbe5380 Exception <a 'java/lang/NoClassDefFoundError'{0x0000000723baf568}: liquibase/integration/spring/SpringLiquibase> (0x0000000723baf568) 
thrown [s\src\hotspot\share\classfile\systemDictionary.cpp, line 301]
Event: 2.226 Thread 0x000001f53fbe5380 Exception <a 'java/lang/NoClassDefFoundError'{0x0000000723616778}: org/jooq/DSLContext> (0x0000000723616778) 
thrown [s\src\hotspot\share\classfile\systemDictionary.cpp, line 301]
Event: 2.226 Thread 0x000001f53fbe5380 Exception <a 'java/lang/NoClassDefFoundError'{0x0000000723625858}: org/springframework/batch/core/repository/JobRepository> (0x0000000723625858) 
thrown [s\src\hotspot\share\classfile\systemDictionary.cpp, line 301]
Event: 2.226 Thread 0x000001f53fbe5380 Exception <a 'java/lang/NoClassDefFoundError'{0x00000007236273c8}: org/quartz/Scheduler> (0x00000007236273c8) 
thrown [s\src\hotspot\share\classfile\systemDictionary.cpp, line 301]
Event: 2.226 Thread 0x000001f53fbe5380 Exception <a 'java/lang/NoClassDefFoundError'{0x0000000723629420}: org/springframework/session/jdbc/JdbcIndexedSessionRepository> (0x0000000723629420) 
thrown [s\src\hotspot\share\classfile\systemDictionary.cpp, line 301]
Event: 2.252 Thread 0x000001f53fbe5380 Exception <a 'java/lang/NoSuchMethodError'{0x00000007235274e0}: 'void java.lang.invoke.DirectMethodHandle$Holder.invokeSpecial(java.lang.Object, java.lang.Object, java.lang.Object, java.lang.Object, java.lang.Object, java.lang.Object)'> (0x00000007235274e0) 
thrown [s\src\hotspot\share\interpreter\linkResolver.cpp, line 773]
Event: 2.314 Thread 0x000001f53fbe5380 Exception <a 'java/lang/NoSuchMethodError'{0x0000000722878f08}: 'java.lang.Object java.lang.invoke.DirectMethodHandle$Holder.invokeSpecialIFC(java.lang.Object, java.lang.Object, java.lang.Object)'> (0x0000000722878f08) 
thrown [s\src\hotspot\share\interpreter\linkResolver.cpp, line 773]
Event: 2.321 Thread 0x000001f53fbe5380 Exception <a 'java/lang/NoSuchMethodError'{0x000000072293fa00}: 'void java.lang.invoke.Invokers$Holder.invokeExact_MT(java.lang.Object, java.lang.Object, java.lang.Object, java.lang.Object)'> (0x000000072293fa00) 
thrown [s\src\hotspot\share\interpreter\linkResolver.cpp, line 773]

ZGC Phase Switch (0 events):
No events

VM Operations (20 events):
Event: 3.957 Executing VM operation: get/set locals
Event: 3.957 Executing VM operation: get/set locals done
Event: 3.957 Executing VM operation: get/set locals
Event: 3.957 Executing VM operation: get/set locals done
Event: 10.013 Executing VM operation: Cleanup
Event: 10.014 Executing VM operation: Cleanup done
Event: 10.609 Executing VM operation: ChangeSingleStep
Event: 10.609 Executing VM operation: ChangeSingleStep done
Event: 10.609 Executing VM operation: ChangeSingleStep
Event: 10.609 Executing VM operation: ChangeSingleStep done
Event: 10.616 Executing VM operation: RedefineClasses
Event: 10.627 Executing VM operation: RedefineClasses done
Event: 10.633 Executing VM operation: ChangeBreakpoints
Event: 10.634 Executing VM operation: ChangeBreakpoints done
Event: 10.641 Executing VM operation: ChangeBreakpoints
Event: 10.643 Executing VM operation: ChangeBreakpoints done
Event: 10.650 Executing VM operation: ChangeBreakpoints
Event: 10.652 Executing VM operation: ChangeBreakpoints done
Event: 10.654 Executing VM operation: ChangeSingleStep
Event: 10.654 Executing VM operation: ChangeSingleStep done

Memory protections (0 events):
No events

Nmethod flushes (20 events):
Event: 1.981 Thread 0x000001f53a5a9b40 flushing  nmethod 0x000001f52fc4b310
Event: 1.981 Thread 0x000001f53a5a9b40 flushing  nmethod 0x000001f52fc4b810
Event: 1.981 Thread 0x000001f53a5a9b40 flushing  nmethod 0x000001f52fc4c910
Event: 1.981 Thread 0x000001f53a5a9b40 flushing  nmethod 0x000001f52fc4ce90
Event: 1.981 Thread 0x000001f53a5a9b40 flushing  nmethod 0x000001f52fc4d510
Event: 1.981 Thread 0x000001f53a5a9b40 flushing  nmethod 0x000001f52fe1a490
Event: 1.981 Thread 0x000001f53a5a9b40 flushing  nmethod 0x000001f52feeb090
Event: 1.981 Thread 0x000001f53a5a9b40 flushing  nmethod 0x000001f52fb24190
Event: 1.981 Thread 0x000001f53a5a9b40 flushing  nmethod 0x000001f52fb25c10
Event: 1.981 Thread 0x000001f53a5a9b40 flushing  nmethod 0x000001f52fb26e90
Event: 1.981 Thread 0x000001f53a5a9b40 flushing  nmethod 0x000001f52fd7f490
Event: 1.981 Thread 0x000001f53a5a9b40 flushing  nmethod 0x000001f52fe33710
Event: 1.981 Thread 0x000001f53a5a9b40 flushing  nmethod 0x000001f52fe34210
Event: 1.981 Thread 0x000001f53a5a9b40 flushing  nmethod 0x000001f52fc43210
Event: 1.981 Thread 0x000001f53a5a9b40 flushing  nmethod 0x000001f52fccfe90
Event: 1.981 Thread 0x000001f53a5a9b40 flushing  nmethod 0x000001f52fd85410
Event: 1.981 Thread 0x000001f53a5a9b40 flushing  nmethod 0x000001f52fd97d90
Event: 1.981 Thread 0x000001f53a5a9b40 flushing  nmethod 0x000001f52fde4c10
Event: 1.981 Thread 0x000001f53a5a9b40 flushing  nmethod 0x000001f52fc07590
Event: 1.981 Thread 0x000001f53a5a9b40 flushing  nmethod 0x000001f52fbe3710

Events (20 events):
Event: 0.544 Thread 0x000001f52be3f4a0 Thread added: 0x000001f53f6c64a0
Event: 0.556 Thread 0x000001f52be3f4a0 Thread added: 0x000001f53f6e6960
Event: 0.600 Thread 0x000001f52be3f4a0 Thread added: 0x000001f53f702fa0
Event: 0.818 Thread 0x000001f52be3f4a0 Thread added: 0x000001f53fc06610
Event: 0.821 Thread 0x000001f53fc06610 Thread added: 0x000001f53fbe5380
Event: 1.034 Thread 0x000001f53f6e6960 Thread added: 0x000001f53fbde6e0
Event: 1.043 Thread 0x000001f53fbde6e0 Thread added: 0x000001f53fdc2650
Event: 1.044 Thread 0x000001f53f6c64a0 Thread added: 0x000001f53fdc5800
Event: 1.055 Thread 0x000001f53fdc5800 Thread added: 0x000001f53fdc6520
Event: 1.106 Thread 0x000001f53fbe5380 Thread added: 0x000001f53fdc85f0
Event: 1.205 Thread 0x000001f53a625d10 Thread added: 0x000001f5401c80b0
Event: 1.205 Thread 0x000001f53a8f5bc0 Thread added: 0x000001f5401ac0c0
Event: 1.404 Thread 0x000001f53fdc85f0 Thread exited: 0x000001f53fdc85f0
Event: 1.421 Thread 0x000001f53fbe5380 Thread added: 0x000001f53fdc5e90
Event: 1.478 Thread 0x000001f53fdc5e90 Thread exited: 0x000001f53fdc5e90
Event: 3.097 Thread 0x000001f5401ac0c0 Thread exited: 0x000001f5401ac0c0
Event: 3.097 Thread 0x000001f5401c80b0 Thread exited: 0x000001f5401c80b0
Event: 3.611 Thread 0x000001f53f60fed0 Thread exited: 0x000001f53f60fed0
Event: 4.147 Thread 0x000001f53a8f5bc0 Thread exited: 0x000001f53a8f5bc0
Event: 5.152 Thread 0x000001f53a71eac0 Thread exited: 0x000001f53a71eac0


Dynamic libraries:
0x00007ff633d40000 - 0x00007ff633d4e000 	C:\Users\localhost29302\Downloads\spring-tool-suite-4-4.25.0.RELEASE-e4.33.0-win32.win32.x86_64\sts-4.25.0.RELEASE\plugins\org.eclipse.justj.openjdk.hotspot.jre.full.win32.x86_64_21.0.4.v20240802-1551\jre\bin\javaw.exe
0x00007ffaac730000 - 0x00007ffaac928000 	C:\Windows\SYSTEM32\ntdll.dll
0x00007ffaaae10000 - 0x00007ffaaaecd000 	C:\Windows\System32\KERNEL32.DLL
0x00007ffaa9e40000 - 0x00007ffaaa136000 	C:\Windows\System32\KERNELBASE.dll
0x00007ffaaa550000 - 0x00007ffaaa650000 	C:\Windows\System32\ucrtbase.dll
0x00007ffa8a740000 - 0x00007ffa8a758000 	C:\Users\localhost29302\Downloads\spring-tool-suite-4-4.25.0.RELEASE-e4.33.0-win32.win32.x86_64\sts-4.25.0.RELEASE\plugins\org.eclipse.justj.openjdk.hotspot.jre.full.win32.x86_64_21.0.4.v20240802-1551\jre\bin\jli.dll
0x00007ffa89b20000 - 0x00007ffa89b3b000 	C:\Users\localhost29302\Downloads\spring-tool-suite-4-4.25.0.RELEASE-e4.33.0-win32.win32.x86_64\sts-4.25.0.RELEASE\plugins\org.eclipse.justj.openjdk.hotspot.jre.full.win32.x86_64_21.0.4.v20240802-1551\jre\bin\VCRUNTIME140.dll
0x00007ffaab130000 - 0x00007ffaab2cf000 	C:\Windows\System32\USER32.dll
0x00007ffaa9e10000 - 0x00007ffaa9e32000 	C:\Windows\System32\win32u.dll
0x00007ffa95200000 - 0x00007ffa9549a000 	C:\Windows\WinSxS\amd64_microsoft.windows.common-controls_6595b64144ccf1df_6.0.19041.3636_none_60b6a03d71f818d5\COMCTL32.dll
0x00007ffaaaed0000 - 0x00007ffaaaefb000 	C:\Windows\System32\GDI32.dll
0x00007ffaaa2a0000 - 0x00007ffaaa3b7000 	C:\Windows\System32\gdi32full.dll
0x00007ffaab070000 - 0x00007ffaab10e000 	C:\Windows\System32\msvcrt.dll
0x00007ffaaa6c0000 - 0x00007ffaaa75d000 	C:\Windows\System32\msvcp_win.dll
0x00007ffaaafa0000 - 0x00007ffaaafd2000 	C:\Windows\System32\IMM32.DLL
0x00007ffa8cb50000 - 0x00007ffa8cb5c000 	C:\Users\localhost29302\Downloads\spring-tool-suite-4-4.25.0.RELEASE-e4.33.0-win32.win32.x86_64\sts-4.25.0.RELEASE\plugins\org.eclipse.justj.openjdk.hotspot.jre.full.win32.x86_64_21.0.4.v20240802-1551\jre\bin\vcruntime140_1.dll
0x00007ffa87ae0000 - 0x00007ffa87b6e000 	C:\Users\localhost29302\Downloads\spring-tool-suite-4-4.25.0.RELEASE-e4.33.0-win32.win32.x86_64\sts-4.25.0.RELEASE\plugins\org.eclipse.justj.openjdk.hotspot.jre.full.win32.x86_64_21.0.4.v20240802-1551\jre\bin\msvcp140.dll
0x00007ffa6fee0000 - 0x00007ffa70c68000 	C:\Users\localhost29302\Downloads\spring-tool-suite-4-4.25.0.RELEASE-e4.33.0-win32.win32.x86_64\sts-4.25.0.RELEASE\plugins\org.eclipse.justj.openjdk.hotspot.jre.full.win32.x86_64_21.0.4.v20240802-1551\jre\bin\server\jvm.dll
0x00007ffaac5e0000 - 0x00007ffaac690000 	C:\Windows\System32\ADVAPI32.dll
0x00007ffaaaf00000 - 0x00007ffaaafa0000 	C:\Windows\System32\sechost.dll
0x00007ffaaa970000 - 0x00007ffaaaa93000 	C:\Windows\System32\RPCRT4.dll
0x00007ffaa9de0000 - 0x00007ffaa9e07000 	C:\Windows\System32\bcrypt.dll
0x00007ffaaaff0000 - 0x00007ffaab05b000 	C:\Windows\System32\WS2_32.dll
0x00007ffaa9b90000 - 0x00007ffaa9bdb000 	C:\Windows\SYSTEM32\POWRPROF.dll
0x00007ffaa04c0000 - 0x00007ffaa04ca000 	C:\Windows\SYSTEM32\VERSION.dll
0x00007ffa9faf0000 - 0x00007ffa9fb17000 	C:\Windows\SYSTEM32\WINMM.dll
0x00007ffaa9b70000 - 0x00007ffaa9b82000 	C:\Windows\SYSTEM32\UMPDC.dll
0x00007ffaa7c70000 - 0x00007ffaa7c82000 	C:\Windows\SYSTEM32\kernel.appcore.dll
0x00007ffa9ede0000 - 0x00007ffa9edea000 	C:\Users\localhost29302\Downloads\spring-tool-suite-4-4.25.0.RELEASE-e4.33.0-win32.win32.x86_64\sts-4.25.0.RELEASE\plugins\org.eclipse.justj.openjdk.hotspot.jre.full.win32.x86_64_21.0.4.v20240802-1551\jre\bin\jimage.dll
0x00007ffa985e0000 - 0x00007ffa987c4000 	C:\Windows\SYSTEM32\DBGHELP.DLL
0x00007ffa979f0000 - 0x00007ffa97a24000 	C:\Windows\SYSTEM32\dbgcore.DLL
0x00007ffaaa4c0000 - 0x00007ffaaa542000 	C:\Windows\System32\bcryptPrimitives.dll
0x00007ffaa2110000 - 0x00007ffaa214c000 	C:\Users\localhost29302\Downloads\spring-tool-suite-4-4.25.0.RELEASE-e4.33.0-win32.win32.x86_64\sts-4.25.0.RELEASE\plugins\org.eclipse.justj.openjdk.hotspot.jre.full.win32.x86_64_21.0.4.v20240802-1551\jre\bin\jdwp.dll
0x00007ffa98a90000 - 0x00007ffa98a9f000 	C:\Users\localhost29302\Downloads\spring-tool-suite-4-4.25.0.RELEASE-e4.33.0-win32.win32.x86_64\sts-4.25.0.RELEASE\plugins\org.eclipse.justj.openjdk.hotspot.jre.full.win32.x86_64_21.0.4.v20240802-1551\jre\bin\instrument.dll
0x00007ffa98a50000 - 0x00007ffa98a6f000 	C:\Users\localhost29302\Downloads\spring-tool-suite-4-4.25.0.RELEASE-e4.33.0-win32.win32.x86_64\sts-4.25.0.RELEASE\plugins\org.eclipse.justj.openjdk.hotspot.jre.full.win32.x86_64_21.0.4.v20240802-1551\jre\bin\java.dll
0x00007ffa8a720000 - 0x00007ffa8a738000 	C:\Users\localhost29302\Downloads\spring-tool-suite-4-4.25.0.RELEASE-e4.33.0-win32.win32.x86_64\sts-4.25.0.RELEASE\plugins\org.eclipse.justj.openjdk.hotspot.jre.full.win32.x86_64_21.0.4.v20240802-1551\jre\bin\zip.dll
0x00007ffaabe70000 - 0x00007ffaac5db000 	C:\Windows\System32\SHELL32.dll
0x00007ffaa7e70000 - 0x00007ffaa860e000 	C:\Windows\SYSTEM32\windows.storage.dll
0x00007ffaab9f0000 - 0x00007ffaabd43000 	C:\Windows\System32\combase.dll
0x00007ffaa97a0000 - 0x00007ffaa97ce000 	C:\Windows\SYSTEM32\Wldp.dll
0x00007ffaaa8a0000 - 0x00007ffaaa96d000 	C:\Windows\System32\OLEAUT32.dll
0x00007ffaaaaa0000 - 0x00007ffaaab4d000 	C:\Windows\System32\SHCORE.dll
0x00007ffaac690000 - 0x00007ffaac6e5000 	C:\Windows\System32\shlwapi.dll
0x00007ffaa9d10000 - 0x00007ffaa9d33000 	C:\Windows\SYSTEM32\profapi.dll
0x00007ffaa7430000 - 0x00007ffaa743b000 	C:\Users\localhost29302\Downloads\spring-tool-suite-4-4.25.0.RELEASE-e4.33.0-win32.win32.x86_64\sts-4.25.0.RELEASE\plugins\org.eclipse.justj.openjdk.hotspot.jre.full.win32.x86_64_21.0.4.v20240802-1551\jre\bin\dt_socket.dll
0x00007ffaa9180000 - 0x00007ffaa91bb000 	C:\Windows\SYSTEM32\IPHLPAPI.DLL
0x00007ffaa94a0000 - 0x00007ffaa950a000 	C:\Windows\system32\mswsock.dll
0x00007ffaa91c0000 - 0x00007ffaa928b000 	C:\Windows\SYSTEM32\DNSAPI.dll
0x00007ffaab060000 - 0x00007ffaab068000 	C:\Windows\System32\NSI.dll
0x00007ffaa2660000 - 0x00007ffaa266a000 	C:\Windows\System32\rasadhlp.dll
0x00007ffaa0440000 - 0x00007ffaa04c0000 	C:\Windows\System32\fwpuclnt.dll
0x00007ffa98a40000 - 0x00007ffa98a50000 	C:\Users\localhost29302\Downloads\spring-tool-suite-4-4.25.0.RELEASE-e4.33.0-win32.win32.x86_64\sts-4.25.0.RELEASE\plugins\org.eclipse.justj.openjdk.hotspot.jre.full.win32.x86_64_21.0.4.v20240802-1551\jre\bin\net.dll
0x00007ffaa2bf0000 - 0x00007ffaa2cfa000 	C:\Windows\SYSTEM32\WINHTTP.dll
0x00007ffa8a700000 - 0x00007ffa8a716000 	C:\Users\localhost29302\Downloads\spring-tool-suite-4-4.25.0.RELEASE-e4.33.0-win32.win32.x86_64\sts-4.25.0.RELEASE\plugins\org.eclipse.justj.openjdk.hotspot.jre.full.win32.x86_64_21.0.4.v20240802-1551\jre\bin\nio.dll
0x00007ffa9b9d0000 - 0x00007ffa9b9da000 	C:\Users\localhost29302\Downloads\spring-tool-suite-4-4.25.0.RELEASE-e4.33.0-win32.win32.x86_64\sts-4.25.0.RELEASE\plugins\org.eclipse.justj.openjdk.hotspot.jre.full.win32.x86_64_21.0.4.v20240802-1551\jre\bin\management.dll
0x00007ffa8cb20000 - 0x00007ffa8cb2b000 	C:\Users\localhost29302\Downloads\spring-tool-suite-4-4.25.0.RELEASE-e4.33.0-win32.win32.x86_64\sts-4.25.0.RELEASE\plugins\org.eclipse.justj.openjdk.hotspot.jre.full.win32.x86_64_21.0.4.v20240802-1551\jre\bin\management_ext.dll
0x00007ffaab4e0000 - 0x00007ffaab4e8000 	C:\Windows\System32\PSAPI.DLL
0x00007ffa93990000 - 0x00007ffa939a7000 	C:\Windows\system32\napinsp.dll
0x00007ffa93910000 - 0x00007ffa9392b000 	C:\Windows\system32\pnrpnsp.dll
0x00007ffa93710000 - 0x00007ffa93725000 	C:\Windows\system32\wshbth.dll
0x00007ffaa5760000 - 0x00007ffaa577d000 	C:\Windows\system32\NLAapi.dll
0x00007ffa93180000 - 0x00007ffa93192000 	C:\Windows\System32\winrnr.dll
0x00007ffaa9700000 - 0x00007ffaa9718000 	C:\Windows\SYSTEM32\CRYPTSP.dll
0x00007ffaa8dc0000 - 0x00007ffaa8df4000 	C:\Windows\system32\rsaenh.dll
0x00007ffaa9c90000 - 0x00007ffaa9cbe000 	C:\Windows\SYSTEM32\USERENV.dll
0x00007ffaa96f0000 - 0x00007ffaa96fc000 	C:\Windows\SYSTEM32\CRYPTBASE.dll
0x00007ffa928a0000 - 0x00007ffa928a9000 	C:\Users\localhost29302\Downloads\spring-tool-suite-4-4.25.0.RELEASE-e4.33.0-win32.win32.x86_64\sts-4.25.0.RELEASE\plugins\org.eclipse.justj.openjdk.hotspot.jre.full.win32.x86_64_21.0.4.v20240802-1551\jre\bin\extnet.dll
0x00007ffa93960000 - 0x00007ffa93970000 	C:\Users\localhost29302\Downloads\spring-tool-suite-4-4.25.0.RELEASE-e4.33.0-win32.win32.x86_64\sts-4.25.0.RELEASE\plugins\org.eclipse.justj.openjdk.hotspot.jre.full.win32.x86_64_21.0.4.v20240802-1551\jre\bin\verify.dll
0x00007ffa93560000 - 0x00007ffa9356e000 	C:\Users\localhost29302\Downloads\spring-tool-suite-4-4.25.0.RELEASE-e4.33.0-win32.win32.x86_64\sts-4.25.0.RELEASE\plugins\org.eclipse.justj.openjdk.hotspot.jre.full.win32.x86_64_21.0.4.v20240802-1551\jre\bin\sunmscapi.dll
0x00007ffaaa140000 - 0x00007ffaaa29e000 	C:\Windows\System32\CRYPT32.dll
0x00007ffaa9810000 - 0x00007ffaa9838000 	C:\Windows\SYSTEM32\ncrypt.dll
0x00007ffaa97d0000 - 0x00007ffaa980b000 	C:\Windows\SYSTEM32\NTASN1.dll

dbghelp: loaded successfully - version: 4.0.5 - missing functions: none
symbol engine: initialized successfully - sym options: 0x614 - pdb path: .;C:\Users\localhost29302\Downloads\spring-tool-suite-4-4.25.0.RELEASE-e4.33.0-win32.win32.x86_64\sts-4.25.0.RELEASE\plugins\org.eclipse.justj.openjdk.hotspot.jre.full.win32.x86_64_21.0.4.v20240802-1551\jre\bin;C:\Windows\SYSTEM32;C:\Windows\WinSxS\amd64_microsoft.windows.common-controls_6595b64144ccf1df_6.0.19041.3636_none_60b6a03d71f818d5;C:\Users\localhost29302\Downloads\spring-tool-suite-4-4.25.0.RELEASE-e4.33.0-win32.win32.x86_64\sts-4.25.0.RELEASE\plugins\org.eclipse.justj.openjdk.hotspot.jre.full.win32.x86_64_21.0.4.v20240802-1551\jre\bin\server

VM Arguments:
jvm_args: -XX:+ShowCodeDetailsInExceptionMessages -agentlib:jdwp=transport=dt_socket,suspend=y,address=localhost:56769 -Dcom.sun.management.jmxremote -Dcom.sun.management.jmxremote.port=56768 -Dcom.sun.management.jmxremote.authenticate=false -Dcom.sun.management.jmxremote.ssl=false -Djava.rmi.server.hostname=localhost -Dspring.jmx.enabled=true -Dmanagement.endpoints.jmx.exposure.include=* -Dspring.application.admin.enabled=true -XX:TieredStopAtLevel=1 -Dspring.boot.project.name=SPA-Board -javaagent:C:\Users\localhost29302\Downloads\spring-tool-suite-4-4.25.0.RELEASE-e4.33.0-win32.win32.x86_64\sts-4.25.0.RELEASE\configuration\org.eclipse.osgi\270\0\.cp\lib\javaagent-shaded.jar -Dfile.encoding=UTF-8 -Dstdout.encoding=UTF-8 -Dstderr.encoding=UTF-8 
java_command: com.jihee.kr.SpaBoardApplication --spring.output.ansi.enabled=always
java_class_path (initial): C:\Users\localhost29302\Documents\workspace-spring-tool-suite-4-4.25.0.RELEASE\SPA-Board\target\classes;C:\Users\localhost29302\.m2\repository\org\springframework\boot\spring-boot-starter-data-jpa\3.3.4\spring-boot-starter-data-jpa-3.3.4.jar;C:\Users\localhost29302\.m2\repository\org\springframework\boot\spring-boot-starter-aop\3.3.4\spring-boot-starter-aop-3.3.4.jar;C:\Users\localhost29302\.m2\repository\org\aspectj\aspectjweaver\1.9.22.1\aspectjweaver-1.9.22.1.jar;C:\Users\localhost29302\.m2\repository\org\springframework\boot\spring-boot-starter-jdbc\3.3.4\spring-boot-starter-jdbc-3.3.4.jar;C:\Users\localhost29302\.m2\repository\com\zaxxer\HikariCP\5.1.0\HikariCP-5.1.0.jar;C:\Users\localhost29302\.m2\repository\org\springframework\spring-jdbc\6.1.13\spring-jdbc-6.1.13.jar;C:\Users\localhost29302\.m2\repository\org\springframework\data\spring-data-jpa\3.3.4\spring-data-jpa-3.3.4.jar;C:\Users\localhost29302\.m2\repository\org\springframework\data\spring-data-commons\3.3.4\spring-data-commons-3.3.4.jar;C:\Users\localhost29302\.m2\repository\org\springframework\spring-orm\6.1.13\spring-orm-6.1.13.jar;C:\Users\localhost29302\.m2\repository\org\springframework\spring-context\6.1.13\spring-context-6.1.13.jar;C:\Users\localhost29302\.m2\repository\org\springframework\spring-tx\6.1.13\spring-tx-6.1.13.jar;C:\Users\localhost29302\.m2\repository\org\springframework\spring-beans\6.1.13\spring-beans-6.1.13.jar;C:\Users\localhost29302\.m2\repository\org\slf4j\slf4j-api\2.0.16\slf4j-api-2.0.16.jar;C:\Users\localhost29302\.m2\repository\org\springframework\spring-aspects\6.1.13\spring-aspects-6.1.13.jar;C:\Users\localhost29302\.m2\repository\org\springframework\boot\spring-boot-starter-web\3.3.4\spring-boot-starter-web-3.3.4.jar;C:\Users\localhost29302\.m2\repository\org\springframework\boot\spring-boot-starter\3.3.4\spring-boot-starter-3.3.4.jar;C:\Users\localhost29302\.m2\repository\org\springframework\boot\spring-boot-starter-logging\3.3.4\spring-boot-starter-logging-3.3.4.jar;C:\Users\localhost29302\.m2\repository\ch\qos\logback\logback-classic\1.5.8\logback-classic-1.5.8.jar;C:\Users\localhost29302\.m2\repository\ch\qos\logback\logback-core\1.5.8\logback-core-1.5.8.jar;C:\Users\localhost29302\.m2\repository\org\apache\logging\log4j\log4j-to-slf4j\2.23.1\log4j-to-slf4j-2.23.1.jar;C:\Users\localhost29302\.m2\repository\org\apache\logging\log4j\log4j-api\2.23.1\log4j-api-2.23.1.jar;C:\Users\localhost29302\.m2\repository\org\slf4j\jul-to-slf4j\2.0.16\jul-to-slf4j-2.0.16.jar;C:\Users\localhost29302\.m2\repository\org\yaml\snakeyaml\2.2\snakeyaml-2.2.jar;C:\Users\localhost29302\.m2\repository\org\springframework\boot\spring-boot-starter-json\3.3.4\spring-boot-starter-json-3.3.4.jar;C:\Users\localhost29302\.m2\repository\com\fasterxml\jackson\core\jackson-databind\2.17.2\jackson-databind-2.17.2.jar;C:\Users\localhost29302\.m2\repository\com\fasterxml\jackson\core\jackson-annotations\2.17.2\jackson-annotations-2.17.2.jar;C:\Users\localhost29302\.m2\repository\com\fasterxml\jackson\core\jackson-core\2.17.2\jackson-core-2.17.2.jar;C:\Users\localhost29302\.m2\repository\com\fasterxml\jackson\datatype\jackson-datatype-jdk8\2.17.2\jackson-datatype-jdk8-2.17.2.jar;C:\Users\localhost29302\.m2\repository\com\fasterxml\jackson\datatype\jackson-datatype-jsr310\2.17.2\jackson-datatype-jsr310-2.17.2.jar;C:\Users\localhost29302\.m2\repository\com\fasterxml\jackson\module\jackson-module-parameter-names\2.17.2\jackson-module-parameter-names-2.17.2.jar;C:\Users\localhost29302\.m2\repository\org\springframework\spring-web\6.1.13\spring-web-6.1.13.jar;C:\Users\localhost29302\.m2\repository\io\micrometer\micrometer-observation\1.13.4\micrometer-observation-1.13.4.jar;C:\Users\localhost29302\.m2\repository\io\micrometer\micrometer-commons\1.13.4\micrometer-commons-1.13.4.jar;C:\Users\localhost29302\.m2\repository\org\springframework\spring-webmvc\6.1.13\spring-webmvc-6.1.13.jar;C:\Users\localhost29302\.m2\repository\org\springframework\spring-expression\6.1.13\spring-expression-6.1.13.jar;C:\Users\localhost29302\.m2\repository\org\springframework\boot\spring-boot-devtools\3.3.4\spring-boot-devtools-3.3.4.jar;C:\Users\localhost29302\.m2\repository\org\springframework\boot\spring-boot\3.3.4\spring-boot-3.3.4.jar;C:\Users\localhost29302\.m2\repository\org\springframework\boot\spring-boot-autoconfigure\3.3.4\spring-boot-autoconfigure-3.3.4.jar;C:\Users\localhost29302\.m2\repository\com\oracle\database\jdbc\ojdbc11\21.9.0.0\ojdbc11-21.9.0.0.jar;C:\Users\localhost29302\.m2\repository\org\projectlombok\lombok\1.18.34\lombok-1.18.34.jar;C:\Users\localhost29302\.m2\repository\org\springframework\boot\spring-boot-starter-tomcat\3.3.4\spring-boot-starter-tomcat-3.3.4.jar;C:\Users\localhost29302\.m2\repository\jakarta\annotation\jakarta.annotation-api\2.1.1\jakarta.annotation-api-2.1.1.jar;C:\Users\localhost29302\.m2\repository\org\apache\tomcat\embed\tomcat-embed-core\10.1.30\tomcat-embed-core-10.1.30.jar;C:\Users\localhost29302\.m2\repository\org\apache\tomcat\embed\tomcat-embed-el\10.1.30\tomcat-embed-el-10.1.30.jar;C:\Users\localhost29302\.m2\repository\org\apache\tomcat\embed\tomcat-embed-websocket\10.1.30\tomcat-embed-websocket-10.1.30.jar;C:\Users\localhost29302\.m2\repository\jakarta\xml\bind\jakarta.xml.bind-api\4.0.2\jakarta.xml.bind-api-4.0.2.jar;C:\Users\localhost29302\.m2\repository\jakarta\activation\jakarta.activation-api\2.1.3\jakarta.activation-api-2.1.3.jar;C:\Users\localhost29302\.m2\repository\org\springframework\spring-core\6.1.13\spring-core-6.1.13.jar;C:\Users\localhost29302\.m2\repository\org\springframework\spring-jcl\6.1.13\spring-jcl-6.1.13.jar;C:\Users\localhost29302\.m2\repository\org\hibernate\orm\hibernate-core\6.5.3.Final\hibernate-core-6.5.3.Final.jar;C:\Users\localhost29302\.m2\repository\jakarta\persistence\jakarta.persistence-api\3.1.0\jakarta.persistence-api-3.1.0.jar;C:\Users\localhost29302\.m2\repository\jakarta\transaction\jakarta.transaction-api\2.0.1\jakarta.transaction-api-2.0.1.jar;C:\Users\localhost29302\.m2\repository\org\jboss\logging\jboss-logging\3.5.3.Final\jboss-logging-3.5.3.Final.jar;C:\Users\localhost29302\.m2\repository\org\hibernate\common\hibernate-commons-annotations\6.0.6.Final\hibernate-commons-annotations-6.0.6.Final.jar;C:\Users\localhost29302\.m2\repository\io\smallrye\jandex\3.1.2\jandex-3.1.2.jar;C:\Users\localhost29302\.m2\repository\com\fasterxml\classmate\1.7.0\classmate-1.7.0.jar;C:\Users\localhost29302\.m2\repository\net\bytebuddy\byte-buddy\1.14.19\byte-buddy-1.14.19.jar;C:\Users\localhost29302\.m2\repository\org\glassfish\jaxb\jaxb-runtime\4.0.5\jaxb-runtime-4.0.5.jar;C:\Users\localhost29302\.m2\repository\org\glassfish\jaxb\jaxb-core\4.0.5\jaxb-core-4.0.5.jar;C:\Users\localhost29302\.m2\repository\org\eclipse\angus\angus-activation\2.0.2\angus-activation-2.0.2.jar;C:\Users\localhost29302\.m2\repository\org\glassfish\jaxb\txw2\4.0.5\txw2-4.0.5.jar;C:\Users\localhost29302\.m2\repository\com\sun\istack\istack-commons-runtime\4.1.2\istack-commons-runtime-4.1.2.jar;C:\Users\localhost29302\.m2\repository\jakarta\inject\jakarta.inject-api\2.0.1\jakarta.inject-api-2.0.1.jar;C:\Users\localhost29302\.m2\repository\org\antlr\antlr4-runtime\4.13.0\antlr4-runtime-4.13.0.jar;C:\Users\localhost29302\.m2\repository\org\springframework\boot\spring-boot-starter-security\3.3.4\spring-boot-starter-security-3.3.4.jar;C:\Users\localhost29302\.m2\repository\org\springframework\spring-aop\6.1.13\spring-aop-6.1.13.jar;C:\Users\localhost29302\.m2\repository\org\springframework\security\spring-security-config\6.3.3\spring-security-config-6.3.3.jar;C:\Users\localhost29302\.m2\repository\org\springframework\security\spring-security-core\6.3.3\spring-security-core-6.3.3.jar;C:\Users\localhost29302\.m2\repository\org\springframework\security\spring-security-web\6.3.3\spring-security-web-6.3.3.jar;C:\Users\localhost29302\.m2\repository\org\springframework\security\spring-security-crypto\6.3.3\spring-security-crypto-6.3.3.jar
Launcher Type: SUN_STANDARD

[Global flags]
     intx CICompilerCount                          = 12                                        {product} {ergonomic}
     uint ConcGCThreads                            = 3                                         {product} {ergonomic}
     uint G1ConcRefinementThreads                  = 13                                        {product} {ergonomic}
   size_t G1HeapRegionSize                         = 2097152                                   {product} {ergonomic}
    uintx GCDrainStackTargetSize                   = 64                                        {product} {ergonomic}
   size_t InitialHeapSize                          = 232783872                                 {product} {ergonomic}
     bool ManagementServer                         = true                                      {product} {command line}
   size_t MarkStackSize                            = 4194304                                   {product} {ergonomic}
   size_t MaxHeapSize                              = 3722444800                                {product} {ergonomic}
   size_t MaxNewSize                               = 2233466880                                {product} {ergonomic}
   size_t MinHeapDeltaBytes                        = 2097152                                   {product} {ergonomic}
   size_t MinHeapSize                              = 8388608                                   {product} {ergonomic}
    uintx NonNMethodCodeHeapSize                   = 4096                                   {pd product} {ergonomic}
    uintx NonProfiledCodeHeapSize                  = 0                                      {pd product} {ergonomic}
     bool ProfileInterpreter                       = false                                  {pd product} {command line}
    uintx ProfiledCodeHeapSize                     = 0                                      {pd product} {ergonomic}
     bool ShowCodeDetailsInExceptionMessages       = true                                   {manageable} {command line}
   size_t SoftMaxHeapSize                          = 3722444800                             {manageable} {ergonomic}
     intx TieredStopAtLevel                        = 1                                         {product} {command line}
     bool UseCompressedOops                        = true                           {product lp64_product} {ergonomic}
     bool UseG1GC                                  = true                                      {product} {ergonomic}
     bool UseLargePagesIndividualAllocation        = false                                  {pd product} {ergonomic}

Logging:
Log output configuration:
 #0: stdout all=warning uptime,level,tags foldmultilines=false
 #1: stderr all=off uptime,level,tags foldmultilines=false

Environment Variables:
PATH=C:\Users\localhost29302\Downloads\spring-tool-suite-4-4.25.0.RELEASE-e4.33.0-win32.win32.x86_64\sts-4.25.0.RELEASE\plugins\org.eclipse.justj.openjdk.hotspot.jre.full.win32.x86_64_21.0.4.v20240802-1551\jre\bin;C:/Users/localhost29302/Downloads/spring-tool-suite-4-4.25.0.RELEASE-e4.33.0-win32.win32.x86_64/sts-4.25.0.RELEASE//plugins/org.eclipse.justj.openjdk.hotspot.jre.full.win32.x86_64_21.0.4.v20240802-1551/jre/bin/server;C:/Users/localhost29302/Downloads/spring-tool-suite-4-4.25.0.RELEASE-e4.33.0-win32.win32.x86_64/sts-4.25.0.RELEASE//plugins/org.eclipse.justj.openjdk.hotspot.jre.full.win32.x86_64_21.0.4.v20240802-1551/jre/bin;C:\Program Files\Common Files\Oracle\Java\javapath;C:\oraclexe\app\oracle\product\11.2.0\server\bin;;C:\Windows\system32;C:\Windows;C:\Windows\System32\Wbem;C:\Windows\System32\WindowsPowerShell\v1.0\;C:\Windows\System32\OpenSSH\;C:\Program Files\Bandizip\;C:\Program Files\nodejs\;C:\Program Files\dotnet\;C:\Users\localhost29302\AppData\Local\Microsoft\WindowsApps;C:\Users\localhost29302\AppData\Roaming\npm;C:\Users\localhost29302\AppData\Local\Programs\Microsoft VS Code\bin;C:\Users\localhost29302\Downloads\spring-tool-suite-4-4.25.0.RELEASE-e4.33.0-win32.win32.x86_64\sts-4.25.0.RELEASE;
USERNAME=localhost29302
OS=Windows_NT
PROCESSOR_IDENTIFIER=AMD64 Family 23 Model 104 Stepping 1, AuthenticAMD
TMP=C:\Users\LOCALH~1\AppData\Local\Temp
TEMP=C:\Users\LOCALH~1\AppData\Local\Temp




Periodic native trim disabled

---------------  S Y S T E M  ---------------

OS:
 Windows 10 , 64 bit Build 19041 (10.0.19041.3636)
OS uptime: 2 days 17:43 hours

CPU: total 16 (initial active 16) (16 cores per cpu, 2 threads per core) family 23 model 104 stepping 1 microcode 0x0, cx8, cmov, fxsr, ht, mmx, 3dnowpref, sse, sse2, sse3, ssse3, sse4a, sse4.1, sse4.2, popcnt, lzcnt, tsc, tscinvbit, avx, avx2, aes, clmul, bmi1, bmi2, adx, sha, fma, vzeroupper, clflush, clflushopt, rdtscp, rdpid, f16c
Processor Information for all 16 processors :
  Max Mhz: 1801, Current Mhz: 1801, Mhz Limit: 1801

Memory: 4k page, system-wide physical 14197M (3860M free)
TotalPageFile size 18165M (AvailPageFile size 5745M)
current process WorkingSet (physical memory assigned to process): 157M, peak: 229M
current process commit charge ("private bytes"): 200M, peak: 339M

vm_info: OpenJDK 64-Bit Server VM (21.0.4+7-LTS) for windows-amd64 JRE (21.0.4+7-LTS), built on 2024-07-16T00:00:00Z by "admin" with MS VC++ 17.7 (VS2022)

END.
