#
# A fatal error has been detected by the Java Runtime Environment:
#
#  EXCEPTION_ACCESS_VIOLATION (0xc0000005) at pc=0x000001e357711050, pid=6100, tid=15500
#
# JRE version: OpenJDK Runtime Environment Temurin-21.0.4+7 (21.0.4+7) (build 21.0.4+7-LTS)
# Java VM: OpenJDK 64-Bit Server VM Temurin-21.0.4+7 (21.0.4+7-LTS, mixed mode, emulated-client, tiered, compressed oops, compressed class ptrs, g1 gc, windows-amd64)
# Problematic frame:
# v  ~BufferBlob::MethodHandles adapters 0x000001e357711050
#
# No core dump will be written. Minidumps are not enabled by default on client versions of Windows
#
# If you would like to submit a bug report, please visit:
#   https://github.com/adoptium/adoptium-support/issues
#

---------------  S U M M A R Y ------------

Command Line: -XX:+ShowCodeDetailsInExceptionMessages -agentlib:jdwp=transport=dt_socket,suspend=y,address=localhost:64611 -Dcom.sun.management.jmxremote -Dcom.sun.management.jmxremote.port=64610 -Dcom.sun.management.jmxremote.authenticate=false -Dcom.sun.management.jmxremote.ssl=false -Djava.rmi.server.hostname=localhost -Dspring.jmx.enabled=true -Dmanagement.endpoints.jmx.exposure.include=* -Dspring.application.admin.enabled=true -XX:TieredStopAtLevel=1 -Dspring.boot.project.name=SPA-Board -javaagent:C:\Users\localhost29302\Downloads\spring-tool-suite-4-4.25.0.RELEASE-e4.33.0-win32.win32.x86_64\sts-4.25.0.RELEASE\configuration\org.eclipse.osgi\270\0\.cp\lib\javaagent-shaded.jar -Dfile.encoding=UTF-8 -Dstdout.encoding=UTF-8 -Dstderr.encoding=UTF-8 com.jihee.kr.SpaBoardApplication --spring.output.ansi.enabled=always

Host: AMD Ryzen 7 5700U with Radeon Graphics         , 16 cores, 13G,  Windows 10 , 64 bit Build 19041 (10.0.19041.3636)
Time: Mon Oct 14 14:34:00 2024  Windows 10 , 64 bit Build 19041 (10.0.19041.3636) elapsed time: 130.215983 seconds (0d 0h 2m 10s)

---------------  T H R E A D  ---------------

Current thread (0x000001e36813be50):  JavaThread "restartedMain"        [_thread_in_Java, id=15500, stack(0x000000aa2f600000,0x000000aa2f700000) (1024K)]

Stack: [0x000000aa2f600000,0x000000aa2f700000],  sp=0x000000aa2f6fdaf8,  free space=1014k
Native frames: (J=compiled Java code, j=interpreted, Vv=VM code, C=native code)
C  0x000001e357711050

The last pc belongs to _linkToSpecial (printed below).

siginfo: EXCEPTION_ACCESS_VIOLATION (0xc0000005), reading address 0xffffffffffffffff


Registers:
RAX=0x000001e3576e9086, RBX=0xe4ef6fd400000000, RCX=0x000000aa2f6fdb00, RDX=0x0000000000000002
RSP=0x000000aa2f6fdaf8, RBP=0x000000aa2f6fdb48, RSI=0x000001e3678f4db8, RDI=0x000001e36a5ec110
R8 =0x0000000000000004, R9 =0x0000000000000004, R10=0x00007ffa70b97040, R11=0x000001e3633f48d8
R12=0x0000000000000000, R13=0x000000aa2f6fdaf8, R14=0x000000aa2f6fdb68, R15=0x000001e36813be50
RIP=0x000001e357711050, EFLAGS=0x0000000000010202


Register to memory mapping:

RAX=0x000001e3576e9086 is at code_begin+3078 in an Interpreter codelet
return entry points  [0x000001e3576e8480, 0x000001e3576ea298]  7704 bytes
RBX=0xe4ef6fd400000000 is an unknown value
RCX=0x000000aa2f6fdb00 is pointing into the stack for thread: 0x000001e36813be50
RDX=0x0000000000000002 is an unknown value
RSP=0x000000aa2f6fdaf8 is pointing into the stack for thread: 0x000001e36813be50
RBP=0x000000aa2f6fdb48 is pointing into the stack for thread: 0x000001e36813be50
RSI=0x000001e3678f4db8 points into unknown readable memory: 0x80000e00fb7cf5eb | eb f5 7c fb 00 0e 00 80
RDI=0x000001e36a5ec110 points into unknown readable memory: 0x0000001800000070 | 70 00 00 00 18 00 00 00
R8 =0x0000000000000004 is an unknown value
R9 =0x0000000000000004 is an unknown value
R10=0x00007ffa70b97040 jvm.dll
R11={method} {0x000001e3633f48e0} 'newInvokeSpecial' '(Ljava/lang/Object;)Ljava/lang/Object;' in 'java/lang/invoke/DirectMethodHandle$Holder'
R12=0x0 is null
R13=0x000000aa2f6fdaf8 is pointing into the stack for thread: 0x000001e36813be50
R14=0x000000aa2f6fdb68 is pointing into the stack for thread: 0x000001e36813be50
R15=0x000001e36813be50 is a thread

Top of Stack: (sp=0x000000aa2f6fdaf8)
0x000000aa2f6fdaf8:   000001e3576e9086 000000aa2f6fdb00
0x000000aa2f6fdb08:   000001e3633f48c7 0000000000000004
0x000000aa2f6fdb18:   000001e3633f86a0 00000007246b88a0
0x000000aa2f6fdb28:   00000007224e0408 000001e3633f48d8
0x000000aa2f6fdb38:   000000aa2f6fdaf8 000000aa2f6fdb70
0x000000aa2f6fdb48:   000000aa2f6fdee0 000001e357b127cb
0x000000aa2f6fdb58:   00000007277b7da8 00000007277b7e50
0x000000aa2f6fdb68:   00000007277b7e08 00000007277b7b68
0x000000aa2f6fdb78:   00007ffaa2142bb0 000000aa2f6fdee0
0x000000aa2f6fdb88:   000001e35819ad0c 0000000000000000
0x000000aa2f6fdb98:   00007ffa70477541 000001e36263ba10
0x000000aa2f6fdba8:   000000aa2f6fb310 000001e36a1b0301
0x000000aa2f6fdbb8:   000001e369bbf100 000001e36263ba10
0x000000aa2f6fdbc8:   00007ffa704576de 000001e36813be50
0x000000aa2f6fdbd8:   000001e36263ba10 0000000000000000
0x000000aa2f6fdbe8:   000000072251d4c0 00000007246b88a0
0x000000aa2f6fdbf8:   00000007277b7a30 00000007277b7a30
0x000000aa2f6fdc08:   00000007277b7b68 00000007277b7e38
0x000000aa2f6fdc18:   00000007277b7bc0 00000007246b88a0
0x000000aa2f6fdc28:   0000000000000001 000000aa2f6fdee0
0x000000aa2f6fdc38:   000001e300000000 0000000000000000
0x000000aa2f6fdc48:   0000000000000000 00000007277b7e08
0x000000aa2f6fdc58:   000001e357b1145c 0000000000000000
0x000000aa2f6fdc68:   0000000000000000 0000000000000000
0x000000aa2f6fdc78:   000001e3679a9100 000001e36813be50
0x000000aa2f6fdc88:   0000000000000000 00000007277b7b68
0x000000aa2f6fdc98:   0000000000000000 00000007277b7a30
0x000000aa2f6fdca8:   00000007277b7e38 00000007277b7b68
0x000000aa2f6fdcb8:   0000000000000000 00000007277b7b00
0x000000aa2f6fdcc8:   000001e357b11cec 000000aa2f6fdee0
0x000000aa2f6fdcd8:   000001e357a82bca 0000000000000000
0x000000aa2f6fdce8:   000001e357947489 000001e36813be50 

Instructions: (pc=0x000001e357711050)
0x000001e357710f50:   bf e0 05 00 00 00 74 03 ff 63 38 ff 63 50 e9 9d
0x000001e357710f60:   16 00 00 66 66 66 0f 1f 84 00 00 00 00 00 66 0f
0x000001e357710f70:   1f 84 00 00 00 00 00 66 0f 1f 84 00 00 00 00 00
0x000001e357710f80:   48 8b 53 08 0f b7 52 2e 48 8b 0c d4 58 5b 50 44
0x000001e357710f90:   8b 51 08 49 bb 00 00 00 00 08 00 00 00 4d 03 d3
0x000001e357710fa0:   4c 8b 5b 10 4b 8b 9c da c8 01 00 00 48 85 db 0f
0x000001e357710fb0:   84 10 00 00 00 41 80 bf e0 05 00 00 00 74 03 ff
0x000001e357710fc0:   63 38 ff 63 50 e9 36 16 00 00 66 66 66 0f 1f 84
0x000001e357710fd0:   00 00 00 00 00 66 66 66 0f 1f 84 00 00 00 00 00
0x000001e357710fe0:   58 5b 50 8b 5b 24 48 c1 e3 03 48 8b 5b 10 48 85
0x000001e357710ff0:   db 0f 84 10 00 00 00 41 80 bf e0 05 00 00 00 74
0x000001e357711000:   03 ff 63 38 ff 63 50 e9 f4 15 00 00 66 66 0f 1f
0x000001e357711010:   84 00 00 00 00 00 66 66 0f 1f 84 00 00 00 00 00
0x000001e357711020:   48 8b 53 08 0f b7 52 2e 48 8b 0c d4 58 5b 50 48
0x000001e357711030:   3b 01 8b 5b 24 48 c1 e3 03 48 8b 5b 10 48 85 db
0x000001e357711040:   0f 84 10 00 00 00 41 80 bf e0 05 00 00 00 74 03
0x000001e357711050:   ff 63 38 ff 63 50 e9 a5 15 00 00 0f 1f 44 00 00
0x000001e357711060:   48 8b 53 08 0f b7 52 2e 48 8b 0c d4 58 5b 50 44
0x000001e357711070:   8b 51 08 49 bb 00 00 00 00 08 00 00 00 4d 03 d3
0x000001e357711080:   8b 43 18 48 c1 e0 03 48 8b 40 10 48 8b 5b 10 45
0x000001e357711090:   8b 9a a0 00 00 00 4f 8d 9c da c8 01 00 00 4d 8d
0x000001e3577110a0:   14 da 49 8b 1b 48 3b c3 74 15 48 85 db 0f 84 32
0x000001e3577110b0:   00 00 00 49 83 c3 10 49 8b 1b 48 3b c3 75 eb 45
0x000001e3577110c0:   8b 5b 08 4b 8b 1c 1a 48 85 db 0f 84 10 00 00 00
0x000001e3577110d0:   41 80 bf e0 05 00 00 00 74 03 ff 63 38 ff 63 50
0x000001e3577110e0:   e9 1b 15 00 00 e9 16 12 00 00 f4 00 00 00 00 00
0x000001e3577110f0:   00 00 00 00 00 00 00 00 00 00 00 00 00 00 00 00
0x000001e357711100:   00 00 00 00 00 00 00 00 00 00 00 00 00 00 00 00
0x000001e357711110:   00 00 00 00 00 00 00 00 00 00 00 00 00 00 00 00
0x000001e357711120:   00 00 00 00 00 00 00 00 00 00 00 00 00 00 00 00
0x000001e357711130:   00 00 00 00 00 00 00 00 00 00 00 00 00 00 00 00
0x000001e357711140:   00 00 00 00 00 00 00 00 00 00 00 00 00 00 00 00 


Stack slot to memory mapping:

stack at sp + 0 slots: 0x000001e3576e9086 is at code_begin+3078 in an Interpreter codelet
return entry points  [0x000001e3576e8480, 0x000001e3576ea298]  7704 bytes
stack at sp + 1 slots: 0x000000aa2f6fdb00 is pointing into the stack for thread: 0x000001e36813be50
stack at sp + 2 slots: 0x000001e3633f48c7 is pointing into metadata
stack at sp + 3 slots: 0x0000000000000004 is an unknown value
stack at sp + 4 slots: 0x000001e3633f86a0 is pointing into metadata
stack at sp + 5 slots: 0x00000007246b88a0 is an oop: java.lang.Class 
{0x00000007246b88a0} - klass: 'java/lang/Class'
 - ---- fields (total size 14 words):
 - private volatile transient 'classRedefinedCount' 'I' @12  1 (0x00000001)
 - injected 'klass' 'J' @16  34371294208 (0x0000000800b05400)
 - injected 'array_klass' 'J' @24  0 (0x0000000000000000)
 - injected 'oop_size' 'I' @32  14 (0x0000000e)
 - injected 'static_oop_field_count' 'I' @36  0 (0x00000000)
 - private volatile transient 'cachedConstructor' 'Ljava/lang/reflect/Constructor;' @40  null (0x00000000)
 - private transient 'name' 'Ljava/lang/String;' @44  "com.ji.controller.AuthController"{0x0000000723ef4098} (0xe47de813)
 - private transient 'module' 'Ljava/lang/Module;' @48  a 'java/lang/Module'{0x000000072466d910} (0xe48cdb22)
 - private final 'classLoader' 'Ljava/lang/ClassLoader;' @52  a 'org/springframework/boot/devtools/restart/classloader/RestartClassLoader'{0x0000000724635ed0} (0xe48c6bda)
 - private transient 'classData' 'Ljava/lang/Object;' @56  null (0x00000000)
 - private transient 'packageName' 'Ljava/lang/String;' @60  "com.ji.controller"{0x0000000723ef4008} (0xe47de801)
 - private final 'componentType' 'Ljava/lang/Class;' @64  null (0x00000000)
 - private volatile transient 'reflectionData' 'Ljava/lang/ref/SoftReference;' @68  a 'java/lang/ref/SoftReference'{0x00000007246baf38} (0xe48d75e7)
 - private volatile transient 'genericInfo' 'Lsun/reflect/generics/repository/ClassRepository;' @72  null (0x00000000)
 - private volatile transient 'enumConstants' '[Ljava/lang/Object;' @76  null (0x00000000)
 - private volatile transient 'enumConstantDirectory' 'Ljava/util/Map;' @80  null (0x00000000)
 - private volatile transient 'annotationData' 'Ljava/lang/Class$AnnotationData;' @84  a 'java/lang/Class$AnnotationData'{0x00000007246bafb0} (0xe48d75f6)
 - private volatile transient 'annotationType' 'Lsun/reflect/annotation/AnnotationType;' @88  null (0x00000000)
 - transient 'classValueMap' 'Ljava/lang/ClassValue$ClassValueMap;' @92  null (0x00000000)
 - injected 'protection_domain' 'Ljava/lang/Object;' @96  a 'java/security/ProtectionDomain'{0x000000072466fec0} (0xe48cdfd8)
 - injected 'signers_name' 'Ljava/lang/Object;' @100  null (0x00000000)
 - injected 'source_file' 'Ljava/lang/Object;' @104  null (0x00000000)
 - signature: Lcom/ji/controller/AuthController;
 - ---- static fields (0):
stack at sp + 6 slots: 0x00000007224e0408 is an oop: java.lang.Class 
{0x00000007224e0408} - klass: 'java/lang/Class'
 - ---- fields (total size 14 words):
 - private volatile transient 'classRedefinedCount' 'I' @12  0 (0x00000000)
 - injected 'klass' 'J' @16  34359952984 (0x0000000800034658)
 - injected 'array_klass' 'J' @24  0 (0x0000000000000000)
 - injected 'oop_size' 'I' @32  14 (0x0000000e)
 - injected 'static_oop_field_count' 'I' @36  0 (0x00000000)
 - private volatile transient 'cachedConstructor' 'Ljava/lang/reflect/Constructor;' @40  null (0x00000000)
 - private transient 'name' 'Ljava/lang/String;' @44  null (0x00000000)
 - private transient 'module' 'Ljava/lang/Module;' @48  a 'java/lang/Module'{0x0000000722503ad0} (0xe44a075a)
 - private final 'classLoader' 'Ljava/lang/ClassLoader;' @52  null (0x00000000)
 - private transient 'classData' 'Ljava/lang/Object;' @56  null (0x00000000)
 - private transient 'packageName' 'Ljava/lang/String;' @60  null (0x00000000)
 - private final 'componentType' 'Ljava/lang/Class;' @64  null (0x00000000)
 - private volatile transient 'reflectionData' 'Ljava/lang/ref/SoftReference;' @68  null (0x00000000)
 - private volatile transient 'genericInfo' 'Lsun/reflect/generics/repository/ClassRepository;' @72  null (0x00000000)
 - private volatile transient 'enumConstants' '[Ljava/lang/Object;' @76  null (0x00000000)
 - private volatile transient 'enumConstantDirectory' 'Ljava/util/Map;' @80  null (0x00000000)
 - private volatile transient 'annotationData' 'Ljava/lang/Class$AnnotationData;' @84  null (0x00000000)
 - private volatile transient 'annotationType' 'Lsun/reflect/annotation/AnnotationType;' @88  null (0x00000000)
 - transient 'classValueMap' 'Ljava/lang/ClassValue$ClassValueMap;' @92  null (0x00000000)
 - injected 'protection_domain' 'Ljava/lang/Object;' @96  null (0x00000000)
 - injected 'signers_name' 'Ljava/lang/Object;' @100  null (0x00000000)
 - injected 'source_file' 'Ljava/lang/Object;' @104  null (0x00000000)
 - signature: Ljava/lang/invoke/DirectMethodHandle$Holder;
 - ---- static fields (0):
stack at sp + 7 slots: {method} {0x000001e3633f48e0} 'newInvokeSpecial' '(Ljava/lang/Object;)Ljava/lang/Object;' in 'java/lang/invoke/DirectMethodHandle$Holder'

MethodHandle::interpreter_entry::_linkToSpecial [0x000001e35771100c, 0x000001e35771105b] (79 bytes)
[MachCode]
  0x000001e35771100c: 6666 0f1f | 8400 0000 | 0000 6666 | 0f1f 8400 | 0000 0000 | 488b 5308 | 0fb7 522e | 488b 0cd4 
  0x000001e35771102c: 585b 5048 | 3b01 8b5b | 2448 c1e3 | 0348 8b5b | 1048 85db | 0f84 1000 | 0000 4180 | bfe0 0500 
  0x000001e35771104c: 0000 7403 | ff63 38ff | 6350 e9a5 | 
[/MachCode]

---------------  P R O C E S S  ---------------

Threads class SMR info:
_java_thread_list=0x000001e367c286c0, length=30, elements={
0x000001e3623af290, 0x000001e3623b1fc0, 0x000001e362420ae0, 0x000001e362409860,
0x000001e3623ffa50, 0x000001e36240c2d0, 0x000001e36240cd30, 0x000001e3624d3740,
0x000001e36267e370, 0x000001e3626814a0, 0x000001e362681b20, 0x000001e367476a90,
0x000001e3677248c0, 0x000001e367723b60, 0x000001e367763f00, 0x000001e367e69120,
0x000001e367e62ac0, 0x000001e367e62430, 0x000001e367e63150, 0x000001e36a5f4670,
0x000001e368139d80, 0x000001e36813aaa0, 0x000001e36813a410, 0x000001e36813be50,
0x000001e368414c90, 0x000001e368138340, 0x000001e368136f90, 0x000001e368139060,
0x000001e36813cb70, 0x000001e36813d200
}

Java Threads: ( => current thread )
  0x000001e3623af290 JavaThread "Reference Handler"          daemon [_thread_blocked, id=864, stack(0x000000aa2ff00000,0x000000aa30000000) (1024K)]
  0x000001e3623b1fc0 JavaThread "Finalizer"                  daemon [_thread_blocked, id=7824, stack(0x000000aa30000000,0x000000aa30100000) (1024K)]
  0x000001e362420ae0 JavaThread "Signal Dispatcher"          daemon [_thread_blocked, id=10524, stack(0x000000aa30100000,0x000000aa30200000) (1024K)]
  0x000001e362409860 JavaThread "Attach Listener"            daemon [_thread_blocked, id=3108, stack(0x000000aa30200000,0x000000aa30300000) (1024K)]
  0x000001e3623ffa50 JavaThread "Service Thread"             daemon [_thread_blocked, id=10296, stack(0x000000aa30300000,0x000000aa30400000) (1024K)]
  0x000001e36240c2d0 JavaThread "Monitor Deflation Thread"   daemon [_thread_blocked, id=7532, stack(0x000000aa30400000,0x000000aa30500000) (1024K)]
  0x000001e36240cd30 JavaThread "C1 CompilerThread0"         daemon [_thread_blocked, id=4340, stack(0x000000aa30500000,0x000000aa30600000) (1024K)]
  0x000001e3624d3740 JavaThread "Common-Cleaner"             daemon [_thread_blocked, id=10632, stack(0x000000aa30700000,0x000000aa30800000) (1024K)]
  0x000001e36267e370 JavaThread "JDWP Transport Listener: dt_socket" daemon [_thread_blocked, id=10360, stack(0x000000aa30800000,0x000000aa30900000) (1024K)]
  0x000001e3626814a0 JavaThread "JDWP Event Helper Thread"   daemon [_thread_blocked, id=14108, stack(0x000000aa30900000,0x000000aa30a00000) (1024K)]
  0x000001e362681b20 JavaThread "JDWP Command Reader"        daemon [_thread_in_native, id=11992, stack(0x000000aa30a00000,0x000000aa30b00000) (1024K)]
  0x000001e367476a90 JavaThread "Notification Thread"        daemon [_thread_blocked, id=11376, stack(0x000000aa30b00000,0x000000aa30c00000) (1024K)]
  0x000001e3677248c0 JavaThread "RMI TCP Accept-0"           daemon [_thread_in_native, id=11660, stack(0x000000aa31600000,0x000000aa31700000) (1024K)]
  0x000001e367723b60 JavaThread "RMI TCP Accept-64610"       daemon [_thread_in_native, id=10680, stack(0x000000aa31700000,0x000000aa31800000) (1024K)]
  0x000001e367763f00 JavaThread "RMI TCP Accept-0"           daemon [_thread_in_native, id=15640, stack(0x000000aa31800000,0x000000aa31900000) (1024K)]
  0x000001e367e69120 JavaThread "RMI Scheduler(0)"           daemon [_thread_blocked, id=7652, stack(0x000000aa32200000,0x000000aa32300000) (1024K)]
  0x000001e367e62ac0 JavaThread "JMX server connection timeout 56" daemon [_thread_blocked, id=14912, stack(0x000000aa32400000,0x000000aa32500000) (1024K)]
  0x000001e367e62430 JavaThread "oracle.jdbc.driver.BlockSource.ThreadedCachingBlockSource.BlockReleaser" daemon [_thread_blocked, id=5212, stack(0x000000aa32500000,0x000000aa32600000) (1024K)]
  0x000001e367e63150 JavaThread "InterruptTimer"             daemon [_thread_blocked, id=936, stack(0x000000aa32800000,0x000000aa32900000) (1024K)]
  0x000001e36a5f4670 JavaThread "Live Reload Server"         daemon [_thread_in_native, id=11220, stack(0x000000aa33100000,0x000000aa33200000) (1024K)]
  0x000001e368139d80 JavaThread "DestroyJavaVM"                     [_thread_blocked, id=13228, stack(0x000000aa2f700000,0x000000aa2f800000) (1024K)]
  0x000001e36813aaa0 JavaThread "RMI TCP Connection(10)-127.0.0.1" daemon [_thread_in_native, id=15056, stack(0x000000aa34000000,0x000000aa34100000) (1024K)]
  0x000001e36813a410 JavaThread "Thread-8"                          [_thread_blocked, id=5140, stack(0x000000aa2f400000,0x000000aa2f500000) (1024K)]
=>0x000001e36813be50 JavaThread "restartedMain"                     [_thread_in_Java, id=15500, stack(0x000000aa2f600000,0x000000aa2f700000) (1024K)]
  0x000001e368414c90 JavaThread "C1 CompilerThread1"         daemon [_thread_blocked, id=13540, stack(0x000000aa30d00000,0x000000aa30e00000) (1024K)]
  0x000001e368138340 JavaThread "OJDBC-WORKER-THREAD-2"      daemon [_thread_blocked, id=15752, stack(0x000000aa32100000,0x000000aa32200000) (1024K)]
  0x000001e368136f90 JavaThread "HikariPool-2 housekeeper"   daemon [_thread_blocked, id=15868, stack(0x000000aa32300000,0x000000aa32400000) (1024K)]
  0x000001e368139060 JavaThread "Catalina-utility-1"                [_thread_blocked, id=14752, stack(0x000000aa32700000,0x000000aa32800000) (1024K)]
  0x000001e36813cb70 JavaThread "Catalina-utility-2"                [_thread_blocked, id=13612, stack(0x000000aa32900000,0x000000aa32a00000) (1024K)]
  0x000001e36813d200 JavaThread "container-0"                       [_thread_blocked, id=12052, stack(0x000000aa32a00000,0x000000aa32b00000) (1024K)]
Total: 30

Other Threads:
  0x000001e362349480 VMThread "VM Thread"                           [id=8920, stack(0x000000aa2fe00000,0x000000aa2ff00000) (1024K)] _threads_hazard_ptr=0x000001e367c286c0
  0x000001e361716380 WatcherThread "VM Periodic Task Thread"        [id=14488, stack(0x000000aa2fd00000,0x000000aa2fe00000) (1024K)]
  0x000001e353c40a90 WorkerThread "GC Thread#0"                     [id=13244, stack(0x000000aa2f800000,0x000000aa2f900000) (1024K)]
  0x000001e367670870 WorkerThread "GC Thread#1"                     [id=14704, stack(0x000000aa30e00000,0x000000aa30f00000) (1024K)]
  0x000001e367670fb0 WorkerThread "GC Thread#2"                     [id=7668, stack(0x000000aa30f00000,0x000000aa31000000) (1024K)]
  0x000001e367671e30 WorkerThread "GC Thread#3"                     [id=16144, stack(0x000000aa31000000,0x000000aa31100000) (1024K)]
  0x000001e3676721d0 WorkerThread "GC Thread#4"                     [id=15840, stack(0x000000aa31100000,0x000000aa31200000) (1024K)]
  0x000001e367671350 WorkerThread "GC Thread#5"                     [id=10108, stack(0x000000aa31200000,0x000000aa31300000) (1024K)]
  0x000001e3676716f0 WorkerThread "GC Thread#6"                     [id=9904, stack(0x000000aa31300000,0x000000aa31400000) (1024K)]
  0x000001e367670c10 WorkerThread "GC Thread#7"                     [id=3176, stack(0x000000aa31400000,0x000000aa31500000) (1024K)]
  0x000001e367671a90 WorkerThread "GC Thread#8"                     [id=1880, stack(0x000000aa31500000,0x000000aa31600000) (1024K)]
  0x000001e367c71ea0 WorkerThread "GC Thread#9"                     [id=2168, stack(0x000000aa31900000,0x000000aa31a00000) (1024K)]
  0x000001e367c708e0 WorkerThread "GC Thread#10"                    [id=3304, stack(0x000000aa31a00000,0x000000aa31b00000) (1024K)]
  0x000001e367c71760 WorkerThread "GC Thread#11"                    [id=6520, stack(0x000000aa31b00000,0x000000aa31c00000) (1024K)]
  0x000001e367c713c0 WorkerThread "GC Thread#12"                    [id=10144, stack(0x000000aa31c00000,0x000000aa31d00000) (1024K)]
  0x000001e353c500a0 ConcurrentGCThread "G1 Main Marker"            [id=6156, stack(0x000000aa2f900000,0x000000aa2fa00000) (1024K)]
  0x000001e353c50ab0 WorkerThread "G1 Conc#0"                       [id=15204, stack(0x000000aa2fa00000,0x000000aa2fb00000) (1024K)]
  0x000001e367c72240 WorkerThread "G1 Conc#1"                       [id=9260, stack(0x000000aa31f00000,0x000000aa32000000) (1024K)]
  0x000001e367c71b00 WorkerThread "G1 Conc#2"                       [id=6408, stack(0x000000aa32000000,0x000000aa32100000) (1024K)]
  0x000001e3615e63b0 ConcurrentGCThread "G1 Refine#0"               [id=12468, stack(0x000000aa2fb00000,0x000000aa2fc00000) (1024K)]
  0x000001e3615e9050 ConcurrentGCThread "G1 Service"                [id=13868, stack(0x000000aa2fc00000,0x000000aa2fd00000) (1024K)]
Total: 21

Threads with active compile tasks:
Total: 0

VM state: synchronizing (normal execution)

VM Mutex/Monitor currently owned by a thread:  ([mutex/lock_event])
[0x00007ffa70b87308] Threads_lock - owner thread: 0x000001e362349480

Heap address: 0x0000000722200000, size: 3550 MB, Compressed Oops mode: Zero based, Oop shift amount: 3

CDS archive(s) not mapped
Compressed class space mapped at: 0x0000000800000000-0x0000000840000000, reserved size: 1073741824
Narrow klass base: 0x0000000800000000, Narrow klass shift: 0, Narrow klass range: 0x40000000

GC Precious Log:
 CardTable entry size: 512
 Card Set container configuration: InlinePtr #cards 4 size 8 Array Of Cards #cards 16 size 48 Howl #buckets 8 coarsen threshold 3686 Howl Bitmap #cards 512 size 80 coarsen threshold 460 Card regions per heap region 1 cards per card region 4096
 CPUs: 16 total, 16 available
 Memory: 14197M
 Large Page Support: Disabled
 NUMA Support: Disabled
 Compressed Oops: Enabled (Zero based)
 Heap Region Size: 2M
 Heap Min Capacity: 8M
 Heap Initial Capacity: 222M
 Heap Max Capacity: 3550M
 Pre-touch: Disabled
 Parallel Workers: 13
 Concurrent Workers: 3
 Concurrent Refinement Workers: 13
 Periodic GC: Disabled

Heap:
 garbage-first heap   total 96256K, used 41609K [0x0000000722200000, 0x0000000800000000)
  region size 2048K, 9 young (18432K), 3 survivors (6144K)
 Metaspace       used 81607K, committed 82752K, reserved 1179648K
  class space    used 10794K, committed 11264K, reserved 1048576K

Heap Regions: E=young(eden), S=young(survivor), O=old, HS=humongous(starts), HC=humongous(continues), CS=collection set, F=free, TAMS=top-at-mark-start, PB=parsable bottom
|   0|0x0000000722200000, 0x0000000722400000, 0x0000000722400000|100%| O|  |TAMS 0x0000000722200000| PB 0x0000000722200000| Untracked 
|   1|0x0000000722400000, 0x00000007225fffd0, 0x0000000722600000| 99%| O|  |TAMS 0x0000000722400000| PB 0x0000000722400000| Untracked 
|   2|0x0000000722600000, 0x00000007227fffd8, 0x0000000722800000| 99%| O|  |TAMS 0x0000000722600000| PB 0x0000000722600000| Untracked 
|   3|0x0000000722800000, 0x0000000722a00000, 0x0000000722a00000|100%| O|  |TAMS 0x0000000722800000| PB 0x0000000722800000| Untracked 
|   4|0x0000000722a00000, 0x0000000722c00000, 0x0000000722c00000|100%| O|  |TAMS 0x0000000722a00000| PB 0x0000000722a00000| Untracked 
|   5|0x0000000722c00000, 0x0000000722dffff0, 0x0000000722e00000| 99%| O|  |TAMS 0x0000000722c00000| PB 0x0000000722c00000| Untracked 
|   6|0x0000000722e00000, 0x0000000722ffffa8, 0x0000000723000000| 99%| O|  |TAMS 0x0000000722e00000| PB 0x0000000722e00000| Untracked 
|   7|0x0000000723000000, 0x00000007231fb520, 0x0000000723200000| 99%| O|  |TAMS 0x0000000723000000| PB 0x0000000723000000| Untracked 
|   8|0x0000000723200000, 0x00000007233fffa0, 0x0000000723400000| 99%| O|  |TAMS 0x0000000723200000| PB 0x0000000723200000| Untracked 
|   9|0x0000000723400000, 0x00000007235ffff8, 0x0000000723600000| 99%| O|  |TAMS 0x0000000723400000| PB 0x0000000723400000| Untracked 
|  10|0x0000000723600000, 0x00000007237ffff0, 0x0000000723800000| 99%| O|  |TAMS 0x0000000723600000| PB 0x0000000723600000| Untracked 
|  11|0x0000000723800000, 0x0000000723800000, 0x0000000723a00000|  0%| F|  |TAMS 0x0000000723800000| PB 0x0000000723800000| Untracked 
|  12|0x0000000723a00000, 0x0000000723bad898, 0x0000000723c00000| 83%| O|  |TAMS 0x0000000723a00000| PB 0x0000000723a00000| Untracked 
|  13|0x0000000723c00000, 0x0000000723c93600, 0x0000000723e00000| 28%| O|Cm|TAMS 0x0000000723c00000| PB 0x0000000723c00000| Complete 
|  14|0x0000000723e00000, 0x0000000723f8e890, 0x0000000724000000| 77%| O|  |TAMS 0x0000000723e00000| PB 0x0000000723e00000| Untracked 
|  15|0x0000000724000000, 0x0000000724000000, 0x0000000724200000|  0%| F|  |TAMS 0x0000000724000000| PB 0x0000000724000000| Untracked 
|  16|0x0000000724200000, 0x00000007242d7940, 0x0000000724400000| 42%| S|CS|TAMS 0x0000000724200000| PB 0x0000000724200000| Complete 
|  17|0x0000000724400000, 0x0000000724600000, 0x0000000724600000|100%| S|CS|TAMS 0x0000000724400000| PB 0x0000000724400000| Complete 
|  18|0x0000000724600000, 0x0000000724800000, 0x0000000724800000|100%| S|CS|TAMS 0x0000000724600000| PB 0x0000000724600000| Complete 
|  19|0x0000000724800000, 0x0000000724800000, 0x0000000724a00000|  0%| F|  |TAMS 0x0000000724800000| PB 0x0000000724800000| Untracked 
|  20|0x0000000724a00000, 0x0000000724a00000, 0x0000000724c00000|  0%| F|  |TAMS 0x0000000724a00000| PB 0x0000000724a00000| Untracked 
|  21|0x0000000724c00000, 0x0000000724c00000, 0x0000000724e00000|  0%| F|  |TAMS 0x0000000724c00000| PB 0x0000000724c00000| Untracked 
|  22|0x0000000724e00000, 0x0000000724e00000, 0x0000000725000000|  0%| F|  |TAMS 0x0000000724e00000| PB 0x0000000724e00000| Untracked 
|  23|0x0000000725000000, 0x0000000725000000, 0x0000000725200000|  0%| F|  |TAMS 0x0000000725000000| PB 0x0000000725000000| Untracked 
|  24|0x0000000725200000, 0x0000000725200000, 0x0000000725400000|  0%| F|  |TAMS 0x0000000725200000| PB 0x0000000725200000| Untracked 
|  25|0x0000000725400000, 0x0000000725400000, 0x0000000725600000|  0%| F|  |TAMS 0x0000000725400000| PB 0x0000000725400000| Untracked 
|  26|0x0000000725600000, 0x0000000725600000, 0x0000000725800000|  0%| F|  |TAMS 0x0000000725600000| PB 0x0000000725600000| Untracked 
|  27|0x0000000725800000, 0x0000000725800000, 0x0000000725a00000|  0%| F|  |TAMS 0x0000000725800000| PB 0x0000000725800000| Untracked 
|  28|0x0000000725a00000, 0x0000000725a00000, 0x0000000725c00000|  0%| F|  |TAMS 0x0000000725a00000| PB 0x0000000725a00000| Untracked 
|  29|0x0000000725c00000, 0x0000000725c00000, 0x0000000725e00000|  0%| F|  |TAMS 0x0000000725c00000| PB 0x0000000725c00000| Untracked 
|  30|0x0000000725e00000, 0x0000000725e00000, 0x0000000726000000|  0%| F|  |TAMS 0x0000000725e00000| PB 0x0000000725e00000| Untracked 
|  31|0x0000000726000000, 0x0000000726000000, 0x0000000726200000|  0%| F|  |TAMS 0x0000000726000000| PB 0x0000000726000000| Untracked 
|  32|0x0000000726200000, 0x0000000726200000, 0x0000000726400000|  0%| F|  |TAMS 0x0000000726200000| PB 0x0000000726200000| Untracked 
|  33|0x0000000726400000, 0x0000000726400000, 0x0000000726600000|  0%| F|  |TAMS 0x0000000726400000| PB 0x0000000726400000| Untracked 
|  34|0x0000000726600000, 0x0000000726600000, 0x0000000726800000|  0%| F|  |TAMS 0x0000000726600000| PB 0x0000000726600000| Untracked 
|  35|0x0000000726800000, 0x0000000726800000, 0x0000000726a00000|  0%| F|  |TAMS 0x0000000726800000| PB 0x0000000726800000| Untracked 
|  36|0x0000000726a00000, 0x0000000726a00000, 0x0000000726c00000|  0%| F|  |TAMS 0x0000000726a00000| PB 0x0000000726a00000| Untracked 
|  37|0x0000000726c00000, 0x0000000726c00000, 0x0000000726e00000|  0%| F|  |TAMS 0x0000000726c00000| PB 0x0000000726c00000| Untracked 
|  38|0x0000000726e00000, 0x0000000726e00000, 0x0000000727000000|  0%| F|  |TAMS 0x0000000726e00000| PB 0x0000000726e00000| Untracked 
|  39|0x0000000727000000, 0x0000000727000000, 0x0000000727200000|  0%| F|  |TAMS 0x0000000727000000| PB 0x0000000727000000| Untracked 
|  40|0x0000000727200000, 0x0000000727200000, 0x0000000727400000|  0%| F|  |TAMS 0x0000000727200000| PB 0x0000000727200000| Untracked 
|  41|0x0000000727400000, 0x0000000727551de0, 0x0000000727600000| 65%| E|  |TAMS 0x0000000727400000| PB 0x0000000727400000| Complete 
|  42|0x0000000727600000, 0x0000000727800000, 0x0000000727800000|100%| E|CS|TAMS 0x0000000727600000| PB 0x0000000727600000| Complete 
|  43|0x0000000727800000, 0x0000000727a00000, 0x0000000727a00000|100%| E|CS|TAMS 0x0000000727800000| PB 0x0000000727800000| Complete 
|  44|0x0000000727a00000, 0x0000000727c00000, 0x0000000727c00000|100%| E|CS|TAMS 0x0000000727a00000| PB 0x0000000727a00000| Complete 
|  45|0x0000000727c00000, 0x0000000727e00000, 0x0000000727e00000|100%| E|CS|TAMS 0x0000000727c00000| PB 0x0000000727c00000| Complete 
|  46|0x0000000727e00000, 0x0000000728000000, 0x0000000728000000|100%| E|CS|TAMS 0x0000000727e00000| PB 0x0000000727e00000| Complete 

Card table byte_map: [0x000001e35b430000,0x000001e35bb20000] _byte_map_base: 0x000001e357b1f000

Marking Bits: (CMBitMap*) 0x000001e353c410a0
 Bits: [0x000001e35bb20000, 0x000001e35f298000)

Polling page: 0x000001e3519e0000

Metaspace:

Usage:
  Non-class:     69.15 MB used.
      Class:     10.54 MB used.
       Both:     79.70 MB used.

Virtual space:
  Non-class space:      128.00 MB reserved,      69.81 MB ( 55%) committed,  2 nodes.
      Class space:        1.00 GB reserved,      11.00 MB (  1%) committed,  1 nodes.
             Both:        1.12 GB reserved,      80.81 MB (  7%) committed. 

Chunk freelists:
   Non-Class:  10.28 MB
       Class:  5.12 MB
        Both:  15.40 MB

MaxMetaspaceSize: unlimited
CompressedClassSpaceSize: 1.00 GB
Initial GC threshold: 21.00 MB
Current GC threshold: 134.69 MB
CDS: off
 - commit_granule_bytes: 65536.
 - commit_granule_words: 8192.
 - virtual_space_node_default_size: 8388608.
 - enlarge_chunks_in_place: 1.
 - use_allocation_guard: 0.


Internal statistics:

num_allocs_failed_limit: 9.
num_arena_births: 1166.
num_arena_deaths: 466.
num_vsnodes_births: 3.
num_vsnodes_deaths: 0.
num_space_committed: 1293.
num_space_uncommitted: 0.
num_chunks_returned_to_freelist: 559.
num_chunks_taken_from_freelist: 3833.
num_chunk_merges: 145.
num_chunk_splits: 2664.
num_chunks_enlarged: 2039.
num_inconsistent_stats: 0.

CodeCache: size=49152Kb used=14030Kb max_used=15157Kb free=35121Kb
 bounds [0x000001e3576e0000, 0x000001e3585b0000, 0x000001e35a6e0000]
 total_blobs=7772 nmethods=7014 adapters=680
 compilation: enabled
              stopped_count=0, restarted_count=0
 full_count=0

Compilation events (20 events):
Event: 120.663 Thread 0x000001e368414c90 7504       1       oracle.jdbc.driver.DMSFactory$DMSPhase::start (2 bytes)
Event: 120.663 Thread 0x000001e368414c90 nmethod 7504 0x000001e357dff910 code [0x000001e357dffaa0, 0x000001e357dffb70]
Event: 120.663 Thread 0x000001e368414c90 7505       1       java.util.ResourceBundle::isValidBundle (17 bytes)
Event: 120.664 Thread 0x000001e368414c90 nmethod 7505 0x000001e3585aa490 code [0x000001e3585aa620, 0x000001e3585aa6f8]
Event: 120.664 Thread 0x000001e368414c90 7506       1       java.lang.String::valueOf (14 bytes)
Event: 120.664 Thread 0x000001e368414c90 nmethod 7506 0x000001e3585aa790 code [0x000001e3585aa920, 0x000001e3585aa9e0]
Event: 120.664 Thread 0x000001e368414c90 7507       1       java.util.Formatter::<init> (18 bytes)
Event: 120.664 Thread 0x000001e368414c90 nmethod 7507 0x000001e3585aaa90 code [0x000001e3585aac40, 0x000001e3585aae88]
Event: 120.674 Thread 0x000001e367664a20 7508       1       java.util.regex.Pattern$Start::<init> (35 bytes)
Event: 120.674 Thread 0x000001e368414c90 7509       1       oracle.net.ns.NIOPacket::readHeader (150 bytes)
Event: 120.674 Thread 0x000001e367664a20 nmethod 7508 0x000001e3585aaf90 code [0x000001e3585ab140, 0x000001e3585ab390]
Event: 120.674 Thread 0x000001e368414c90 nmethod 7509 0x000001e3585ab490 code [0x000001e3585ab6a0, 0x000001e3585aba20]
Event: 120.676 Thread 0x000001e368414c90 7510       1       java.util.concurrent.ConcurrentHashMap::putAll (63 bytes)
Event: 120.676 Thread 0x000001e368414c90 nmethod 7510 0x000001e3585abd10 code [0x000001e3585abf40, 0x000001e3585ac238]
Event: 120.676 Thread 0x000001e368414c90 7511   !   1       java.lang.Thread::sleep (82 bytes)
Event: 120.676 Thread 0x000001e36240cd30 7512   !   1       java.lang.Thread::beforeSleep (33 bytes)
Event: 120.676 Thread 0x000001e3684135c0 7513       1       jdk.internal.event.ThreadSleepEvent::isTurnedOn (7 bytes)
Event: 120.676 Thread 0x000001e3684135c0 nmethod 7513 0x000001e3585ac810 code [0x000001e3585ac9a0, 0x000001e3585aca48]
Event: 120.676 Thread 0x000001e36240cd30 nmethod 7512 0x000001e3585acb10 code [0x000001e3585acca0, 0x000001e3585acd50]
Event: 120.676 Thread 0x000001e368414c90 nmethod 7511 0x000001e3585ace10 code [0x000001e3585ad000, 0x000001e3585ad350]

GC Heap History (20 events):
Event: 3.525 GC heap before
{Heap before GC invocations=14 (full 0):
 garbage-first heap   total 86016K, used 66837K [0x0000000722200000, 0x0000000800000000)
  region size 2048K, 25 young (51200K), 2 survivors (4096K)
 Metaspace       used 55714K, committed 56256K, reserved 1114112K
  class space    used 6991K, committed 7232K, reserved 1048576K
}
Event: 3.527 GC heap after
{Heap after GC invocations=15 (full 0):
 garbage-first heap   total 86016K, used 22632K [0x0000000722200000, 0x0000000800000000)
  region size 2048K, 3 young (6144K), 3 survivors (6144K)
 Metaspace       used 55714K, committed 56256K, reserved 1114112K
  class space    used 6991K, committed 7232K, reserved 1048576K
}
Event: 3.813 GC heap before
{Heap before GC invocations=15 (full 0):
 garbage-first heap   total 86016K, used 65640K [0x0000000722200000, 0x0000000800000000)
  region size 2048K, 25 young (51200K), 3 survivors (6144K)
 Metaspace       used 59640K, committed 60224K, reserved 1114112K
  class space    used 7502K, committed 7744K, reserved 1048576K
}
Event: 3.816 GC heap after
{Heap after GC invocations=16 (full 0):
 garbage-first heap   total 86016K, used 23484K [0x0000000722200000, 0x0000000800000000)
  region size 2048K, 3 young (6144K), 3 survivors (6144K)
 Metaspace       used 59640K, committed 60224K, reserved 1114112K
  class space    used 7502K, committed 7744K, reserved 1048576K
}
Event: 3.825 GC heap before
{Heap before GC invocations=16 (full 0):
 garbage-first heap   total 86016K, used 23484K [0x0000000722200000, 0x0000000800000000)
  region size 2048K, 4 young (8192K), 3 survivors (6144K)
 Metaspace       used 59744K, committed 60288K, reserved 1114112K
  class space    used 7522K, committed 7744K, reserved 1048576K
}
Event: 3.828 GC heap after
{Heap after GC invocations=17 (full 0):
 garbage-first heap   total 86016K, used 23852K [0x0000000722200000, 0x0000000800000000)
  region size 2048K, 3 young (6144K), 3 survivors (6144K)
 Metaspace       used 59744K, committed 60288K, reserved 1114112K
  class space    used 7522K, committed 7744K, reserved 1048576K
}
Event: 4.124 GC heap before
{Heap before GC invocations=18 (full 0):
 garbage-first heap   total 86016K, used 66860K [0x0000000722200000, 0x0000000800000000)
  region size 2048K, 25 young (51200K), 3 survivors (6144K)
 Metaspace       used 64438K, committed 65024K, reserved 1114112K
  class space    used 8353K, committed 8576K, reserved 1048576K
}
Event: 4.127 GC heap after
{Heap after GC invocations=19 (full 0):
 garbage-first heap   total 86016K, used 24356K [0x0000000722200000, 0x0000000800000000)
  region size 2048K, 3 young (6144K), 3 survivors (6144K)
 Metaspace       used 64438K, committed 65024K, reserved 1114112K
  class space    used 8353K, committed 8576K, reserved 1048576K
}
Event: 4.483 GC heap before
{Heap before GC invocations=19 (full 0):
 garbage-first heap   total 86016K, used 67364K [0x0000000722200000, 0x0000000800000000)
  region size 2048K, 25 young (51200K), 3 survivors (6144K)
 Metaspace       used 68541K, committed 69120K, reserved 1114112K
  class space    used 8985K, committed 9216K, reserved 1048576K
}
Event: 4.487 GC heap after
{Heap after GC invocations=20 (full 0):
 garbage-first heap   total 86016K, used 24830K [0x0000000722200000, 0x0000000800000000)
  region size 2048K, 3 young (6144K), 3 survivors (6144K)
 Metaspace       used 68541K, committed 69120K, reserved 1114112K
  class space    used 8985K, committed 9216K, reserved 1048576K
}
Event: 4.884 GC heap before
{Heap before GC invocations=20 (full 0):
 garbage-first heap   total 86016K, used 69886K [0x0000000722200000, 0x0000000800000000)
  region size 2048K, 25 young (51200K), 3 survivors (6144K)
 Metaspace       used 72797K, committed 73536K, reserved 1114112K
  class space    used 9588K, committed 9920K, reserved 1048576K
}
Event: 4.888 GC heap after
{Heap after GC invocations=21 (full 0):
 garbage-first heap   total 86016K, used 26764K [0x0000000722200000, 0x0000000800000000)
  region size 2048K, 4 young (8192K), 4 survivors (8192K)
 Metaspace       used 72797K, committed 73536K, reserved 1114112K
  class space    used 9588K, committed 9920K, reserved 1048576K
}
Event: 5.226 GC heap before
{Heap before GC invocations=21 (full 0):
 garbage-first heap   total 86016K, used 69772K [0x0000000722200000, 0x0000000800000000)
  region size 2048K, 25 young (51200K), 4 survivors (8192K)
 Metaspace       used 76228K, committed 76992K, reserved 1179648K
  class space    used 10038K, committed 10368K, reserved 1048576K
}
Event: 5.230 GC heap after
{Heap after GC invocations=22 (full 0):
 garbage-first heap   total 104448K, used 29078K [0x0000000722200000, 0x0000000800000000)
  region size 2048K, 3 young (6144K), 3 survivors (6144K)
 Metaspace       used 76228K, committed 76992K, reserved 1179648K
  class space    used 10038K, committed 10368K, reserved 1048576K
}
Event: 5.731 GC heap before
{Heap before GC invocations=22 (full 0):
 garbage-first heap   total 104448K, used 84374K [0x0000000722200000, 0x0000000800000000)
  region size 2048K, 30 young (61440K), 3 survivors (6144K)
 Metaspace       used 79760K, committed 80512K, reserved 1179648K
  class space    used 10584K, committed 10880K, reserved 1048576K
}
Event: 5.736 GC heap after
{Heap after GC invocations=23 (full 0):
 garbage-first heap   total 104448K, used 32482K [0x0000000722200000, 0x0000000800000000)
  region size 2048K, 4 young (8192K), 4 survivors (8192K)
 Metaspace       used 79760K, committed 80512K, reserved 1179648K
  class space    used 10584K, committed 10880K, reserved 1048576K
}
Event: 119.692 GC heap before
{Heap before GC invocations=23 (full 0):
 garbage-first heap   total 104448K, used 65250K [0x0000000722200000, 0x0000000800000000)
  region size 2048K, 21 young (43008K), 4 survivors (8192K)
 Metaspace       used 81652K, committed 82432K, reserved 1179648K
  class space    used 10867K, committed 11200K, reserved 1048576K
}
Event: 119.727 GC heap after
{Heap after GC invocations=24 (full 1):
 garbage-first heap   total 96256K, used 26410K [0x0000000722200000, 0x0000000800000000)
  region size 2048K, 0 young (0K), 0 survivors (0K)
 Metaspace       used 81633K, committed 82432K, reserved 1179648K
  class space    used 10862K, committed 11200K, reserved 1048576K
}
Event: 120.403 GC heap before
{Heap before GC invocations=24 (full 1):
 garbage-first heap   total 96256K, used 81706K [0x0000000722200000, 0x0000000800000000)
  region size 2048K, 28 young (57344K), 0 survivors (0K)
 Metaspace       used 81947K, committed 82752K, reserved 1179648K
  class space    used 10893K, committed 11264K, reserved 1048576K
}
Event: 120.407 GC heap after
{Heap after GC invocations=25 (full 1):
 garbage-first heap   total 96256K, used 31369K [0x0000000722200000, 0x0000000800000000)
  region size 2048K, 3 young (6144K), 3 survivors (6144K)
 Metaspace       used 81947K, committed 82752K, reserved 1179648K
  class space    used 10893K, committed 11264K, reserved 1048576K
}

Dll operation events (12 events):
Event: 0.005 Loaded shared library C:\Users\localhost29302\Downloads\spring-tool-suite-4-4.25.0.RELEASE-e4.33.0-win32.win32.x86_64\sts-4.25.0.RELEASE\plugins\org.eclipse.justj.openjdk.hotspot.jre.full.win32.x86_64_21.0.4.v20240802-1551\jre\bin\java.dll
Event: 0.010 Loaded shared library C:\Users\localhost29302\Downloads\spring-tool-suite-4-4.25.0.RELEASE-e4.33.0-win32.win32.x86_64\sts-4.25.0.RELEASE\plugins\org.eclipse.justj.openjdk.hotspot.jre.full.win32.x86_64_21.0.4.v20240802-1551\jre\bin\zip.dll
Event: 0.208 Loaded shared library C:\Users\localhost29302\Downloads\spring-tool-suite-4-4.25.0.RELEASE-e4.33.0-win32.win32.x86_64\sts-4.25.0.RELEASE\plugins\org.eclipse.justj.openjdk.hotspot.jre.full.win32.x86_64_21.0.4.v20240802-1551\jre\bin\instrument.dll
Event: 0.219 Loaded shared library C:\Users\localhost29302\Downloads\spring-tool-suite-4-4.25.0.RELEASE-e4.33.0-win32.win32.x86_64\sts-4.25.0.RELEASE\plugins\org.eclipse.justj.openjdk.hotspot.jre.full.win32.x86_64_21.0.4.v20240802-1551\jre\bin\net.dll
Event: 0.220 Loaded shared library C:\Users\localhost29302\Downloads\spring-tool-suite-4-4.25.0.RELEASE-e4.33.0-win32.win32.x86_64\sts-4.25.0.RELEASE\plugins\org.eclipse.justj.openjdk.hotspot.jre.full.win32.x86_64_21.0.4.v20240802-1551\jre\bin\nio.dll
Event: 0.227 Loaded shared library C:\Users\localhost29302\Downloads\spring-tool-suite-4-4.25.0.RELEASE-e4.33.0-win32.win32.x86_64\sts-4.25.0.RELEASE\plugins\org.eclipse.justj.openjdk.hotspot.jre.full.win32.x86_64_21.0.4.v20240802-1551\jre\bin\zip.dll
Event: 0.339 Loaded shared library C:\Users\localhost29302\Downloads\spring-tool-suite-4-4.25.0.RELEASE-e4.33.0-win32.win32.x86_64\sts-4.25.0.RELEASE\plugins\org.eclipse.justj.openjdk.hotspot.jre.full.win32.x86_64_21.0.4.v20240802-1551\jre\bin\jimage.dll
Event: 0.377 Loaded shared library C:\Users\localhost29302\Downloads\spring-tool-suite-4-4.25.0.RELEASE-e4.33.0-win32.win32.x86_64\sts-4.25.0.RELEASE\plugins\org.eclipse.justj.openjdk.hotspot.jre.full.win32.x86_64_21.0.4.v20240802-1551\jre\bin\management.dll
Event: 0.386 Loaded shared library C:\Users\localhost29302\Downloads\spring-tool-suite-4-4.25.0.RELEASE-e4.33.0-win32.win32.x86_64\sts-4.25.0.RELEASE\plugins\org.eclipse.justj.openjdk.hotspot.jre.full.win32.x86_64_21.0.4.v20240802-1551\jre\bin\management_ext.dll
Event: 0.550 Loaded shared library C:\Users\localhost29302\Downloads\spring-tool-suite-4-4.25.0.RELEASE-e4.33.0-win32.win32.x86_64\sts-4.25.0.RELEASE\plugins\org.eclipse.justj.openjdk.hotspot.jre.full.win32.x86_64_21.0.4.v20240802-1551\jre\bin\extnet.dll
Event: 0.570 Loaded shared library C:\Users\localhost29302\Downloads\spring-tool-suite-4-4.25.0.RELEASE-e4.33.0-win32.win32.x86_64\sts-4.25.0.RELEASE\plugins\org.eclipse.justj.openjdk.hotspot.jre.full.win32.x86_64_21.0.4.v20240802-1551\jre\bin\verify.dll
Event: 1.418 Loaded shared library C:\Users\localhost29302\Downloads\spring-tool-suite-4-4.25.0.RELEASE-e4.33.0-win32.win32.x86_64\sts-4.25.0.RELEASE\plugins\org.eclipse.justj.openjdk.hotspot.jre.full.win32.x86_64_21.0.4.v20240802-1551\jre\bin\sunmscapi.dll

Deoptimization events (20 events):
Event: 120.620 Thread 0x000001e36813c4e0 DEOPT PACKING pc=0x000001e3582a26b1 sp=0x000000aa326febd0
Event: 120.620 Thread 0x000001e36813c4e0 DEOPT UNPACKING pc=0x000001e357734e42 sp=0x000000aa326fe090 mode 1
Event: 120.664 Thread 0x000001e36813c4e0 DEOPT PACKING pc=0x000001e3582a26b1 sp=0x000000aa326febd0
Event: 120.664 Thread 0x000001e36813c4e0 DEOPT UNPACKING pc=0x000001e357734e42 sp=0x000000aa326fe090 mode 1
Event: 121.091 Thread 0x000001e36813aaa0 DEOPT PACKING pc=0x000001e3584889f4 sp=0x000000aa340fe2e0
Event: 121.091 Thread 0x000001e36813aaa0 DEOPT UNPACKING pc=0x000001e357734e42 sp=0x000000aa340fd848 mode 1
Event: 121.091 Thread 0x000001e36813aaa0 DEOPT PACKING pc=0x000001e3584889f4 sp=0x000000aa340fe2e0
Event: 121.091 Thread 0x000001e36813aaa0 DEOPT UNPACKING pc=0x000001e357734e42 sp=0x000000aa340fd848 mode 1
Event: 121.091 Thread 0x000001e36813aaa0 DEOPT PACKING pc=0x000001e3584889f4 sp=0x000000aa340fe2e0
Event: 121.091 Thread 0x000001e36813aaa0 DEOPT UNPACKING pc=0x000001e357734e42 sp=0x000000aa340fd848 mode 1
Event: 121.091 Thread 0x000001e36813aaa0 DEOPT PACKING pc=0x000001e3584889f4 sp=0x000000aa340fe2e0
Event: 121.091 Thread 0x000001e36813aaa0 DEOPT UNPACKING pc=0x000001e357734e42 sp=0x000000aa340fd848 mode 1
Event: 121.091 Thread 0x000001e36813aaa0 DEOPT PACKING pc=0x000001e3584889f4 sp=0x000000aa340fe2e0
Event: 121.091 Thread 0x000001e36813aaa0 DEOPT UNPACKING pc=0x000001e357734e42 sp=0x000000aa340fd848 mode 1
Event: 121.091 Thread 0x000001e36813aaa0 DEOPT PACKING pc=0x000001e3584889f4 sp=0x000000aa340fe2e0
Event: 121.091 Thread 0x000001e36813aaa0 DEOPT UNPACKING pc=0x000001e357734e42 sp=0x000000aa340fd848 mode 1
Event: 121.091 Thread 0x000001e36813aaa0 DEOPT PACKING pc=0x000001e3584889f4 sp=0x000000aa340fe2e0
Event: 121.091 Thread 0x000001e36813aaa0 DEOPT UNPACKING pc=0x000001e357734e42 sp=0x000000aa340fd848 mode 1
Event: 130.180 Thread 0x000001e36813be50 DEOPT PACKING pc=0x000001e357b13a14 sp=0x000000aa2f6fdb00
Event: 130.180 Thread 0x000001e36813be50 DEOPT UNPACKING pc=0x000001e357734e42 sp=0x000000aa2f6fcfb8 mode 0

Classes loaded (20 events):
Event: 119.668 Loading class sun/net/spi/DefaultProxySelector$NonProxyInfo
Event: 119.668 Loading class sun/net/spi/DefaultProxySelector$NonProxyInfo done
Event: 119.668 Loading class sun/net/spi/DefaultProxySelector$3
Event: 119.668 Loading class sun/net/spi/DefaultProxySelector$3 done
Event: 119.668 Loading class java/util/concurrent/locks/AbstractQueuedSynchronizer$SharedNode
Event: 119.668 Loading class java/util/concurrent/locks/AbstractQueuedSynchronizer$SharedNode done
Event: 119.675 Loading class java/util/AbstractMap$2
Event: 119.675 Loading class java/util/AbstractMap$2 done
Event: 119.675 Loading class java/util/AbstractMap$2$1
Event: 119.676 Loading class java/util/AbstractMap$2$1 done
Event: 119.688 Loading class java/io/ObjectOutputStream$PutFieldImpl
Event: 119.688 Loading class java/io/ObjectOutputStream$PutField
Event: 119.688 Loading class java/io/ObjectOutputStream$PutField done
Event: 119.688 Loading class java/io/ObjectOutputStream$PutFieldImpl done
Event: 119.689 Loading class java/io/FileOutputStream$1
Event: 119.689 Loading class java/io/FileOutputStream$1 done
Event: 119.727 Loading class java/lang/ref/Finalizer$2
Event: 119.727 Loading class java/lang/ref/Finalizer$2 done
Event: 119.728 Loading class java/lang/ref/Finalizer$1
Event: 119.728 Loading class java/lang/ref/Finalizer$1 done

Classes unloaded (20 events):
Event: 120.428 Thread 0x000001e362349480 Unloading class 0x0000000800147c00 'java/lang/invoke/LambdaForm$MH+0x0000000800147c00'
Event: 120.428 Thread 0x000001e362349480 Unloading class 0x0000000800147800 'java/lang/invoke/LambdaForm$DMH+0x0000000800147800'
Event: 120.428 Thread 0x000001e362349480 Unloading class 0x0000000800147400 'java/lang/invoke/LambdaForm$DMH+0x0000000800147400'
Event: 120.428 Thread 0x000001e362349480 Unloading class 0x0000000800146400 'java/lang/invoke/LambdaForm$MH+0x0000000800146400'
Event: 120.428 Thread 0x000001e362349480 Unloading class 0x0000000800145800 'java/lang/invoke/LambdaForm$MH+0x0000000800145800'
Event: 120.428 Thread 0x000001e362349480 Unloading class 0x0000000800145400 'java/lang/invoke/LambdaForm$MH+0x0000000800145400'
Event: 120.428 Thread 0x000001e362349480 Unloading class 0x0000000800145000 'java/lang/invoke/LambdaForm$MH+0x0000000800145000'
Event: 120.428 Thread 0x000001e362349480 Unloading class 0x0000000800144800 'java/lang/invoke/LambdaForm$MH+0x0000000800144800'
Event: 120.428 Thread 0x000001e362349480 Unloading class 0x0000000800143c00 'java/lang/invoke/LambdaForm$MH+0x0000000800143c00'
Event: 120.428 Thread 0x000001e362349480 Unloading class 0x0000000800142c00 'java/lang/invoke/LambdaForm$MH+0x0000000800142c00'
Event: 120.428 Thread 0x000001e362349480 Unloading class 0x0000000800142800 'java/lang/invoke/LambdaForm$MH+0x0000000800142800'
Event: 120.428 Thread 0x000001e362349480 Unloading class 0x0000000800142000 'java/lang/invoke/LambdaForm$MH+0x0000000800142000'
Event: 120.428 Thread 0x000001e362349480 Unloading class 0x0000000800141800 'java/lang/invoke/LambdaForm$MH+0x0000000800141800'
Event: 120.428 Thread 0x000001e362349480 Unloading class 0x0000000800141000 'java/lang/invoke/LambdaForm$MH+0x0000000800141000'
Event: 120.428 Thread 0x000001e362349480 Unloading class 0x0000000800140800 'java/lang/invoke/LambdaForm$MH+0x0000000800140800'
Event: 120.428 Thread 0x000001e362349480 Unloading class 0x0000000800140000 'java/lang/invoke/LambdaForm$MH+0x0000000800140000'
Event: 120.428 Thread 0x000001e362349480 Unloading class 0x00000008000c4000 'java/lang/invoke/LambdaForm$MH+0x00000008000c4000'
Event: 120.428 Thread 0x000001e362349480 Unloading class 0x00000008000c3c00 'java/lang/invoke/LambdaForm$MH+0x00000008000c3c00'
Event: 120.428 Thread 0x000001e362349480 Unloading class 0x00000008000c3800 'java/lang/invoke/LambdaForm$MH+0x00000008000c3800'
Event: 120.428 Thread 0x000001e362349480 Unloading class 0x00000008000c3400 'java/lang/invoke/LambdaForm$MH+0x00000008000c3400'

Classes redefined (2 events):
Event: 130.197 Thread 0x000001e362349480 redefined class name=com.ji.controller.AuthController, count=1
Event: 130.197 Thread 0x000001e362349480 redefined class name=com.ji.controller.AuthController, count=1

Internal exceptions (20 events):
Event: 5.182 Thread 0x000001e367c7ac70 Exception <a 'java/lang/NoSuchMethodError'{0x0000000724f6deb0}: 'int java.lang.invoke.DirectMethodHandle$Holder.invokeInterface(java.lang.Object, java.lang.Object, java.lang.Object, java.lang.Object)'> (0x0000000724f6deb0) 
thrown [s\src\hotspot\share\interpreter\linkResolver.cpp, line 773]
Event: 5.222 Thread 0x000001e367c7ac70 Exception <a 'java/lang/NoSuchMethodError'{0x0000000724b995e0}: 'long java.lang.invoke.DirectMethodHandle$Holder.invokeVirtual(java.lang.Object, java.lang.Object)'> (0x0000000724b995e0) 
thrown [s\src\hotspot\share\interpreter\linkResolver.cpp, line 773]
Event: 5.352 Thread 0x000001e367c7ac70 Exception <a 'java/lang/NoSuchMethodError'{0x0000000727cf7970}: 'java.lang.Object java.lang.invoke.DirectMethodHandle$Holder.newInvokeSpecial(java.lang.Object, java.lang.Object, java.lang.Object, java.lang.Object, java.lang.Object, java.lang.Object, java.lang.Object, java.lang.Object)'> (0x0000000727cf7970) 
thrown [s\src\hotspot\share\interpreter\linkResolver.cpp, line 773]
Event: 5.592 Thread 0x000001e367c7ac70 Exception <a 'java/lang/IncompatibleClassChangeError'{0x0000000725f925a8}: Found class java.lang.Object, but interface was expected> (0x0000000725f925a8) 
thrown [s\src\hotspot\share\interpreter\linkResolver.cpp, line 840]
Event: 5.716 Thread 0x000001e367c7ac70 Exception <a 'java/lang/NoSuchMethodError'{0x00000007253943e8}: 'void java.lang.invoke.DirectMethodHandle$Holder.invokeVirtual(java.lang.Object, java.lang.Object, long)'> (0x00000007253943e8) 
thrown [s\src\hotspot\share\interpreter\linkResolver.cpp, line 773]
Event: 5.772 Thread 0x000001e367c7ac70 Exception <a 'java/lang/NoSuchMethodError'{0x000000072819b8f0}: 'int java.lang.invoke.DirectMethodHandle$Holder.invokeStaticInit(java.lang.Object, java.lang.Object, java.lang.Object, java.lang.Object)'> (0x000000072819b8f0) 
thrown [s\src\hotspot\share\interpreter\linkResolver.cpp, line 773]
Event: 5.830 Thread 0x000001e367c7ac70 Exception <a 'java/lang/IncompatibleClassChangeError'{0x0000000727b6afe0}: Found class java.lang.Object, but interface was expected> (0x0000000727b6afe0) 
thrown [s\src\hotspot\share\interpreter\linkResolver.cpp, line 840]
Event: 5.920 Thread 0x000001e367c7ac70 Exception <a 'java/lang/NoSuchMethodError'{0x0000000727339180}: 'java.lang.Object java.lang.invoke.DirectMethodHandle$Holder.newInvokeSpecial(java.lang.Object, java.lang.Object, int, java.lang.Object, java.lang.Object)'> (0x0000000727339180) 
thrown [s\src\hotspot\share\interpreter\linkResolver.cpp, line 773]
Event: 6.179 Thread 0x000001e36813aaa0 Exception <a 'java/lang/NoSuchMethodError'{0x0000000726d33660}: 'java.lang.Object java.lang.invoke.DirectMethodHandle$Holder.invokeInterface(java.lang.Object, java.lang.Object, java.lang.Object, java.lang.Object, java.lang.Object, java.lang.Object, java.lang.Object)'> (0x0000000726d33660) 
thrown [s\src\hotspot\share\interpreter\linkResolver.cpp, line 773]
Event: 6.179 Thread 0x000001e367e61da0 Exception <a 'java/lang/NoSuchMethodError'{0x0000000726db3368}: 'java.lang.Object java.lang.invoke.DirectMethodHandle$Holder.invokeInterface(java.lang.Object, java.lang.Object, java.lang.Object, java.lang.Object, java.lang.Object, java.lang.Object, java.lang.Object)'> (0x0000000726db3368) 
thrown [s\src\hotspot\share\interpreter\linkResolver.cpp, line 773]
Event: 119.692 Thread 0x000001e36a5f3950 Exception <a 'java/lang/InterruptedException'{0x0000000726570d98}: sleep interrupted> (0x0000000726570d98) 
thrown [s\src\hotspot\share\prims\jvm.cpp, line 3074]
Event: 119.740 Thread 0x000001e36813be50 Exception <a 'sun/nio/fs/WindowsException'{0x0000000727e86c40}> (0x0000000727e86c40) 
thrown [s\src\hotspot\share\prims\jni.cpp, line 520]
Event: 120.087 Thread 0x000001e36813be50 Exception <a 'java/lang/NoClassDefFoundError'{0x0000000726039da0}: org/flywaydb/core/Flyway> (0x0000000726039da0) 
thrown [s\src\hotspot\share\oops\constantPool.cpp, line 873]
Event: 120.088 Thread 0x000001e36813be50 Exception <a 'java/lang/NoClassDefFoundError'{0x000000072603a400}: liquibase/integration/spring/SpringLiquibase> (0x000000072603a400) 
thrown [s\src\hotspot\share\oops\constantPool.cpp, line 873]
Event: 120.093 Thread 0x000001e36813be50 Exception <a 'java/lang/NoClassDefFoundError'{0x00000007260a6bf0}: org/jooq/DSLContext> (0x00000007260a6bf0) 
thrown [s\src\hotspot\share\oops\constantPool.cpp, line 873]
Event: 120.095 Thread 0x000001e36813be50 Exception <a 'java/lang/NoClassDefFoundError'{0x00000007260b4628}: org/springframework/batch/core/repository/JobRepository> (0x00000007260b4628) 
thrown [s\src\hotspot\share\oops\constantPool.cpp, line 873]
Event: 120.095 Thread 0x000001e36813be50 Exception <a 'java/lang/NoClassDefFoundError'{0x00000007260b4c80}: org/quartz/Scheduler> (0x00000007260b4c80) 
thrown [s\src\hotspot\share\oops\constantPool.cpp, line 873]
Event: 120.096 Thread 0x000001e36813be50 Exception <a 'java/lang/NoClassDefFoundError'{0x00000007260b5300}: org/springframework/session/jdbc/JdbcIndexedSessionRepository> (0x00000007260b5300) 
thrown [s\src\hotspot\share\oops\constantPool.cpp, line 873]
Event: 120.438 Thread 0x000001e36813be50 Exception <a 'java/lang/NoSuchMethodError'{0x0000000727d25520}: 'void java.lang.invoke.DelegatingMethodHandle$Holder.reinvoke_L(java.lang.Object, java.lang.Object, int)'> (0x0000000727d25520) 
thrown [s\src\hotspot\share\interpreter\linkResolver.cpp, line 773]
Event: 120.447 Thread 0x000001e36813be50 Exception <a 'java/io/FileNotFoundException'{0x0000000727d7bbd8}> (0x0000000727d7bbd8) 
thrown [s\src\hotspot\share\prims\jni.cpp, line 520]

ZGC Phase Switch (0 events):
No events

VM Operations (20 events):
Event: 122.844 Executing VM operation: get/set locals
Event: 122.844 Executing VM operation: get/set locals done
Event: 122.844 Executing VM operation: get/set locals
Event: 122.845 Executing VM operation: get/set locals done
Event: 122.847 Executing VM operation: get/set locals
Event: 122.847 Executing VM operation: get/set locals done
Event: 122.848 Executing VM operation: get/set locals
Event: 122.848 Executing VM operation: get/set locals done
Event: 122.848 Executing VM operation: get/set locals
Event: 122.848 Executing VM operation: get/set locals done
Event: 122.849 Executing VM operation: get/set locals
Event: 122.849 Executing VM operation: get/set locals done
Event: 130.180 Executing VM operation: ChangeSingleStep
Event: 130.180 Executing VM operation: ChangeSingleStep done
Event: 130.180 Executing VM operation: ChangeSingleStep
Event: 130.180 Executing VM operation: ChangeSingleStep done
Event: 130.191 Executing VM operation: RedefineClasses
Event: 130.212 Executing VM operation: RedefineClasses done
Event: 130.213 Executing VM operation: ChangeSingleStep
Event: 130.213 Executing VM operation: ChangeSingleStep done

Memory protections (0 events):
No events

Nmethod flushes (20 events):
Event: 120.433 Thread 0x000001e362349480 flushing  nmethod 0x000001e357f48010
Event: 120.433 Thread 0x000001e362349480 flushing  nmethod 0x000001e35806a710
Event: 120.433 Thread 0x000001e362349480 flushing  nmethod 0x000001e35811c910
Event: 120.433 Thread 0x000001e362349480 flushing  nmethod 0x000001e3581b8a90
Event: 120.433 Thread 0x000001e362349480 flushing  nmethod 0x000001e357de1e10
Event: 120.433 Thread 0x000001e362349480 flushing  nmethod 0x000001e358048b90
Event: 120.433 Thread 0x000001e362349480 flushing  nmethod 0x000001e358120010
Event: 120.433 Thread 0x000001e362349480 flushing  nmethod 0x000001e3581a0f10
Event: 120.433 Thread 0x000001e362349480 flushing  nmethod 0x000001e358137810
Event: 120.433 Thread 0x000001e362349480 flushing  nmethod 0x000001e357cc7990
Event: 120.433 Thread 0x000001e362349480 flushing  nmethod 0x000001e357ccc510
Event: 120.433 Thread 0x000001e362349480 flushing  nmethod 0x000001e3581b5090
Event: 120.433 Thread 0x000001e362349480 flushing  nmethod 0x000001e3581dfe10
Event: 120.433 Thread 0x000001e362349480 flushing  nmethod 0x000001e35831a990
Event: 120.433 Thread 0x000001e362349480 flushing  nmethod 0x000001e35839dd90
Event: 120.433 Thread 0x000001e362349480 flushing  nmethod 0x000001e358412090
Event: 120.433 Thread 0x000001e362349480 flushing  nmethod 0x000001e358526c10
Event: 120.433 Thread 0x000001e362349480 flushing  nmethod 0x000001e35798f290
Event: 120.433 Thread 0x000001e362349480 flushing  nmethod 0x000001e35841f390
Event: 120.433 Thread 0x000001e362349480 flushing  nmethod 0x000001e3584cda90

Events (20 events):
Event: 119.692 Thread 0x000001e36a5f32c0 Thread exited: 0x000001e36a5f32c0
Event: 119.728 Thread 0x000001e36813a410 Thread added: 0x000001e36813cb70
Event: 119.729 Thread 0x000001e36813cb70 Thread exited: 0x000001e36813cb70
Event: 119.729 Thread 0x000001e36813a410 Thread added: 0x000001e36813be50
Event: 119.747 Thread 0x000001e36240cd30 Thread added: 0x000001e368414c90
Event: 119.747 Thread 0x000001e36240cd30 Thread added: 0x000001e3684135c0
Event: 119.747 Thread 0x000001e36240cd30 Thread added: 0x000001e367664a20
Event: 119.812 Thread 0x000001e36813be50 Thread added: 0x000001e36813b130
Event: 119.851 Thread 0x000001e36813b130 Thread exited: 0x000001e36813b130
Event: 120.163 Thread 0x000001e36813be50 Thread added: 0x000001e368138340
Event: 120.163 Thread 0x000001e36813be50 Thread added: 0x000001e3681389d0
Event: 120.164 Thread 0x000001e3681389d0 Thread exited: 0x000001e3681389d0
Event: 120.164 Thread 0x000001e36813be50 Thread added: 0x000001e368136f90
Event: 120.265 Thread 0x000001e368136f90 Thread added: 0x000001e36813c4e0
Event: 120.484 Thread 0x000001e36813be50 Thread added: 0x000001e368139060
Event: 120.484 Thread 0x000001e36813be50 Thread added: 0x000001e36813cb70
Event: 120.484 Thread 0x000001e36813be50 Thread added: 0x000001e36813d200
Event: 125.677 Thread 0x000001e367664a20 Thread exited: 0x000001e367664a20
Event: 125.677 Thread 0x000001e3684135c0 Thread exited: 0x000001e3684135c0
Event: 125.710 Thread 0x000001e36813c4e0 Thread exited: 0x000001e36813c4e0


Dynamic libraries:
0x00007ff633d40000 - 0x00007ff633d4e000 	C:\Users\localhost29302\Downloads\spring-tool-suite-4-4.25.0.RELEASE-e4.33.0-win32.win32.x86_64\sts-4.25.0.RELEASE\plugins\org.eclipse.justj.openjdk.hotspot.jre.full.win32.x86_64_21.0.4.v20240802-1551\jre\bin\javaw.exe
0x00007ffaac730000 - 0x00007ffaac928000 	C:\Windows\SYSTEM32\ntdll.dll
0x00007ffaaae10000 - 0x00007ffaaaecd000 	C:\Windows\System32\KERNEL32.DLL
0x00007ffaa9e40000 - 0x00007ffaaa136000 	C:\Windows\System32\KERNELBASE.dll
0x00007ffaaa550000 - 0x00007ffaaa650000 	C:\Windows\System32\ucrtbase.dll
0x00007ffa89b20000 - 0x00007ffa89b3b000 	C:\Users\localhost29302\Downloads\spring-tool-suite-4-4.25.0.RELEASE-e4.33.0-win32.win32.x86_64\sts-4.25.0.RELEASE\plugins\org.eclipse.justj.openjdk.hotspot.jre.full.win32.x86_64_21.0.4.v20240802-1551\jre\bin\VCRUNTIME140.dll
0x00007ffa8a740000 - 0x00007ffa8a758000 	C:\Users\localhost29302\Downloads\spring-tool-suite-4-4.25.0.RELEASE-e4.33.0-win32.win32.x86_64\sts-4.25.0.RELEASE\plugins\org.eclipse.justj.openjdk.hotspot.jre.full.win32.x86_64_21.0.4.v20240802-1551\jre\bin\jli.dll
0x00007ffaab130000 - 0x00007ffaab2cf000 	C:\Windows\System32\USER32.dll
0x00007ffaa9e10000 - 0x00007ffaa9e32000 	C:\Windows\System32\win32u.dll
0x00007ffa95200000 - 0x00007ffa9549a000 	C:\Windows\WinSxS\amd64_microsoft.windows.common-controls_6595b64144ccf1df_6.0.19041.3636_none_60b6a03d71f818d5\COMCTL32.dll
0x00007ffaaaed0000 - 0x00007ffaaaefb000 	C:\Windows\System32\GDI32.dll
0x00007ffaab070000 - 0x00007ffaab10e000 	C:\Windows\System32\msvcrt.dll
0x00007ffaaa2a0000 - 0x00007ffaaa3b7000 	C:\Windows\System32\gdi32full.dll
0x00007ffaaa6c0000 - 0x00007ffaaa75d000 	C:\Windows\System32\msvcp_win.dll
0x00007ffaaafa0000 - 0x00007ffaaafd2000 	C:\Windows\System32\IMM32.DLL
0x00007ffa8cb50000 - 0x00007ffa8cb5c000 	C:\Users\localhost29302\Downloads\spring-tool-suite-4-4.25.0.RELEASE-e4.33.0-win32.win32.x86_64\sts-4.25.0.RELEASE\plugins\org.eclipse.justj.openjdk.hotspot.jre.full.win32.x86_64_21.0.4.v20240802-1551\jre\bin\vcruntime140_1.dll
0x00007ffa87ae0000 - 0x00007ffa87b6e000 	C:\Users\localhost29302\Downloads\spring-tool-suite-4-4.25.0.RELEASE-e4.33.0-win32.win32.x86_64\sts-4.25.0.RELEASE\plugins\org.eclipse.justj.openjdk.hotspot.jre.full.win32.x86_64_21.0.4.v20240802-1551\jre\bin\msvcp140.dll
0x00007ffa6fee0000 - 0x00007ffa70c68000 	C:\Users\localhost29302\Downloads\spring-tool-suite-4-4.25.0.RELEASE-e4.33.0-win32.win32.x86_64\sts-4.25.0.RELEASE\plugins\org.eclipse.justj.openjdk.hotspot.jre.full.win32.x86_64_21.0.4.v20240802-1551\jre\bin\server\jvm.dll
0x00007ffaac5e0000 - 0x00007ffaac690000 	C:\Windows\System32\ADVAPI32.dll
0x00007ffaaaf00000 - 0x00007ffaaafa0000 	C:\Windows\System32\sechost.dll
0x00007ffaaa970000 - 0x00007ffaaaa93000 	C:\Windows\System32\RPCRT4.dll
0x00007ffaa9de0000 - 0x00007ffaa9e07000 	C:\Windows\System32\bcrypt.dll
0x00007ffaaaff0000 - 0x00007ffaab05b000 	C:\Windows\System32\WS2_32.dll
0x00007ffaa9b90000 - 0x00007ffaa9bdb000 	C:\Windows\SYSTEM32\POWRPROF.dll
0x00007ffa9faf0000 - 0x00007ffa9fb17000 	C:\Windows\SYSTEM32\WINMM.dll
0x00007ffaa04c0000 - 0x00007ffaa04ca000 	C:\Windows\SYSTEM32\VERSION.dll
0x00007ffaa9b70000 - 0x00007ffaa9b82000 	C:\Windows\SYSTEM32\UMPDC.dll
0x00007ffaa7c70000 - 0x00007ffaa7c82000 	C:\Windows\SYSTEM32\kernel.appcore.dll
0x00007ffa9ede0000 - 0x00007ffa9edea000 	C:\Users\localhost29302\Downloads\spring-tool-suite-4-4.25.0.RELEASE-e4.33.0-win32.win32.x86_64\sts-4.25.0.RELEASE\plugins\org.eclipse.justj.openjdk.hotspot.jre.full.win32.x86_64_21.0.4.v20240802-1551\jre\bin\jimage.dll
0x00007ffa985e0000 - 0x00007ffa987c4000 	C:\Windows\SYSTEM32\DBGHELP.DLL
0x00007ffa979f0000 - 0x00007ffa97a24000 	C:\Windows\SYSTEM32\dbgcore.DLL
0x00007ffaaa4c0000 - 0x00007ffaaa542000 	C:\Windows\System32\bcryptPrimitives.dll
0x00007ffaa2110000 - 0x00007ffaa214c000 	C:\Users\localhost29302\Downloads\spring-tool-suite-4-4.25.0.RELEASE-e4.33.0-win32.win32.x86_64\sts-4.25.0.RELEASE\plugins\org.eclipse.justj.openjdk.hotspot.jre.full.win32.x86_64_21.0.4.v20240802-1551\jre\bin\jdwp.dll
0x00007ffa98a90000 - 0x00007ffa98a9f000 	C:\Users\localhost29302\Downloads\spring-tool-suite-4-4.25.0.RELEASE-e4.33.0-win32.win32.x86_64\sts-4.25.0.RELEASE\plugins\org.eclipse.justj.openjdk.hotspot.jre.full.win32.x86_64_21.0.4.v20240802-1551\jre\bin\instrument.dll
0x00007ffa98a50000 - 0x00007ffa98a6f000 	C:\Users\localhost29302\Downloads\spring-tool-suite-4-4.25.0.RELEASE-e4.33.0-win32.win32.x86_64\sts-4.25.0.RELEASE\plugins\org.eclipse.justj.openjdk.hotspot.jre.full.win32.x86_64_21.0.4.v20240802-1551\jre\bin\java.dll
0x00007ffa8a720000 - 0x00007ffa8a738000 	C:\Users\localhost29302\Downloads\spring-tool-suite-4-4.25.0.RELEASE-e4.33.0-win32.win32.x86_64\sts-4.25.0.RELEASE\plugins\org.eclipse.justj.openjdk.hotspot.jre.full.win32.x86_64_21.0.4.v20240802-1551\jre\bin\zip.dll
0x00007ffaabe70000 - 0x00007ffaac5db000 	C:\Windows\System32\SHELL32.dll
0x00007ffaa7e70000 - 0x00007ffaa860e000 	C:\Windows\SYSTEM32\windows.storage.dll
0x00007ffaab9f0000 - 0x00007ffaabd43000 	C:\Windows\System32\combase.dll
0x00007ffaa97a0000 - 0x00007ffaa97ce000 	C:\Windows\SYSTEM32\Wldp.dll
0x00007ffaaa8a0000 - 0x00007ffaaa96d000 	C:\Windows\System32\OLEAUT32.dll
0x00007ffaaaaa0000 - 0x00007ffaaab4d000 	C:\Windows\System32\SHCORE.dll
0x00007ffaac690000 - 0x00007ffaac6e5000 	C:\Windows\System32\shlwapi.dll
0x00007ffaa9d10000 - 0x00007ffaa9d33000 	C:\Windows\SYSTEM32\profapi.dll
0x00007ffaa7430000 - 0x00007ffaa743b000 	C:\Users\localhost29302\Downloads\spring-tool-suite-4-4.25.0.RELEASE-e4.33.0-win32.win32.x86_64\sts-4.25.0.RELEASE\plugins\org.eclipse.justj.openjdk.hotspot.jre.full.win32.x86_64_21.0.4.v20240802-1551\jre\bin\dt_socket.dll
0x00007ffaa9180000 - 0x00007ffaa91bb000 	C:\Windows\SYSTEM32\IPHLPAPI.DLL
0x00007ffaa94a0000 - 0x00007ffaa950a000 	C:\Windows\system32\mswsock.dll
0x00007ffaa91c0000 - 0x00007ffaa928b000 	C:\Windows\SYSTEM32\DNSAPI.dll
0x00007ffaab060000 - 0x00007ffaab068000 	C:\Windows\System32\NSI.dll
0x00007ffaa2660000 - 0x00007ffaa266a000 	C:\Windows\System32\rasadhlp.dll
0x00007ffaa0440000 - 0x00007ffaa04c0000 	C:\Windows\System32\fwpuclnt.dll
0x00007ffa98a40000 - 0x00007ffa98a50000 	C:\Users\localhost29302\Downloads\spring-tool-suite-4-4.25.0.RELEASE-e4.33.0-win32.win32.x86_64\sts-4.25.0.RELEASE\plugins\org.eclipse.justj.openjdk.hotspot.jre.full.win32.x86_64_21.0.4.v20240802-1551\jre\bin\net.dll
0x00007ffaa2bf0000 - 0x00007ffaa2cfa000 	C:\Windows\SYSTEM32\WINHTTP.dll
0x00007ffa8a700000 - 0x00007ffa8a716000 	C:\Users\localhost29302\Downloads\spring-tool-suite-4-4.25.0.RELEASE-e4.33.0-win32.win32.x86_64\sts-4.25.0.RELEASE\plugins\org.eclipse.justj.openjdk.hotspot.jre.full.win32.x86_64_21.0.4.v20240802-1551\jre\bin\nio.dll
0x00007ffa9b9d0000 - 0x00007ffa9b9da000 	C:\Users\localhost29302\Downloads\spring-tool-suite-4-4.25.0.RELEASE-e4.33.0-win32.win32.x86_64\sts-4.25.0.RELEASE\plugins\org.eclipse.justj.openjdk.hotspot.jre.full.win32.x86_64_21.0.4.v20240802-1551\jre\bin\management.dll
0x00007ffa8cb20000 - 0x00007ffa8cb2b000 	C:\Users\localhost29302\Downloads\spring-tool-suite-4-4.25.0.RELEASE-e4.33.0-win32.win32.x86_64\sts-4.25.0.RELEASE\plugins\org.eclipse.justj.openjdk.hotspot.jre.full.win32.x86_64_21.0.4.v20240802-1551\jre\bin\management_ext.dll
0x00007ffaab4e0000 - 0x00007ffaab4e8000 	C:\Windows\System32\PSAPI.DLL
0x00007ffa93990000 - 0x00007ffa939a7000 	C:\Windows\system32\napinsp.dll
0x00007ffa93910000 - 0x00007ffa9392b000 	C:\Windows\system32\pnrpnsp.dll
0x00007ffa93710000 - 0x00007ffa93725000 	C:\Windows\system32\wshbth.dll
0x00007ffaa5760000 - 0x00007ffaa577d000 	C:\Windows\system32\NLAapi.dll
0x00007ffa93180000 - 0x00007ffa93192000 	C:\Windows\System32\winrnr.dll
0x00007ffaa9700000 - 0x00007ffaa9718000 	C:\Windows\SYSTEM32\CRYPTSP.dll
0x00007ffaa8dc0000 - 0x00007ffaa8df4000 	C:\Windows\system32\rsaenh.dll
0x00007ffaa9c90000 - 0x00007ffaa9cbe000 	C:\Windows\SYSTEM32\USERENV.dll
0x00007ffaa96f0000 - 0x00007ffaa96fc000 	C:\Windows\SYSTEM32\CRYPTBASE.dll
0x00007ffa928a0000 - 0x00007ffa928a9000 	C:\Users\localhost29302\Downloads\spring-tool-suite-4-4.25.0.RELEASE-e4.33.0-win32.win32.x86_64\sts-4.25.0.RELEASE\plugins\org.eclipse.justj.openjdk.hotspot.jre.full.win32.x86_64_21.0.4.v20240802-1551\jre\bin\extnet.dll
0x00007ffa93960000 - 0x00007ffa93970000 	C:\Users\localhost29302\Downloads\spring-tool-suite-4-4.25.0.RELEASE-e4.33.0-win32.win32.x86_64\sts-4.25.0.RELEASE\plugins\org.eclipse.justj.openjdk.hotspot.jre.full.win32.x86_64_21.0.4.v20240802-1551\jre\bin\verify.dll
0x00007ffa93560000 - 0x00007ffa9356e000 	C:\Users\localhost29302\Downloads\spring-tool-suite-4-4.25.0.RELEASE-e4.33.0-win32.win32.x86_64\sts-4.25.0.RELEASE\plugins\org.eclipse.justj.openjdk.hotspot.jre.full.win32.x86_64_21.0.4.v20240802-1551\jre\bin\sunmscapi.dll
0x00007ffaaa140000 - 0x00007ffaaa29e000 	C:\Windows\System32\CRYPT32.dll
0x00007ffaa9810000 - 0x00007ffaa9838000 	C:\Windows\SYSTEM32\ncrypt.dll
0x00007ffaa97d0000 - 0x00007ffaa980b000 	C:\Windows\SYSTEM32\NTASN1.dll
0x00007ffa4e5f0000 - 0x00007ffa4e5f7000 	C:\Windows\system32\wshunix.dll

dbghelp: loaded successfully - version: 4.0.5 - missing functions: none
symbol engine: initialized successfully - sym options: 0x614 - pdb path: .;C:\Users\localhost29302\Downloads\spring-tool-suite-4-4.25.0.RELEASE-e4.33.0-win32.win32.x86_64\sts-4.25.0.RELEASE\plugins\org.eclipse.justj.openjdk.hotspot.jre.full.win32.x86_64_21.0.4.v20240802-1551\jre\bin;C:\Windows\SYSTEM32;C:\Windows\WinSxS\amd64_microsoft.windows.common-controls_6595b64144ccf1df_6.0.19041.3636_none_60b6a03d71f818d5;C:\Users\localhost29302\Downloads\spring-tool-suite-4-4.25.0.RELEASE-e4.33.0-win32.win32.x86_64\sts-4.25.0.RELEASE\plugins\org.eclipse.justj.openjdk.hotspot.jre.full.win32.x86_64_21.0.4.v20240802-1551\jre\bin\server

VM Arguments:
jvm_args: -XX:+ShowCodeDetailsInExceptionMessages -agentlib:jdwp=transport=dt_socket,suspend=y,address=localhost:64611 -Dcom.sun.management.jmxremote -Dcom.sun.management.jmxremote.port=64610 -Dcom.sun.management.jmxremote.authenticate=false -Dcom.sun.management.jmxremote.ssl=false -Djava.rmi.server.hostname=localhost -Dspring.jmx.enabled=true -Dmanagement.endpoints.jmx.exposure.include=* -Dspring.application.admin.enabled=true -XX:TieredStopAtLevel=1 -Dspring.boot.project.name=SPA-Board -javaagent:C:\Users\localhost29302\Downloads\spring-tool-suite-4-4.25.0.RELEASE-e4.33.0-win32.win32.x86_64\sts-4.25.0.RELEASE\configuration\org.eclipse.osgi\270\0\.cp\lib\javaagent-shaded.jar -Dfile.encoding=UTF-8 -Dstdout.encoding=UTF-8 -Dstderr.encoding=UTF-8 
java_command: com.jihee.kr.SpaBoardApplication --spring.output.ansi.enabled=always
java_class_path (initial): C:\Users\localhost29302\Documents\workspace-spring-tool-suite-4-4.25.0.RELEASE\SPA-Board\target\classes;C:\Users\localhost29302\.m2\repository\org\springframework\boot\spring-boot-starter-data-jpa\3.3.4\spring-boot-starter-data-jpa-3.3.4.jar;C:\Users\localhost29302\.m2\repository\org\springframework\boot\spring-boot-starter-aop\3.3.4\spring-boot-starter-aop-3.3.4.jar;C:\Users\localhost29302\.m2\repository\org\aspectj\aspectjweaver\1.9.22.1\aspectjweaver-1.9.22.1.jar;C:\Users\localhost29302\.m2\repository\org\springframework\boot\spring-boot-starter-jdbc\3.3.4\spring-boot-starter-jdbc-3.3.4.jar;C:\Users\localhost29302\.m2\repository\com\zaxxer\HikariCP\5.1.0\HikariCP-5.1.0.jar;C:\Users\localhost29302\.m2\repository\org\springframework\spring-jdbc\6.1.13\spring-jdbc-6.1.13.jar;C:\Users\localhost29302\.m2\repository\org\springframework\data\spring-data-jpa\3.3.4\spring-data-jpa-3.3.4.jar;C:\Users\localhost29302\.m2\repository\org\springframework\data\spring-data-commons\3.3.4\spring-data-commons-3.3.4.jar;C:\Users\localhost29302\.m2\repository\org\springframework\spring-orm\6.1.13\spring-orm-6.1.13.jar;C:\Users\localhost29302\.m2\repository\org\springframework\spring-context\6.1.13\spring-context-6.1.13.jar;C:\Users\localhost29302\.m2\repository\org\springframework\spring-tx\6.1.13\spring-tx-6.1.13.jar;C:\Users\localhost29302\.m2\repository\org\springframework\spring-beans\6.1.13\spring-beans-6.1.13.jar;C:\Users\localhost29302\.m2\repository\org\slf4j\slf4j-api\2.0.16\slf4j-api-2.0.16.jar;C:\Users\localhost29302\.m2\repository\org\springframework\spring-aspects\6.1.13\spring-aspects-6.1.13.jar;C:\Users\localhost29302\.m2\repository\org\springframework\boot\spring-boot-starter-web\3.3.4\spring-boot-starter-web-3.3.4.jar;C:\Users\localhost29302\.m2\repository\org\springframework\boot\spring-boot-starter\3.3.4\spring-boot-starter-3.3.4.jar;C:\Users\localhost29302\.m2\repository\org\springframework\boot\spring-boot-starter-logging\3.3.4\spring-boot-starter-logging-3.3.4.jar;C:\Users\localhost29302\.m2\repository\ch\qos\logback\logback-classic\1.5.8\logback-classic-1.5.8.jar;C:\Users\localhost29302\.m2\repository\ch\qos\logback\logback-core\1.5.8\logback-core-1.5.8.jar;C:\Users\localhost29302\.m2\repository\org\apache\logging\log4j\log4j-to-slf4j\2.23.1\log4j-to-slf4j-2.23.1.jar;C:\Users\localhost29302\.m2\repository\org\apache\logging\log4j\log4j-api\2.23.1\log4j-api-2.23.1.jar;C:\Users\localhost29302\.m2\repository\org\slf4j\jul-to-slf4j\2.0.16\jul-to-slf4j-2.0.16.jar;C:\Users\localhost29302\.m2\repository\org\yaml\snakeyaml\2.2\snakeyaml-2.2.jar;C:\Users\localhost29302\.m2\repository\org\springframework\boot\spring-boot-starter-json\3.3.4\spring-boot-starter-json-3.3.4.jar;C:\Users\localhost29302\.m2\repository\com\fasterxml\jackson\core\jackson-databind\2.17.2\jackson-databind-2.17.2.jar;C:\Users\localhost29302\.m2\repository\com\fasterxml\jackson\core\jackson-annotations\2.17.2\jackson-annotations-2.17.2.jar;C:\Users\localhost29302\.m2\repository\com\fasterxml\jackson\core\jackson-core\2.17.2\jackson-core-2.17.2.jar;C:\Users\localhost29302\.m2\repository\com\fasterxml\jackson\datatype\jackson-datatype-jdk8\2.17.2\jackson-datatype-jdk8-2.17.2.jar;C:\Users\localhost29302\.m2\repository\com\fasterxml\jackson\datatype\jackson-datatype-jsr310\2.17.2\jackson-datatype-jsr310-2.17.2.jar;C:\Users\localhost29302\.m2\repository\com\fasterxml\jackson\module\jackson-module-parameter-names\2.17.2\jackson-module-parameter-names-2.17.2.jar;C:\Users\localhost29302\.m2\repository\org\springframework\spring-web\6.1.13\spring-web-6.1.13.jar;C:\Users\localhost29302\.m2\repository\io\micrometer\micrometer-observation\1.13.4\micrometer-observation-1.13.4.jar;C:\Users\localhost29302\.m2\repository\io\micrometer\micrometer-commons\1.13.4\micrometer-commons-1.13.4.jar;C:\Users\localhost29302\.m2\repository\org\springframework\spring-webmvc\6.1.13\spring-webmvc-6.1.13.jar;C:\Users\localhost29302\.m2\repository\org\springframework\spring-expression\6.1.13\spring-expression-6.1.13.jar;C:\Users\localhost29302\.m2\repository\org\springframework\boot\spring-boot-devtools\3.3.4\spring-boot-devtools-3.3.4.jar;C:\Users\localhost29302\.m2\repository\org\springframework\boot\spring-boot\3.3.4\spring-boot-3.3.4.jar;C:\Users\localhost29302\.m2\repository\org\springframework\boot\spring-boot-autoconfigure\3.3.4\spring-boot-autoconfigure-3.3.4.jar;C:\Users\localhost29302\.m2\repository\com\oracle\database\jdbc\ojdbc11\21.9.0.0\ojdbc11-21.9.0.0.jar;C:\Users\localhost29302\.m2\repository\org\projectlombok\lombok\1.18.34\lombok-1.18.34.jar;C:\Users\localhost29302\.m2\repository\org\springframework\boot\spring-boot-starter-tomcat\3.3.4\spring-boot-starter-tomcat-3.3.4.jar;C:\Users\localhost29302\.m2\repository\jakarta\annotation\jakarta.annotation-api\2.1.1\jakarta.annotation-api-2.1.1.jar;C:\Users\localhost29302\.m2\repository\org\apache\tomcat\embed\tomcat-embed-core\10.1.30\tomcat-embed-core-10.1.30.jar;C:\Users\localhost29302\.m2\repository\org\apache\tomcat\embed\tomcat-embed-el\10.1.30\tomcat-embed-el-10.1.30.jar;C:\Users\localhost29302\.m2\repository\org\apache\tomcat\embed\tomcat-embed-websocket\10.1.30\tomcat-embed-websocket-10.1.30.jar;C:\Users\localhost29302\.m2\repository\jakarta\xml\bind\jakarta.xml.bind-api\4.0.2\jakarta.xml.bind-api-4.0.2.jar;C:\Users\localhost29302\.m2\repository\jakarta\activation\jakarta.activation-api\2.1.3\jakarta.activation-api-2.1.3.jar;C:\Users\localhost29302\.m2\repository\org\springframework\spring-core\6.1.13\spring-core-6.1.13.jar;C:\Users\localhost29302\.m2\repository\org\springframework\spring-jcl\6.1.13\spring-jcl-6.1.13.jar;C:\Users\localhost29302\.m2\repository\org\hibernate\orm\hibernate-core\6.5.3.Final\hibernate-core-6.5.3.Final.jar;C:\Users\localhost29302\.m2\repository\jakarta\persistence\jakarta.persistence-api\3.1.0\jakarta.persistence-api-3.1.0.jar;C:\Users\localhost29302\.m2\repository\jakarta\transaction\jakarta.transaction-api\2.0.1\jakarta.transaction-api-2.0.1.jar;C:\Users\localhost29302\.m2\repository\org\jboss\logging\jboss-logging\3.5.3.Final\jboss-logging-3.5.3.Final.jar;C:\Users\localhost29302\.m2\repository\org\hibernate\common\hibernate-commons-annotations\6.0.6.Final\hibernate-commons-annotations-6.0.6.Final.jar;C:\Users\localhost29302\.m2\repository\io\smallrye\jandex\3.1.2\jandex-3.1.2.jar;C:\Users\localhost29302\.m2\repository\com\fasterxml\classmate\1.7.0\classmate-1.7.0.jar;C:\Users\localhost29302\.m2\repository\net\bytebuddy\byte-buddy\1.14.19\byte-buddy-1.14.19.jar;C:\Users\localhost29302\.m2\repository\org\glassfish\jaxb\jaxb-runtime\4.0.5\jaxb-runtime-4.0.5.jar;C:\Users\localhost29302\.m2\repository\org\glassfish\jaxb\jaxb-core\4.0.5\jaxb-core-4.0.5.jar;C:\Users\localhost29302\.m2\repository\org\eclipse\angus\angus-activation\2.0.2\angus-activation-2.0.2.jar;C:\Users\localhost29302\.m2\repository\org\glassfish\jaxb\txw2\4.0.5\txw2-4.0.5.jar;C:\Users\localhost29302\.m2\repository\com\sun\istack\istack-commons-runtime\4.1.2\istack-commons-runtime-4.1.2.jar;C:\Users\localhost29302\.m2\repository\jakarta\inject\jakarta.inject-api\2.0.1\jakarta.inject-api-2.0.1.jar;C:\Users\localhost29302\.m2\repository\org\antlr\antlr4-runtime\4.13.0\antlr4-runtime-4.13.0.jar;C:\Users\localhost29302\.m2\repository\org\springframework\boot\spring-boot-starter-security\3.3.4\spring-boot-starter-security-3.3.4.jar;C:\Users\localhost29302\.m2\repository\org\springframework\spring-aop\6.1.13\spring-aop-6.1.13.jar;C:\Users\localhost29302\.m2\repository\org\springframework\security\spring-security-config\6.3.3\spring-security-config-6.3.3.jar;C:\Users\localhost29302\.m2\repository\org\springframework\security\spring-security-core\6.3.3\spring-security-core-6.3.3.jar;C:\Users\localhost29302\.m2\repository\org\springframework\security\spring-security-web\6.3.3\spring-security-web-6.3.3.jar;C:\Users\localhost29302\.m2\repository\org\springframework\security\spring-security-crypto\6.3.3\spring-security-crypto-6.3.3.jar;C:\Users\localhost29302\.m2\repository\org\springframework\boot\spring-boot-starter-thymeleaf\3.3.4\spring-boot-starter-thymeleaf-3.3.4.jar;C:\Users\localhost29302\.m2\repository\org\thymeleaf\thymeleaf-spring6\3.1.2.RELEASE\thymeleaf-spring6-3.1.2.RELEASE.jar;C:\Users\localhost29302\.m2\repository\org\thymeleaf\thymeleaf\3.1.2.RELEASE\thymeleaf-3.1.2.RELEASE.jar;C:\Users\localhost29302\.m2\repository\org\attoparser\attoparser\2.0.7.RELEASE\attoparser-2.0.7.RELEASE.jar;C:\Users\localhost29302\.m2\repository\org\unbescape\unbescape\1.1.6.RELEASE\unbescape-1.1.6.RELEASE.jar
Launcher Type: SUN_STANDARD

[Global flags]
     intx CICompilerCount                          = 12                                        {product} {ergonomic}
     uint ConcGCThreads                            = 3                                         {product} {ergonomic}
     uint G1ConcRefinementThreads                  = 13                                        {product} {ergonomic}
   size_t G1HeapRegionSize                         = 2097152                                   {product} {ergonomic}
    uintx GCDrainStackTargetSize                   = 64                                        {product} {ergonomic}
   size_t InitialHeapSize                          = 232783872                                 {product} {ergonomic}
     bool ManagementServer                         = true                                      {product} {command line}
   size_t MarkStackSize                            = 4194304                                   {product} {ergonomic}
   size_t MaxHeapSize                              = 3722444800                                {product} {ergonomic}
   size_t MaxNewSize                               = 2233466880                                {product} {ergonomic}
   size_t MinHeapDeltaBytes                        = 2097152                                   {product} {ergonomic}
   size_t MinHeapSize                              = 8388608                                   {product} {ergonomic}
    uintx NonNMethodCodeHeapSize                   = 4096                                   {pd product} {ergonomic}
    uintx NonProfiledCodeHeapSize                  = 0                                      {pd product} {ergonomic}
     bool ProfileInterpreter                       = false                                  {pd product} {command line}
    uintx ProfiledCodeHeapSize                     = 0                                      {pd product} {ergonomic}
     bool ShowCodeDetailsInExceptionMessages       = true                                   {manageable} {command line}
   size_t SoftMaxHeapSize                          = 3722444800                             {manageable} {ergonomic}
     intx TieredStopAtLevel                        = 1                                         {product} {command line}
     bool UseCompressedOops                        = true                           {product lp64_product} {ergonomic}
     bool UseG1GC                                  = true                                      {product} {ergonomic}
     bool UseLargePagesIndividualAllocation        = false                                  {pd product} {ergonomic}

Logging:
Log output configuration:
 #0: stdout all=warning uptime,level,tags foldmultilines=false
 #1: stderr all=off uptime,level,tags foldmultilines=false

Environment Variables:
PATH=C:\Users\localhost29302\Downloads\spring-tool-suite-4-4.25.0.RELEASE-e4.33.0-win32.win32.x86_64\sts-4.25.0.RELEASE\plugins\org.eclipse.justj.openjdk.hotspot.jre.full.win32.x86_64_21.0.4.v20240802-1551\jre\bin;C:/Users/localhost29302/Downloads/spring-tool-suite-4-4.25.0.RELEASE-e4.33.0-win32.win32.x86_64/sts-4.25.0.RELEASE//plugins/org.eclipse.justj.openjdk.hotspot.jre.full.win32.x86_64_21.0.4.v20240802-1551/jre/bin/server;C:/Users/localhost29302/Downloads/spring-tool-suite-4-4.25.0.RELEASE-e4.33.0-win32.win32.x86_64/sts-4.25.0.RELEASE//plugins/org.eclipse.justj.openjdk.hotspot.jre.full.win32.x86_64_21.0.4.v20240802-1551/jre/bin;C:\Program Files\Common Files\Oracle\Java\javapath;C:\oraclexe\app\oracle\product\11.2.0\server\bin;;C:\Windows\system32;C:\Windows;C:\Windows\System32\Wbem;C:\Windows\System32\WindowsPowerShell\v1.0\;C:\Windows\System32\OpenSSH\;C:\Program Files\Bandizip\;C:\Program Files\nodejs\;C:\Program Files\dotnet\;C:\Users\localhost29302\AppData\Local\Microsoft\WindowsApps;C:\Users\localhost29302\AppData\Roaming\npm;C:\Users\localhost29302\AppData\Local\Programs\Microsoft VS Code\bin;C:\Users\localhost29302\Downloads\spring-tool-suite-4-4.25.0.RELEASE-e4.33.0-win32.win32.x86_64\sts-4.25.0.RELEASE;
USERNAME=localhost29302
OS=Windows_NT
PROCESSOR_IDENTIFIER=AMD64 Family 23 Model 104 Stepping 1, AuthenticAMD
TMP=C:\Users\LOCALH~1\AppData\Local\Temp
TEMP=C:\Users\LOCALH~1\AppData\Local\Temp




Periodic native trim disabled

---------------  S Y S T E M  ---------------

OS:
 Windows 10 , 64 bit Build 19041 (10.0.19041.3636)
OS uptime: 2 days 20:56 hours

CPU: total 16 (initial active 16) (16 cores per cpu, 2 threads per core) family 23 model 104 stepping 1 microcode 0x0, cx8, cmov, fxsr, ht, mmx, 3dnowpref, sse, sse2, sse3, ssse3, sse4a, sse4.1, sse4.2, popcnt, lzcnt, tsc, tscinvbit, avx, avx2, aes, clmul, bmi1, bmi2, adx, sha, fma, vzeroupper, clflush, clflushopt, rdtscp, rdpid, f16c
Processor Information for all 16 processors :
  Max Mhz: 1801, Current Mhz: 1801, Mhz Limit: 1801

Memory: 4k page, system-wide physical 14197M (1990M free)
TotalPageFile size 18165M (AvailPageFile size 3526M)
current process WorkingSet (physical memory assigned to process): 280M, peak: 285M
current process commit charge ("private bytes"): 321M, peak: 340M

vm_info: OpenJDK 64-Bit Server VM (21.0.4+7-LTS) for windows-amd64 JRE (21.0.4+7-LTS), built on 2024-07-16T00:00:00Z by "admin" with MS VC++ 17.7 (VS2022)

END.
